

================================================================
== Vivado HLS Report for 'Square_root'
================================================================
* Date:           Thu Apr 20 11:48:48 2017

* Version:        2016.2 (Build 1577090 on Thu Jun 02 16:59:10 MDT 2016)
* Project:        root_explo
* Solution:       solution1
* Product family: artix7
* Target device:  xc7a200tfbg484-1


================================================================
== Performance Estimates
================================================================
+ Timing (ns): 
    * Summary: 
    +--------+-------+----------+------------+
    |  Clock | Target| Estimated| Uncertainty|
    +--------+-------+----------+------------+
    |ap_clk  |  15.00|     15.57|        1.88|
    +--------+-------+----------+------------+

+ Latency (clock cycles): 
    * Summary: 
    +-----+-----+-----+-----+---------+
    |  Latency  |  Interval | Pipeline|
    | min | max | min | max |   Type  |
    +-----+-----+-----+-----+---------+
    |    ?|    ?|    ?|    ?|   none  |
    +-----+-----+-----+-----+---------+

    + Detail: 
        * Instance: 
        +----------------------------+-----------------+-----+-----+-----+-----+---------+
        |                            |                 |  Latency  |  Interval | Pipeline|
        |          Instance          |      Module     | min | max | min | max |   Type  |
        +----------------------------+-----------------+-----+-----+-----+-----+---------+
        |grp_Square_root_dup_fu_452  |Square_root_dup  |    ?|    ?|    ?|    ?|   none  |
        +----------------------------+-----------------+-----+-----+-----+-----+---------+

        * Loop: 
        +----------+-----+-----+----------+-----------+-----------+-------+----------+
        |          |  Latency  | Iteration|  Initiation Interval  |  Trip |          |
        | Loop Name| min | max |  Latency |  achieved |   target  | Count | Pipelined|
        +----------+-----+-----+----------+-----------+-----------+-------+----------+
        |- Loop 1  |    ?|    ?|         4|          -|          -|      ?|    no    |
        |- Loop 2  |    ?|    ?|        36|          -|          -|      ?|    no    |
        |- Loop 3  |    1|    9|         1|          -|          -| 1 ~ 9 |    no    |
        |- Loop 4  |    1|    4|         1|          -|          -| 1 ~ 4 |    no    |
        |- Loop 5  |    ?|    ?|         ?|          -|          -|      ?|    no    |
        |- Loop 6  |    ?|    ?|        10|          -|          -|      ?|    no    |
        +----------+-----+-----+----------+-----------+-----------+-------+----------+



================================================================
== Utilization Estimates
================================================================
* Summary: 
+-----------------+---------+-------+--------+--------+
|       Name      | BRAM_18K| DSP48E|   FF   |   LUT  |
+-----------------+---------+-------+--------+--------+
|DSP              |        -|      1|       -|       -|
|Expression       |        -|      5|       0|    1689|
|FIFO             |        -|      -|       -|       -|
|Instance         |        0|     27|    2097|    3002|
|Memory           |        1|      -|      64|      10|
|Multiplexer      |        -|      -|       -|     769|
|Register         |        -|      -|    1530|       -|
+-----------------+---------+-------+--------+--------+
|Total            |        1|     33|    3691|    5470|
+-----------------+---------+-------+--------+--------+
|Available        |      730|    740|  269200|  129000|
+-----------------+---------+-------+--------+--------+
|Utilization (%)  |    ~0   |      4|       1|       4|
+-----------------+---------+-------+--------+--------+

+ Detail: 
    * Instance: 
    +-----------------------------------------+-------------------------------------+---------+-------+-----+------+
    |                 Instance                |                Module               | BRAM_18K| DSP48E|  FF |  LUT |
    +-----------------------------------------+-------------------------------------+---------+-------+-----+------+
    |grp_Square_root_dup_fu_452               |Square_root_dup                      |        0|     11|  821|  1097|
    |Square_root_fdiv_32ns_32ns_32_10_U6      |Square_root_fdiv_32ns_32ns_32_10     |        0|      0|  460|   801|
    |Square_root_mul_32s_34ns_65_3_U8         |Square_root_mul_32s_34ns_65_3        |        0|      4|    0|     0|
    |Square_root_mul_34ns_32s_65_3_U10        |Square_root_mul_34ns_32s_65_3        |        0|      4|    0|     0|
    |Square_root_mul_34ns_32s_65_3_U13        |Square_root_mul_34ns_32s_65_3        |        0|      4|    0|     0|
    |Square_root_mul_34ns_32s_65_3_U14        |Square_root_mul_34ns_32s_65_3        |        0|      4|    0|     0|
    |Square_root_sdiv_17s_6ns_17_21_seq_U11   |Square_root_sdiv_17s_6ns_17_21_seq   |        0|      0|  136|   161|
    |Square_root_sitofp_32ns_32_4_U7          |Square_root_sitofp_32ns_32_4         |        0|      0|  168|   335|
    |Square_root_srem_32ns_5ns_6_36_seq_U9    |Square_root_srem_32ns_5ns_6_36_seq   |        0|      0|  256|   304|
    |Square_root_udiv_32ns_5ns_32_36_seq_U12  |Square_root_udiv_32ns_5ns_32_36_seq  |        0|      0|  256|   304|
    +-----------------------------------------+-------------------------------------+---------+-------+-----+------+
    |Total                                    |                                     |        0|     27| 2097|  3002|
    +-----------------------------------------+-------------------------------------+---------+-------+-----+------+

    * DSP48: 
    +----------------------------------------------+------------------------------------------+--------------+
    |                   Instance                   |                  Module                  |  Expression  |
    +----------------------------------------------+------------------------------------------+--------------+
    |Square_root_mac_mulsub_4ns_4ns_12ns_12_1_U15  |Square_root_mac_mulsub_4ns_4ns_12ns_12_1  | i0 - i1 * i1 |
    +----------------------------------------------+------------------------------------------+--------------+

    * Memory: 
    +--------+------------------+---------+----+----+------+-----+------+-------------+
    | Memory |      Module      | BRAM_18K| FF | LUT| Words| Bits| Banks| W*Bits*Banks|
    +--------+------------------+---------+----+----+------+-----+------+-------------+
    |h_U     |Square_root_h     |        1|   0|   0|   100|    8|     1|          800|
    |remy_U  |Square_root_remy  |        0|  64|  10|    20|   32|     1|          640|
    +--------+------------------+---------+----+----+------+-----+------+-------------+
    |Total   |                  |        1|  64|  10|   120|   40|     2|         1440|
    +--------+------------------+---------+----+----+------+-----+------+-------------+

    * FIFO: 
    N/A

    * Expression: 
    +------------------------+----------+-------+---+----+------------+------------+
    |      Variable Name     | Operation| DSP48E| FF| LUT| Bitwidth P0| Bitwidth P1|
    +------------------------+----------+-------+---+----+------------+------------+
    |tmp_25_fu_850_p2        |     *    |      1|  0|   4|           3|           3|
    |tmp_27_fu_778_p2        |     *    |      1|  0|   6|           4|           4|
    |tmp_33_fu_1113_p2       |     *    |      1|  0|   0|           4|          17|
    |tmp_51_fu_1308_p2       |     *    |      2|  0|   1|          31|           4|
    |Ny_fu_983_p2            |     +    |      0|  0|  22|          22|          22|
    |a_1_fu_799_p2           |     +    |      0|  0|   4|           4|           2|
    |a_5_fu_871_p2           |     +    |      0|  0|   3|           3|           2|
    |a_6_fu_1030_p2          |     +    |      0|  0|  16|          17|          17|
    |a_7_fu_1249_p2          |     +    |      0|  0|  32|           2|          32|
    |a_8_fu_1302_p2          |     +    |      0|  0|  16|          32|          32|
    |i_3_fu_865_p2           |     +    |      0|  0|   3|           3|           1|
    |i_4_fu_1544_p2          |     +    |      0|  0|  31|          31|           1|
    |i_fu_793_p2             |     +    |      0|  0|   4|           4|           1|
    |k_2_fu_820_p2           |     +    |      0|  0|   3|           3|           1|
    |k_3_fu_1239_p2          |     +    |      0|  0|  32|           1|          32|
    |k_4_fu_1176_p2          |     +    |      0|  0|  32|           2|          32|
    |len2_1_fu_673_p2        |     +    |      0|  0|  32|           2|          32|
    |len_fu_486_p2           |     +    |      0|  0|  32|          32|           1|
    |new_temp_fu_1219_p2     |     +    |      0|  0|  16|          32|          32|
    |remainder_3_fu_1509_p2  |     +    |      0|  0|  32|          32|          32|
    |t_1_fu_1334_p2          |     +    |      0|  0|  32|           1|          32|
    |t_2_fu_1165_p2          |     +    |      0|  0|  32|           2|          32|
    |temp_1_fu_710_p2        |     +    |      0|  0|   9|           9|           7|
    |temp_2_fu_943_p2        |     +    |      0|  0|  16|          16|          16|
    |temp_fu_762_p2          |     +    |      0|  0|  16|          12|          12|
    |tmp10_fu_1297_p2        |     +    |      0|  0|  16|          32|          32|
    |tmp2_fu_746_p2          |     +    |      0|  0|  16|          12|          12|
    |tmp3_fu_752_p2          |     +    |      0|  0|  11|          11|          11|
    |tmp5_fu_927_p2          |     +    |      0|  0|  16|          16|          16|
    |tmp6_fu_933_p2          |     +    |      0|  0|   9|           9|           7|
    |tmp7_fu_1024_p2         |     +    |      0|  0|  16|          17|          17|
    |tmp8_fu_1203_p2         |     +    |      0|  0|  32|          32|          32|
    |tmp9_fu_1209_p2         |     +    |      0|  0|   9|           7|           9|
    |tmp_15_fu_684_p2        |     +    |      0|  0|  32|          32|           2|
    |tmp_17_fu_695_p2        |     +    |      0|  0|  32|          32|           2|
    |tmp_20_fu_662_p2        |     +    |      0|  0|   6|           6|           6|
    |tmp_30_fu_809_p2        |     +    |      0|  0|   2|           2|           2|
    |tmp_37_fu_1142_p2       |     +    |      0|  0|  32|          32|           3|
    |tmp_56_fu_1482_p2       |     +    |      0|  0|  32|          32|           3|
    |tmp_58_fu_1524_p2       |     +    |      0|  0|  32|          32|          32|
    |neg_mul1_fu_1387_p2     |     -    |      0|  0|  65|           1|          65|
    |neg_mul2_fu_1430_p2     |     -    |      0|  0|  65|           1|          65|
    |neg_mul7_fu_615_p2      |     -    |      0|  0|  65|           1|          65|
    |neg_mul_fu_524_p2       |     -    |      0|  0|  65|           1|          65|
    |neg_ti1_fu_644_p2       |     -    |      0|  0|  32|           1|          32|
    |neg_ti2_fu_1417_p2      |     -    |      0|  0|  29|           1|          29|
    |neg_ti3_fu_1459_p2      |     -    |      0|  0|  32|           1|          32|
    |neg_ti_fu_553_p2        |     -    |      0|  0|  32|           1|          32|
    |p_neg_fu_1056_p2        |     -    |      0|  0|  32|           1|          32|
    |p_neg_t_fu_1076_p2      |     -    |      0|  0|  32|           1|          32|
    |remainder_1_fu_1131_p2  |     -    |      0|  0|  23|          23|          23|
    |remainder_2_fu_1320_p2  |     -    |      0|  0|  32|          32|          32|
    |temp2_1_fu_1225_p2      |     -    |      0|  0|  16|          32|          32|
    |tmp_40_fu_1530_p2       |     -    |      0|  0|  32|          32|          32|
    |slt_fu_992_p2           |   icmp   |      0|  0|   8|          22|          22|
    |tmp_11_fu_566_p2        |   icmp   |      0|  0|  11|          32|           1|
    |tmp_23_fu_844_p2        |   icmp   |      0|  0|   2|           3|           3|
    |tmp_24_fu_772_p2        |   icmp   |      0|  0|   2|           4|           4|
    |tmp_26_fu_860_p2        |   icmp   |      0|  0|   3|           9|           9|
    |tmp_28_fu_788_p2        |   icmp   |      0|  0|   5|          12|          12|
    |tmp_38_fu_1160_p2       |   icmp   |      0|  0|  11|          32|          32|
    |tmp_46_fu_1539_p2       |   icmp   |      0|  0|  11|          32|          32|
    |tmp_47_fu_1476_p2       |   icmp   |      0|  0|  10|          29|          29|
    |tmp_48_fu_1267_p2       |   icmp   |      0|  0|  11|          32|           4|
    |tmp_fu_480_p2           |   icmp   |      0|  0|  11|          32|           1|
    |n_1_fu_559_p3           |  select  |      0|  0|  32|           1|          32|
    |p_6_fu_1273_p3          |  select  |      0|  0|  32|           1|           4|
    |p_s_fu_1004_p3          |  select  |      0|  0|  17|           1|           4|
    |p_v_v_fu_1410_p3        |  select  |      0|  0|  29|           1|          29|
    |size_of_a_fu_1096_p3    |  select  |      0|  0|  32|           1|          32|
    |tmp_22_fu_650_p3        |  select  |      0|  0|  32|           1|          32|
    |tmp_45_fu_546_p3        |  select  |      0|  0|  32|           1|          32|
    |tmp_60_fu_637_p3        |  select  |      0|  0|  32|           1|          32|
    |tmp_71_fu_1423_p3       |  select  |      0|  0|  29|           1|          29|
    |tmp_74_fu_1452_p3       |  select  |      0|  0|  32|           1|          32|
    |vr2_fu_1465_p3          |  select  |      0|  0|  32|           1|          32|
    |rev_fu_998_p2           |    xor   |      0|  0|   2|           1|           2|
    +------------------------+----------+-------+---+----+------------+------------+
    |Total                   |          |      5|  0|1689|         988|        1594|
    +------------------------+----------+-------+---+----+------------+------------+

    * Multiplexer: 
    +------------------------+-----+-----------+-----+-----------+
    |          Name          | LUT | Input Size| Bits| Total Bits|
    +------------------------+-----+-----------+-----+-----------+
    |a_2_reg_343             |    4|          2|    4|          8|
    |a_3_reg_385             |    4|          4|    4|         16|
    |a_4_fu_138              |   32|          4|   32|        128|
    |a_reg_331               |    4|          2|    4|          8|
    |ans_local_reg_430       |   32|          2|   32|         64|
    |ap_NS_fsm               |  294|        128|    1|        128|
    |h_address0              |    7|          6|    7|         42|
    |h_address1              |    7|          5|    7|         35|
    |h_d0                    |    8|          3|    8|         24|
    |i_1_reg_374             |    3|          2|    3|          6|
    |i_2_reg_441             |   31|          2|   31|         62|
    |k_1_fu_146              |   32|          3|   32|         96|
    |k_phi_fu_360_p8         |    1|          2|    1|          2|
    |len1_reg_320            |   32|          2|   32|         64|
    |len2_reg_298            |   32|          2|   32|         64|
    |n1_reg_289              |   32|          2|   32|         64|
    |num_o                   |   32|          2|   32|         64|
    |remainder_4_fu_142      |   32|          3|   32|         96|
    |remy_address0           |   10|          8|    5|         40|
    |remy_d0                 |   32|          6|   32|        192|
    |size_of_a_0_in_reg_415  |   32|          2|   32|         64|
    |t_fu_150                |   32|          3|   32|         96|
    |temp2_reg_402           |   12|          2|   12|         24|
    |tmp_s_reg_310           |   32|          2|   32|         64|
    +------------------------+-----+-----------+-----+-----------+
    |Total                   |  769|        199|  471|       1451|
    +------------------------+-----+-----------+-----+-----------+

    * Register: 
    +--------------------------------------------+-----+----+-----+-----------+
    |                    Name                    |  FF | LUT| Bits| Const Bits|
    +--------------------------------------------+-----+----+-----+-----------+
    |a_2_reg_343                                 |    4|   0|    4|          0|
    |a_3_reg_385                                 |    4|   0|    4|          0|
    |a_4_fu_138                                  |   32|   0|   32|          0|
    |a_7_reg_1839                                |   32|   0|   32|          0|
    |a_reg_331                                   |    4|   0|    4|          0|
    |ans_local_reg_430                           |   32|   0|   32|          0|
    |ap_CS_fsm                                   |  127|   0|  127|          0|
    |ap_reg_grp_Square_root_dup_fu_452_ap_start  |    1|   0|    1|          0|
    |divisor_cast1_reg_1751                      |    4|   0|   17|         13|
    |divisor_cast_reg_1778                       |    4|   0|   32|         28|
    |divisor_reg_1746                            |    4|   0|    5|          1|
    |h_load_reg_1647                             |    8|   0|    8|          0|
    |i_1_reg_374                                 |    3|   0|    3|          0|
    |i_2_reg_441                                 |   31|   0|   31|          0|
    |i_4_reg_1919                                |   31|   0|   31|          0|
    |k_1_fu_146                                  |   32|   0|   32|          0|
    |k_1_load_reg_1795                           |   32|   0|   32|          0|
    |k_4_reg_1819                                |   32|   0|   32|          0|
    |k_reg_356                                   |    1|   0|    2|          1|
    |len1_reg_320                                |   32|   0|   32|          0|
    |len2_reg_298                                |   32|   0|   32|          0|
    |len_reg_1570                                |   32|   0|   32|          0|
    |mul1_reg_1877                               |   65|   0|   65|          0|
    |mul2_reg_1888                               |   65|   0|   65|          0|
    |mul6_reg_1622                               |   65|   0|   65|          0|
    |mul_reg_1593                                |   65|   0|   65|          0|
    |n1_reg_289                                  |   32|   0|   32|          0|
    |n_reg_1561                                  |   32|   0|   32|          0|
    |p_6_reg_1851                                |   32|   0|   32|          0|
    |p_s_reg_1768                                |   17|   0|   17|          0|
    |reg_474                                     |   32|   0|   32|          0|
    |remainder_2_reg_1861                        |   32|   0|   32|          0|
    |remainder_4_fu_142                          |   32|   0|   32|          0|
    |remy_addr_2_reg_1814                        |    5|   0|    5|          0|
    |remy_addr_4_reg_1901                        |    5|   0|    5|          0|
    |size_of_a_0_in_reg_415                      |   32|   0|   32|          0|
    |size_of_a_reg_1773                          |   32|   0|   32|          0|
    |t_2_reg_1809                                |   32|   0|   32|          0|
    |t_fu_150                                    |   32|   0|   32|          0|
    |t_load_2_reg_1803                           |   32|   0|   32|          0|
    |temp2_1_reg_1829                            |   32|   0|   32|          0|
    |temp2_reg_402                               |   12|   0|   12|          0|
    |temp_1_cast_reg_1663                        |   12|   0|   12|          0|
    |temp_1_reg_1658                             |    9|   0|    9|          0|
    |temp_2_reg_1757                             |   16|   0|   16|          0|
    |temp_reg_1669                               |   12|   0|   12|          0|
    |tmp_22_reg_1632                             |   32|   0|   32|          0|
    |tmp_32_reg_1589                             |    1|   0|    1|          0|
    |tmp_36_reg_1583                             |    1|   0|    1|          0|
    |tmp_37_reg_1785                             |   32|   0|   32|          0|
    |tmp_40_reg_1911                             |   32|   0|   32|          0|
    |tmp_49_reg_1598                             |   29|   0|   29|          0|
    |tmp_50_reg_1790                             |    4|   0|   31|         27|
    |tmp_65_reg_1616                             |    1|   0|    1|          0|
    |tmp_67_reg_1627                             |   29|   0|   29|          0|
    |tmp_77_reg_1835                             |    1|   0|    1|          0|
    |tmp_80_reg_1882                             |   29|   0|   29|          0|
    |tmp_81_reg_1845                             |    1|   0|    1|          0|
    |tmp_83_reg_1893                             |   29|   0|   29|          0|
    |tmp_87_reg_1856                             |   31|   0|   31|          0|
    |tmp_s_reg_310                               |   32|   0|   32|          0|
    +--------------------------------------------+-----+----+-----+-----------+
    |Total                                       | 1530|   0| 1600|         70|
    +--------------------------------------------+-----+----+-----+-----------+



================================================================
== Interface
================================================================
* Summary: 
+--------------+-----+-----+------------+--------------+--------------+
|   RTL Ports  | Dir | Bits|  Protocol  | Source Object|    C Type    |
+--------------+-----+-----+------------+--------------+--------------+
|ap_clk        |  in |    1| ap_ctrl_hs |  Square_root | return value |
|ap_rst        |  in |    1| ap_ctrl_hs |  Square_root | return value |
|ap_start      |  in |    1| ap_ctrl_hs |  Square_root | return value |
|ap_done       | out |    1| ap_ctrl_hs |  Square_root | return value |
|ap_idle       | out |    1| ap_ctrl_hs |  Square_root | return value |
|ap_ready      | out |    1| ap_ctrl_hs |  Square_root | return value |
|num_i         |  in |   32|   ap_ovld  |      num     |    pointer   |
|num_o         | out |   32|   ap_ovld  |      num     |    pointer   |
|num_o_ap_vld  | out |    1|   ap_ovld  |      num     |    pointer   |
|ans           | out |   32|   ap_vld   |      ans     |    pointer   |
|ans_ap_vld    | out |    1|   ap_vld   |      ans     |    pointer   |
+--------------+-----+-----+------------+--------------+--------------+

