@I [HLS-0] Workspace /root/square_explo/solution1 opened at Thu Apr 20 11:45:40 IST 2017
@I [HLS-100] Command "config_clock -quiet -name default -period 10 -default=false "
@I [SYN-201] Setting up clock 'default' with a period of 10ns.
@I [HLS-100] Command 'config_clock' returned 0; elapsed 0Total elapsed time: 0.155 sec.
@I [HLS-100] Command "open_platform DefaultPlatform "
@I [HLS-100] Command 'open_platform' returned 0; elapsed 0Total elapsed time: 0.156 sec.
@I [HLS-100] Command "import_lib /home/vivado/Vivado_HLS/2016.2/common/technology/xilinx/artix7/artix7 "
@I [HLS-100] Command "source /home/vivado/Vivado_HLS/2016.2/common/technology/xilinx/common/xilinx.lib "
@I [HLS-100] Command "source /home/vivado/Vivado_HLS/2016.2/common/technology/xilinx/interface/xilinx_interface.lib "
@I [HLS-100] Command "source /home/vivado/Vivado_HLS/2016.2/common/technology/xilinx/interface/plb46.lib "
@I [HLS-100] Command 'ap_source' returned 0; elapsed 0Total elapsed time: 0.156 sec.
@I [HLS-100] Command "source /home/vivado/Vivado_HLS/2016.2/common/technology/xilinx/interface/fsl.lib "
@I [HLS-100] Command 'ap_source' returned 0; elapsed 0Total elapsed time: 0.157 sec.
@I [HLS-100] Command "source /home/vivado/Vivado_HLS/2016.2/common/technology/xilinx/interface/axi4.lib "
@I [HLS-100] Command 'ap_source' returned 0; elapsed 0Total elapsed time: 0.157 sec.
@I [HLS-100] Command "source /home/vivado/Vivado_HLS/2016.2/common/technology/xilinx/interface/maxi.lib "
@I [HLS-100] Command 'ap_source' returned 0; elapsed 0Total elapsed time: 0.157 sec.
@I [HLS-100] Command "source /home/vivado/Vivado_HLS/2016.2/common/technology/xilinx/interface/saxilite.lib "
@I [HLS-100] Command 'ap_source' returned 0; elapsed 0Total elapsed time: 0.157 sec.
@I [HLS-100] Command 'ap_source' returned 0; elapsed 0Total elapsed time: 0.157 sec.
@I [HLS-100] Command "source /home/vivado/Vivado_HLS/2016.2/common/technology/xilinx/common/dsp48.lib "
@I [HLS-100] Command 'ap_source' returned 0; elapsed 0Total elapsed time: 0.157 sec.
@I [HLS-100] Command "source /home/vivado/Vivado_HLS/2016.2/common/technology/xilinx/ip/xfir.lib "
@I [HLS-100] Command 'ap_source' returned 0; elapsed 0Total elapsed time: 0.158 sec.
@I [HLS-100] Command "source /home/vivado/Vivado_HLS/2016.2/common/technology/xilinx/ip/xfft.lib "
@I [HLS-100] Command 'ap_source' returned 0; elapsed 0Total elapsed time: 0.158 sec.
@I [HLS-100] Command "source /home/vivado/Vivado_HLS/2016.2/common/technology/xilinx/ip/dds_compiler.lib "
@I [HLS-100] Command 'ap_source' returned 0; elapsed 0Total elapsed time: 0.158 sec.
@I [HLS-100] Command 'ap_source' returned 0; elapsed 0Total elapsed time: 0.159 sec.
@I [HLS-100] Command "source /home/vivado/Vivado_HLS/2016.2/common/technology/xilinx/common/xilinx_old.lib "
@I [HLS-100] Command 'ap_source' returned 0; elapsed 0Total elapsed time: 0.160 sec.
@I [HLS-100] Command "source /home/vivado/Vivado_HLS/2016.2/common/technology/xilinx/common/xilinx_vivado.lib "
@I [HLS-100] Command 'ap_source' returned 0; elapsed 0Total elapsed time: 0.161 sec.
@I [HLS-100] Command "source /home/vivado/Vivado_HLS/2016.2/common/technology/xilinx/common/xilinx.hlp "
@I [HLS-100] Command "source /home/vivado/Vivado_HLS/2016.2/common/technology/xilinx/common/target_info.tcl "
@I [HLS-100] Command 'ap_source' returned 0; elapsed 0Total elapsed time: 0.162 sec.
@I [HLS-100] Command "source /home/vivado/Vivado_HLS/2016.2/common/technology/xilinx/interface/xilinx_interface.hlp "
@I [HLS-100] Command "source /home/vivado/Vivado_HLS/2016.2/common/technology/xilinx/interface/maxi.hlp "
@I [HLS-100] Command 'ap_source' returned 0; elapsed 0Total elapsed time: 0.162 sec.
@I [HLS-100] Command "source /home/vivado/Vivado_HLS/2016.2/common/technology/xilinx/interface/saxilite.hlp "
@I [HLS-100] Command 'ap_source' returned 0; elapsed 0Total elapsed time: 0.163 sec.
@I [HLS-100] Command 'ap_source' returned 0; elapsed 0Total elapsed time: 0.163 sec.
@I [HLS-100] Command "source /home/vivado/Vivado_HLS/2016.2/common/technology/xilinx/common/dsp48.hlp "
@I [HLS-100] Command 'ap_source' returned 0; elapsed 0Total elapsed time: 0.163 sec.
@I [HLS-100] Command 'ap_source' returned 0; elapsed 0Total elapsed time: 0.163 sec.
@I [HLS-100] Command "source /home/vivado/Vivado_HLS/2016.2/common/technology/xilinx/artix7/dsp48e1.hlp "
@I [HLS-100] Command 'ap_source' returned 0; elapsed 0Total elapsed time: 0.164 sec.
@I [HLS-100] Command "get_default_platform "
@I [HLS-100] Command 'get_default_platform' returned 0; elapsed 0Total elapsed time: 0.164 sec.
@I [HLS-100] Command "config_chip_info -quiet -resource  {SLICE 15850} {LUT 63400}     {FF 126800} {DSP48E 240}    {BRAM 270}  "
@I [HLS-100] Command 'config_chip_info' returned 0; elapsed 0Total elapsed time: 0.164 sec.
@I [HLS-100] Command "config_chip_info -quiet -speed medium "
@I [HLS-100] Command 'config_chip_info' returned 0; elapsed 0Total elapsed time: 0.164 sec.
@I [HLS-100] Command 'import_lib' returned 0; elapsed 0Total elapsed time: 0.165 sec.
@I [HLS-100] Command "source /home/vivado/Vivado_HLS/2016.2/common/technology/xilinx/artix7/artix7.gen "
@I [HLS-100] Command "source /home/vivado/Vivado_HLS/2016.2/common/technology/xilinx/common/virtex.gen "
@I [HLS-100] Command "source /home/vivado/Vivado_HLS/2016.2/common/technology/xilinx/common/xilinx.gen "
@I [HLS-100] Command "source /home/vivado/Vivado_HLS/2016.2/common/technology/xilinx/interface/plb46.gen "
@I [HLS-100] Command 'ap_source' returned 0; elapsed 0.01Total elapsed time: 0.166 sec.
@I [HLS-100] Command "source /home/vivado/Vivado_HLS/2016.2/common/technology/xilinx/interface/fsl.gen "
@I [HLS-100] Command 'ap_source' returned 0; elapsed 0Total elapsed time: 0.166 sec.
@I [HLS-100] Command "source /home/vivado/Vivado_HLS/2016.2/common/technology/xilinx/interface/axi4.gen "
@I [HLS-100] Command 'ap_source' returned 0; elapsed 0Total elapsed time: 0.168 sec.
@I [HLS-100] Command "source /home/vivado/Vivado_HLS/2016.2/common/technology/xilinx/interface/nativeAXI4.gen "
@I [HLS-100] Command "source /home/vivado/Vivado_HLS/2016.2/common/technology/xilinx/interface/saxilite.gen "
@I [HLS-100] Command 'ap_source' returned 0; elapsed 0Total elapsed time: 0.170 sec.
@I [HLS-100] Command "source /home/vivado/Vivado_HLS/2016.2/common/technology/xilinx/interface/maxi.gen "
@I [HLS-100] Command 'ap_source' returned 0; elapsed 0Total elapsed time: 0.174 sec.
@I [HLS-100] Command 'ap_source' returned 0; elapsed 0Total elapsed time: 0.174 sec.
@I [HLS-100] Command "source /home/vivado/Vivado_HLS/2016.2/common/technology/xilinx/scripts/xilinxcoregen.gen "
@I [HLS-100] Command 'ap_source' returned 0; elapsed 0.01Total elapsed time: 0.179 sec.
@I [HLS-100] Command "source /home/vivado/Vivado_HLS/2016.2/common/technology/xilinx/interface/XilEDKCoreGen.gen "
@I [HLS-100] Command 'ap_source' returned 0; elapsed 0Total elapsed time: 0.184 sec.
@I [HLS-100] Command "source /home/vivado/Vivado_HLS/2016.2/common/technology/xilinx/ip/xfft.gen "
@I [HLS-100] Command 'ap_source' returned 0; elapsed 0.07Total elapsed time: 0.244 sec.
@I [HLS-100] Command "source /home/vivado/Vivado_HLS/2016.2/common/technology/xilinx/ip/xfir.gen "
@I [HLS-100] Command 'ap_source' returned 0; elapsed 0Total elapsed time: 0.245 sec.
@I [HLS-100] Command "source /home/vivado/Vivado_HLS/2016.2/common/technology/xilinx/ip/dds_compiler.gen "
@I [HLS-100] Command 'ap_source' returned 0; elapsed 0Total elapsed time: 0.247 sec.
@I [HLS-100] Command "source /home/vivado/Vivado_HLS/2016.2/common/technology/xilinx/ip/util.gen "
@I [HLS-100] Command 'ap_source' returned 0; elapsed 0Total elapsed time: 0.247 sec.
@I [HLS-100] Command 'ap_source' returned 0; elapsed 0.09Total elapsed time: 0.247 sec.
@I [HLS-100] Command "source /home/vivado/Vivado_HLS/2016.2/common/technology/xilinx/common/dsp48.gen "
@I [HLS-100] Command 'ap_source' returned 0; elapsed 0Total elapsed time: 0.248 sec.
@I [HLS-100] Command 'ap_source' returned 0; elapsed 0.09Total elapsed time: 0.248 sec.
@I [HLS-100] Command 'ap_source' returned 0; elapsed 0.09Total elapsed time: 0.248 sec.
@I [HLS-100] Command "open_platform DefaultPlatform "
@I [HLS-100] Command 'open_platform' returned 0; elapsed 0Total elapsed time: 0.248 sec.
@I [HLS-100] Command "import_lib /home/vivado/Vivado_HLS/2016.2/common/technology/xilinx/artix7/artix7_fpv6 "
@I [HLS-100] Command "source /home/vivado/Vivado_HLS/2016.2/common/technology/xilinx/common/xilinx_fpv7.lib "
@I [HLS-100] Command "source /home/vivado/Vivado_HLS/2016.2/common/technology/xilinx/common/xilinx_hp.lib "
@I [HLS-100] Command 'ap_source' returned 0; elapsed 0Total elapsed time: 0.249 sec.
@I [HLS-100] Command 'ap_source' returned 0; elapsed 0.01Total elapsed time: 0.250 sec.
@I [HLS-100] Command "source /home/vivado/Vivado_HLS/2016.2/common/technology/xilinx/common/xilinx_fpv.hlp "
@I [HLS-100] Command "source /home/vivado/Vivado_HLS/2016.2/common/technology/xilinx/common/xilinx.hlp "
@I [HLS-100] Command "source /home/vivado/Vivado_HLS/2016.2/common/technology/xilinx/common/target_info.tcl "
@I [HLS-100] Command 'ap_source' returned 0; elapsed 0Total elapsed time: 0.254 sec.
@I [HLS-100] Command "source /home/vivado/Vivado_HLS/2016.2/common/technology/xilinx/interface/xilinx_interface.hlp "
@I [HLS-100] Command "source /home/vivado/Vivado_HLS/2016.2/common/technology/xilinx/interface/maxi.hlp "
@I [HLS-100] Command 'ap_source' returned 0; elapsed 0Total elapsed time: 0.254 sec.
@I [HLS-100] Command "source /home/vivado/Vivado_HLS/2016.2/common/technology/xilinx/interface/saxilite.hlp "
@I [HLS-100] Command 'ap_source' returned 0; elapsed 0Total elapsed time: 0.255 sec.
@I [HLS-100] Command 'ap_source' returned 0; elapsed 0Total elapsed time: 0.255 sec.
@I [HLS-100] Command "source /home/vivado/Vivado_HLS/2016.2/common/technology/xilinx/common/dsp48.hlp "
@I [HLS-100] Command 'ap_source' returned 0; elapsed 0Total elapsed time: 0.255 sec.
@I [HLS-100] Command 'ap_source' returned 0; elapsed 0Total elapsed time: 0.255 sec.
@I [HLS-100] Command 'ap_source' returned 0; elapsed 0Total elapsed time: 0.256 sec.
@I [HLS-100] Command "source /home/vivado/Vivado_HLS/2016.2/common/technology/xilinx/artix7/artix7_hp.hlp "
@I [HLS-100] Command 'ap_source' returned 0; elapsed 0Total elapsed time: 0.256 sec.
@I [HLS-100] Command 'import_lib' returned 0; elapsed 0.02Total elapsed time: 0.259 sec.
@I [HLS-100] Command "source /home/vivado/Vivado_HLS/2016.2/common/technology/xilinx/artix7/artix7_fpv6.gen "
@I [HLS-100] Command "source /home/vivado/Vivado_HLS/2016.2/common/technology/xilinx/common/xilinx_fpv6.gen "
@I [HLS-100] Command 'ap_source' returned 0; elapsed 0Total elapsed time: 0.260 sec.
@I [HLS-100] Command 'ap_source' returned 0; elapsed 0Total elapsed time: 0.260 sec.
@I [HLS-100] Command "set_part xc7a200tfbg484-1 "
@I [HLS-100] Command "add_library xilinx/artix7/artix7:xc7a200t:fbg484:-1 "
@I [HLS-100] Command "get_default_platform "
@I [HLS-100] Command 'get_default_platform' returned 0; elapsed 0Total elapsed time: 0.262 sec.
@I [HLS-100] Command "license_isbetapart xc7a200t "
@I [HLS-100] Command 'license_isbetapart' returned 1; elapsed 0Total elapsed time: 0.267 sec.
@I [HLS-100] Command "get_default_platform "
@I [HLS-100] Command 'get_default_platform' returned 0; elapsed 0Total elapsed time: 0.267 sec.
@I [HLS-100] Command "config_chip_info -quiet -resource  {SLICE 33650} {LUT 129000}    {FF 269200} {DSP48E 740}    {BRAM 730}  "
@I [HLS-100] Command 'config_chip_info' returned 0; elapsed 0Total elapsed time: 0.267 sec.
@I [HLS-100] Command "config_chip_info -quiet -speed slow "
@I [HLS-100] Command 'config_chip_info' returned 0; elapsed 0Total elapsed time: 0.267 sec.
@I [HLS-100] Command 'add_library' returned 0; elapsed 0Total elapsed time: 0.268 sec.
@I [HLS-100] Command "add_library xilinx/artix7/artix7_fpv6 "
@I [HLS-100] Command "get_default_platform "
@I [HLS-100] Command 'get_default_platform' returned 0; elapsed 0Total elapsed time: 0.269 sec.
@I [HLS-100] Command 'add_library' returned 0; elapsed 0Total elapsed time: 0.269 sec.
@I [HLS-10] Setting target device to 'xc7a200tfbg484-1'
@I [HLS-100] Command 'set_part' returned 0; elapsed 0Total elapsed time: 0.269 sec.
@I [HLS-100] Command "get_default_platform "
@I [HLS-100] Command 'get_default_platform' returned 0; elapsed 0Total elapsed time: 0.270 sec.
@I [HLS-100] Command "config_chip_info -quiet -resource  {SLICE 33650} {LUT 129000}    {FF 269200} {DSP48E 740}    {BRAM 730}  "
@I [HLS-100] Command 'config_chip_info' returned 0; elapsed 0Total elapsed time: 0.270 sec.
@I [HLS-100] Command "config_chip_info -quiet -speed slow "
@I [HLS-100] Command 'config_chip_info' returned 0; elapsed 0Total elapsed time: 0.270 sec.
@I [HLS-100] Command 'open_solution' returned 0; elapsed 0.13Total elapsed time: 0.270 sec.
@I [HLS-100] Command "set_part xc7a200tfbg484-1 -tool vivado "
@I [HLS-100] Command "add_library xilinx/artix7/artix7:xc7a200t:fbg484:-1 "
@I [HLS-100] Command "get_default_platform "
@I [HLS-100] Command 'get_default_platform' returned 0; elapsed 0Total elapsed time: 0.271 sec.
@I [HLS-100] Command "license_isbetapart xc7a200t "
@I [HLS-100] Command 'license_isbetapart' returned 1; elapsed 0Total elapsed time: 0.272 sec.
@I [HLS-100] Command "get_default_platform "
@I [HLS-100] Command 'get_default_platform' returned 0; elapsed 0Total elapsed time: 0.272 sec.
@I [HLS-100] Command "config_chip_info -quiet -resource  {SLICE 33650} {LUT 129000}    {FF 269200} {DSP48E 740}    {BRAM 730}  "
@I [HLS-100] Command 'config_chip_info' returned 0; elapsed 0Total elapsed time: 0.272 sec.
@I [HLS-100] Command "config_chip_info -quiet -speed slow "
@I [HLS-100] Command 'config_chip_info' returned 0; elapsed 0Total elapsed time: 0.272 sec.
@I [HLS-100] Command 'add_library' returned 0; elapsed 0Total elapsed time: 0.273 sec.
@I [HLS-100] Command "add_library xilinx/artix7/artix7_fpv6 "
@I [HLS-100] Command "get_default_platform "
@I [HLS-100] Command 'get_default_platform' returned 0; elapsed 0Total elapsed time: 0.273 sec.
@I [HLS-100] Command 'add_library' returned 0; elapsed 0Total elapsed time: 0.274 sec.
@I [HLS-100] Command 'set_part' returned 0; elapsed 0Total elapsed time: 0.275 sec.
@I [HLS-100] Command "create_clock -period 10 -name default "
@I [HLS-100] Command "config_clock -quiet -name default -period 10 -default=false "
@I [SYN-201] Setting up clock 'default' with a period of 10ns.
@I [HLS-100] Command 'config_clock' returned 0; elapsed 0Total elapsed time: 0.276 sec.
@I [HLS-100] Command 'create_clock' returned 0; elapsed 0Total elapsed time: 0.276 sec.
@I [HLS-100] Command "csynth_design "
@I [HLS-100] Command "elaborate -effort=medium -skip_syncheck=0 -keep_printf=0 -lm=0 -skip_cdt=0 -skip_transform=0 -ng=0 -g=0 -opt_fp=0 "
@I [HLS-10] Analyzing design file 'Desktop/explo/Square3.c' ... 
@0 [HLS-0] Analyzing design file 'Desktop/explo/Square3.c' ... 
@I [HLS-0] Compiling one TU...
@I [HLS-0] 
Checking before pre-process: exec clang -fno-limit-debug-info -gcc-toolchain "/home/vivado/Vivado_HLS/2016.2/lnx64/tools/gcc" -hls    -fno-math-errno -c -emit-llvm -O0  -mllvm -disable-llvm-optzns -std=gnu89   -DAESL_SYN -D__SYNTHESIS__ -D__HLS_SYN__ -I "/home/vivado/Vivado_HLS/2016.2/common/technology/autopilot" -I "/home/vivado/Vivado_HLS/2016.2/common/technology/autopilot/ap_sysc" -include etc/autopilot_ssdm_op.h  "Desktop/explo/Square3.c"  -o "/root/square_explo/solution1/.autopilot/db/Square3.pp.00.o"

@I [HLS-100] Command "is_encrypted /root/square_explo/solution1/.autopilot/db/Square3.pp.00.o "
@I [HLS-100] Command 'is_encrypted' returned 0; elapsed 0Total elapsed time: 0.316 sec.
@I [HLS-0] Syntax Checker time: 0 seconds per iteration
@I [HLS-0] 
Source preprocessing: exec clang -fno-limit-debug-info -gcc-toolchain "/home/vivado/Vivado_HLS/2016.2/lnx64/tools/gcc" -hls -fno-exceptions  -D__llvm__  -CC -E "Desktop/explo/Square3.c"     -fno-math-errno -c -emit-llvm -O0  -mllvm -disable-llvm-optzns -std=gnu89   -DAESL_SYN -D__SYNTHESIS__ -D__HLS_SYN__ -I "/home/vivado/Vivado_HLS/2016.2/common/technology/autopilot" -I "/home/vivado/Vivado_HLS/2016.2/common/technology/autopilot/ap_sysc" -include etc/autopilot_ssdm_op.h  -o "/root/square_explo/solution1/.autopilot/db/Square3.pp.0.c"

@I [HLS-0] GCC PP time: 0 seconds per iteration
@I [HLS-100] Command "list_core -type functional_unit "
@I [HLS-100] Command 'list_core' returned 0; elapsed 0Total elapsed time: 0.351 sec.
@I [HLS-0] Marker-Pragma convertor: /root/square_explo/solution1/.autopilot/db/Square3.pp.0.c /root/square_explo/solution1/.autopilot/db/Square3.pp.0.c.ap-line.c /root/square_explo/solution1/.autopilot/db/Square3.pp.0.c.ap-line.c.CXX 1
@I [HLS-0] 
Source processor: exec /home/vivado/Vivado_HLS/2016.2/tps/lnx64/jre/bin/java -Xmx512m -classpath   "/home/vivado/Vivado_HLS/2016.2/lib/classes/autopilot.sourceprocessor.jar:/home/vivado/Vivado_HLS/2016.2/lib/classes/org.eclipse.cdt.core_5.3.0.xilinx_patch.jar:/home/vivado/Vivado_HLS/2016.2/lib/classes/org.eclipse.core.runtime_3.7.0.v20110110.jar:/home/vivado/Vivado_HLS/2016.2/lib/classes/org.eclipse.equinox.common_3.6.0.v20110523.jar:/home/vivado/Vivado_HLS/2016.2/lib/classes/com.ibm.icu_4.4.2.v20110208.jar:/home/vivado/Vivado_HLS/2016.2/lib/classes/jargs.jar:/home/vivado/Vivado_HLS/2016.2/lnx64/tools/eclipse/plugins/org.eclipse.emf.common_2.10.1.v20150123-0348.jar:/home/vivado/Vivado_HLS/2016.2/lnx64/tools/eclipse/plugins/org.eclipse.emf.ecore_2.10.2.v20150123-0348.jar:/home/vivado/Vivado_HLS/2016.2/lnx64/tools/eclipse/plugins/org.eclipse.emf.ecore.xmi_2.10.2.v20150123-0348.jar:/home/vivado/Vivado_HLS/2016.2/lnx64/tools/eclipse/plugins/com.autoesl.autopilot.ui.directiveFileModel_1.0.0.jar:/home/vivado/Vivado_HLS/2016.2/lnx64/tools/eclipse/plugins/com.autoesl.autopilot.ui.common_1.0.0.jar"  autopilot.sourceprocessor.CParser  "/root/square_explo/solution1/.autopilot/db/Square3.pp.0.c.ap-line.c"  -m "Square3" -o "/root/square_explo/solution1/.autopilot/db/Square3.pp.0.c.ap-cdt.c" -c --pp --directive /root/square_explo/solution1/solution1.directive --source /root/Desktop/explo/Square3.c --error /root/square_explo/solution1/.autopilot/db --funcunit "AddSub AddSub_DSP AddSubnS DAddSub_fulldsp DAddSub_nodsp DDiv DExp_fulldsp DExp_meddsp DExp_nodsp DLog_fulldsp DLog_meddsp DLog_nodsp DMul_fulldsp DMul_maxdsp DMul_meddsp DMul_nodsp DRSqrt DRecip DSqrt DivnS FAddSub_fulldsp FAddSub_nodsp FDiv FExp_fulldsp FExp_meddsp FExp_nodsp FLog_fulldsp FLog_meddsp FLog_nodsp FMul_fulldsp FMul_maxdsp FMul_meddsp FMul_nodsp FRSqrt_fulldsp FRSqrt_nodsp FRecip_fulldsp FRecip_nodsp FSqrt HAddSub_nodsp HDiv HMul_fulldsp HMul_maxdsp HMul_nodsp HSqrt Mul Mul2S Mul3S Mul4S Mul5S Mul6S Mul_LUT MulnS MuxnS" --ca --gf --pd --p2d /root/square_explo/solution1/.autopilot/db --sd --scff /root/square_explo/solution1/.autopilot/db/.systemc_flag --ad

@I [HLS-0] Marker-Pragma convertor: /root/square_explo/solution1/.autopilot/db/Square3.pp.0.c.ap-cdt.c /root/square_explo/solution1/.autopilot/db/Square3.pragma.0.c /root/square_explo/solution1/.autopilot/db/Square3.pragma.0.c.ap-line.CXX 0
@I [HLS-100] Command "source /root/square_explo/solution1/.autopilot/db/pragma.status.tcl "
@I [HLS-100] Command 'ap_source' returned 0; elapsed 0Total elapsed time: 0.921 sec.
@I [HLS-0] CDT processor time: 0 seconds per iteration
@I [HLS-0] Pragma handling time: 0 seconds per iteration
@I [HLS-0] 
Source preprocessing: exec clang -fno-limit-debug-info -gcc-toolchain "/home/vivado/Vivado_HLS/2016.2/lnx64/tools/gcc" -hls -fno-exceptions  -D__llvm__  -CC -E "/root/square_explo/solution1/.autopilot/db/Square3.pragma.1.c"     -fno-math-errno -c -emit-llvm -O0  -mllvm -disable-llvm-optzns -std=gnu89   -DAESL_SYN -D__SYNTHESIS__ -D__HLS_SYN__ -I "/home/vivado/Vivado_HLS/2016.2/common/technology/autopilot" -I "/home/vivado/Vivado_HLS/2016.2/common/technology/autopilot/ap_sysc" -include etc/autopilot_ssdm_op.h  -o "/root/square_explo/solution1/.autopilot/db/Square3.pragma.2.c"

@I [HLS-0] exec clang -fno-limit-debug-info -gcc-toolchain /home/vivado/Vivado_HLS/2016.2/lnx64/tools/gcc -hls -hls-analyze-label -hls-analyze-pragma -fno-exceptions  -D__llvm__  -w  "/root/square_explo/solution1/.autopilot/db/Square3.pragma.2.c"    -fno-math-errno -c -emit-llvm -O0  -mllvm -disable-llvm-optzns -std=gnu89  -DAESL_SYN -D__SYNTHESIS__ -D__HLS_SYN__ -I "/home/vivado/Vivado_HLS/2016.2/common/technology/autopilot" -I "/home/vivado/Vivado_HLS/2016.2/common/technology/autopilot/ap_sysc" -include etc/autopilot_ssdm_op.h -g -o "/root/square_explo/solution1/.autopilot/db/Square3.g.bc"
@I [HLS-10] Validating synthesis directives ...
@0 [HLS-0] Validating synthesis directives ...
@I [HLS-100] Command "source /root/square_explo/solution1/.autopilot/db/pragma.status.tcl "
@I [HLS-100] Command 'ap_source' returned 0; elapsed 0Total elapsed time: 1.6 sec.
@I [HLS-0] Linking all ...
@I [HLS-0] exec llvm-ld  "/root/square_explo/solution1/.autopilot/db/Square3.bc"  -disable-opt  -L/home/vivado/Vivado_HLS/2016.2/lnx64/lib -lm_basic -o "/root/square_explo/solution1/.autopilot/db/a.o.pre"
@I [HLS-0] Link time: 0 seconds per iteration
@I [HLS-0] Linking all ...
@I [HLS-0] exec llvm-ld  "/root/square_explo/solution1/.autopilot/db/Square3.g.bc"  -disable-opt  -L/home/vivado/Vivado_HLS/2016.2/lnx64/lib -lm_basic -o "/root/square_explo/solution1/.autopilot/db/a.g.pre"
@I [HLS-0] Link time: 0 seconds per iteration
@I [HLS-100] Command "opt_and_import_c a -opt_level=2 -skip_syncheck=0 -ng=0 -keep_printf=0 "
@I [HLS-100] Command "cleanup_all_models "
@I [HLS-100] Command 'cleanup_all_models' returned 0; elapsed 0Total elapsed time: 1.76 sec.
@I [HLS-10] Starting code transformations ...
@0 [HLS-0] Starting code transformations ...
@I [HLS-0] std xform: transform -hls -share-std-xform -always-inline -promote-dbg-pointer  -interface-preproc  -scalarrepl -mem2reg -keep-read-access -instcombine -dce  -promote-dbg-pointer  -bitop-raise  -indvars -loop-simplify -xunroll  -constprop -instcombine -simplifycfg -indvars  -simplifycfg -dce -globaldce  -basicaa  -simplifycfg -mem2reg -globalopt  -global-constprop -deadargelim -instcombine -simplifycfg  -prune-eh -simplifycfg  -scalarrepl -instcombine -reassociate -licm  -simplifycfg -loop-simplify -indvars -instcombine  -simplifycfg -mem2reg -loop-simplify -indvars -instcombine  -gvn -gvn -instcombine -adce  -break-crit-edges  -simplifycfg -loop-delete  -global-array-opt -dce -dse -adce  -find-syn-modules -top Square3  -deadargelim  -mem2reg -instcombine -dce  -presyn-prepare -auto-rom-infer  -interface-preproc  -syn-check -check-rec-only  -find-region -simplifycfg -func-extr -function-inline  -globaldce -mem2reg -instcombine -dce   -gvn -globaldce -adce -adse  -constprop -instcombine -bit-constprop  -instcombine -dce -simplifycfg -bitop-raise  -simplifycfg -dce -loop-delete -reassociate  -globalopt -global-privatize -mem2reg -dce  -global-constprop -pointer-simplify -constprop -dce  -func-inst -deadargelim  -promote-dbg-pointer  -norm-name   /root/square_explo/solution1/.autopilot/db/a.g.0.bc -o /root/square_explo/solution1/.autopilot/db/a.g.1.bc -f  -phase std-opt
@I [XFORM-603] Inlining function 'ap_fixed_base<168, 116, false, (ap_q_mode)5, (ap_o_mode)3, 0>::operator<<' into 'hls::cast_IEEE754<long, double>' (/wrk/2016.2/continuous/2016_06_02_1577090/src/products/hls/hls_lib/src/hls/hls_round.h:371).
@I [XFORM-603] Inlining function 'ap_fixed_base<1, 65, false, (ap_q_mode)5, (ap_o_mode)0, 0>::overflow_adjust' into 'ap_fixed_base<1, 65, false, (ap_q_mode)5, (ap_o_mode)0, 0>::ap_fixed_base<116, 116, false, (ap_q_mode)5, (ap_o_mode)3, 0>' ().
@I [HLS-0] Std xform time: 0 seconds per iteration
@I [HLS-100] Command "is_encrypted /root/square_explo/solution1/.autopilot/db/a.g.1.bc "
@I [HLS-100] Command 'is_encrypted' returned 0; elapsed 0Total elapsed time: 2.969 sec.
@I [HLS-10] Checking synthesizability ...
@0 [HLS-0] Checking synthesizability ...
@I [HLS-0] syn check 1/2: transform -hls -syn-check -check-rec-only -disaggr -scalarrepl -norm-name -dce  -mem2reg -instcombine  -function-uniquify -directive-preproc -mem2reg -dse -dce -auto-rom-infer -dce  -array-normalize -instcombine -dce  -array-seg-normalize -instcombine -dce  -array-flatten -instcombine -dce  -array-burst -dce  -deadargelim -promote-global-argument  -simplifycfg -mem2reg -globaldce -resolve-double-ptr  -dce -deadargelim -dce -instcombine  -function-inline -globaldce -dce  -doublePtrSimplify -doublePtrElim -dce  -doublePtrSimplify -promote-dbg-pointer  -dce -scalarrepl -dse -adse -instcombine  -ptrLegalization  -simplifycfg -dce -instcombine  -pointer-simplify -ptrArgReplace -dce -instcombine   -disaggr -scalarrepl -norm-name -dce  -mem2reg -instcombine -ptrLegalization   -simplifycfg -deadargelim  -instcombine -dce -inst-simplify  -function-uniquify -directive-preproc -mem2reg -dse -dce  -globaldce    /root/square_explo/solution1/.autopilot/db/a.g.1.bc -o /root/square_explo/solution1/.autopilot/db/a.g.2.prechk.bc -f
@I [XFORM-602] Inlining function 'fp_struct<double>::mantissa' into 'hls::cast_IEEE754<long, double>' (/wrk/2016.2/continuous/2016_06_02_1577090/src/products/hls/hls_lib/src/hls/hls_round.h:368) automatically.
@I [XFORM-602] Inlining function 'fp_struct<double>::expv' into 'hls::cast_IEEE754<long, double>' (/wrk/2016.2/continuous/2016_06_02_1577090/src/products/hls/hls_lib/src/hls/hls_round.h:371) automatically.
@I [XFORM-602] Inlining function 'fp_struct<double>::__signbit' into 'hls::cast_IEEE754<long, double>' (/wrk/2016.2/continuous/2016_06_02_1577090/src/products/hls/hls_lib/src/hls/hls_round.h:383) automatically.
@I [XFORM-602] Inlining function 'hls::cast_IEEE754<long, double>' into '__hls_fptosi_double_i64' (/wrk/2016.2/continuous/2016_06_02_1577090/src/products/hls/hls_lib/src/lib_floatconversion.cpp:44) automatically.
@I [XFORM-602] Inlining function '__hls_fptosi_double_i64' into 'Square3' (Desktop/explo/Square3.c:24) automatically.
@I [HLS-0] Syn check 1/2 time: 0 seconds per iteration
@I [HLS-0] syn check 2/2: transform -syn-check   /root/square_explo/solution1/.autopilot/db/a.g.2.prechk.bc -o /root/square_explo/solution1/.autopilot/db/a.g.2.bc -f  -phase syn-check
@I [HLS-0] Syn check 2/2 time: 0 seconds per iteration
@I [HLS-0] Compiler optimizing ...
@I [HLS-0] Share syncheck's 1.bc for syn flow: copy /root/square_explo/solution1/.autopilot/db/a.g.1.bc to /root/square_explo/solution1/.autopilot/db/a.o.1.bc
@I [HLS-0] presyn 1: transform -hls -tmp /root/square_explo/solution1/.autopilot/db -type-info  -function-uniquify -directive-preproc -mem2reg -dse -dce  -disaggr -scalarrepl -norm-name -deadargelim  -mem2reg -instcombine -dce -auto-rom-infer -dce -function-uniquify  -resource-proc  -simplifycfg -mem2reg -globaldce -resolve-double-ptr -dce -deadargelim -dce -instcombine  -clib-intrinsic-prepare -dce  -func-buffer -dce -array-normalize  -func-legal -instcombine -gvn -constprop -dce   -ptrArgReplace -mem2reg -instcombine -dce  -array-seg-normalize -deadargelim  -instcombine -dce  -pointer-simplify -dce  -port-alignment -dce  -interface-preproc  -data-pack -instcombine -dce   -basicaa -aggr-aa -aggrmodref-aa -aggr-aa -gvn -gvn  -basicaa -aggr-aa -aggrmodref-aa -aggr-aa -dse -adse -adce  -loop-simplify -indvars -instcombine  -gvn -loop-simplify -mem2reg -dce -simplifycfg  -find-region -instcombine  -auto-loop-pipeline  -inst-simplify  -interface-preproc  -indvars -auto-loop-unroll -loop-simplify -loop-bound -xunroll  -constprop -instcombine -simplifycfg -indvars  -simplifycfg -dce -globaldce  -attach-range  -gvn -inst-simplify  -constprop -simplifycfg -dce  -pointer-simplify -dce  -globalopt -constprop -dce  -array-promote -constprop -instcombine -dce  -ptrArgReplace -mem2reg  -instcombine -simplifycfg -dce  -auto-par -instcombine -dce  -array-transform-check  -array-reshape -instcombine -simplifycfg -dce  -ptrArgReplace -deadargelim -mem2reg  -instcombine -simplifycfg -dce   -indvars -loop-simplify -loop-bound -xunroll  -constprop -instcombine -simplifycfg -indvars  -simplifycfg -dce -globaldce  -duplicate-dataflow-processes -globaldce  -array-partition -instcombine -simplifycfg -dce  -ptrArgReplace -global-constprop -deadargelim -mem2reg  -func-legal -instcombine -dce -global-constprop -deadargelim -mem2reg  -instcombine -simplifycfg -dce   -globalopt -constprop -dce  -array-promote -constprop -instcombine -dce  -ptrArgReplace -mem2reg  -instcombine -simplifycfg -dce   -mem-intrinsic-preproc -dce  -global-privatize  -mem2reg -globaldce  -promote-global-argument  -ptrArgReplace -mem2reg -instcombine -dce  -globalopt -mergereturn -simplify-global-access -mem2reg -dce  -pointer-simplify -dce  -functionattrs  -basicaa -aggr-aa -aggrmodref-aa -aggr-aa -gvn -gvn  -basicaa -aggr-aa -aggrmodref-aa -aggr-aa -dse -adse -adce  -inst-simplify -dce -norm-name  -function-inline -globaldce  -func-inst -constprop -instcombine -simplifycfg -dce  -func-legal -dce   -loop-bound  -arraycheck -bitwidthmin -on-by-dataflow  -loop-delete -instcombine -simplifycfg  -globaldce -dce -gvn -deadargelim -dce -loop-simplify -clean-region -simplifycfg -propagate-stable-arguments  -loop-stream -instcombine -simplifycfg -dce -globaldce  -stream-intrinsic-preproc -dce  -check-ap-stream -loop-simplify -eliminate-keepreads  -extract-dataflow-in-loop -loop-simplify -dce -gvn -deadargelim -dse  -check-dataflow-syntax  -legalize-stream-variable -legalize-global -legalize-global-1  -extract-subproc -dce -dead-channel-elimination  -canonicalize-gep -globaldce -dce -gvn -deadargelim  -scalar-propagation -deadargelim -globaldce -mem2reg  -check-dataflow-channels -function-stream -annotate-dataflow-channels -dce -globaldce  -prop-fifo-spec -internal-stream-gen  -canonicalize-gep -globaldce -dce -gvn -deadargelim   -mergereturn -indvars -loop-simplify -instcombine  -array-stream -instcombine -simplifycfg -dce  -bundle-memfifo-ops -deadargelim    -function-uniquify -directive-preproc -mem2reg -dse -dce  -group-axi-access    -licm -simplifycfg -dce -loop-delete  -norm-name  /root/square_explo/solution1/.autopilot/db/a.o.1.bc -o /root/square_explo/solution1/.autopilot/db/a.o.1.tmp.bc -f
@I [XFORM-602] Inlining function 'fp_struct<double>::mantissa' into 'hls::cast_IEEE754<long, double>' (/wrk/2016.2/continuous/2016_06_02_1577090/src/products/hls/hls_lib/src/hls/hls_round.h:368) automatically.
@I [XFORM-602] Inlining function 'fp_struct<double>::expv' into 'hls::cast_IEEE754<long, double>' (/wrk/2016.2/continuous/2016_06_02_1577090/src/products/hls/hls_lib/src/hls/hls_round.h:371) automatically.
@I [XFORM-602] Inlining function 'fp_struct<double>::__signbit' into 'hls::cast_IEEE754<long, double>' (/wrk/2016.2/continuous/2016_06_02_1577090/src/products/hls/hls_lib/src/hls/hls_round.h:383) automatically.
@I [XFORM-602] Inlining function 'hls::cast_IEEE754<long, double>' into '__hls_fptosi_double_i64' (/wrk/2016.2/continuous/2016_06_02_1577090/src/products/hls/hls_lib/src/lib_floatconversion.cpp:44) automatically.
@I [XFORM-602] Inlining function '__hls_fptosi_double_i64' into 'Square3' (Desktop/explo/Square3.c:24) automatically.
@I [HLS-0] Presyn 1 time: 0 seconds per iteration
@I [HLS-0] presyn 2: transform -hls -keep-callgraph -scalarrepl -mem2reg  -port-alignment -attach-range -dce  -pipe-mux-gen  -indvars -loop-bound  -inst-simplify -instcombine -dce  -merge-array-access -mem2reg -dce  -clean-region -mergereturn -if-conv  -instcombine -dce -constprop  -basicaa -aggr-aa -aggrmodref-aa -aggr-aa -gvn -gvn  -basicaa -aggr-aa -aggrmodref-aa -aggr-aa -dse -adse -adce  -scalarrepl -mem2reg  -global-constprop -deadargelim -deadargelim  -instcombine -dce -simplifycfg    -ptrArgReplace -mem2reg -function-inline  -globaldce -mem2reg -instcombine -dce -expr-balance  -instcombine -dce  -bitwidthmin  -interface-preproc -directive-preproc  -inst-rectify -instcombine -dce  -functionattrs  -constprop -instcombine -bit-constprop  -simplify-global-access  -globalopt -globaldce  -inst-simplify -instcombine -elimdeaddata -dce  -loop-delete -simplifycfg -loop-simplify -auto-burst   -norm-name /root/square_explo/solution1/.autopilot/db/a.o.1.tmp.bc -o /root/square_explo/solution1/.autopilot/db/a.o.2.bc -f  -phase presyn
@I [XFORM-401] Performing if-conversion on hyperblock from (Desktop/explo/Square3.c:16:2) to (Desktop/explo/Square3.c:18:2) in function 'duplex'... converting 3 basic blocks.
@I [XFORM-401] Performing if-conversion on hyperblock to (Desktop/explo/Square3.c:27:2) in function 'Square3'... converting 4 basic blocks.
@I [HLS-0] Presyn 2 time: 0 seconds per iteration
@I [HLS-100] Command "is_encrypted /root/square_explo/solution1/.autopilot/db/a.o.2.bc "
@I [HLS-100] Command 'is_encrypted' returned 0; elapsed 0Total elapsed time: 4.817 sec.
@I [HLS-0] build ssdm: transform -hls  -function-uniquify -auto-function-inline -globaldce  -ptrArgReplace -mem2reg -instcombine -dce  -reset-lda  -loop-simplify -indvars -licm -loop-dep  -loop-bound -licm -loop-simplify -flattenloopnest  -array-flatten -gvn -instcombine -dce  -array-map -dce -func-legal  -gvn -adce -instcombine -cfgopt -simplifycfg -loop-simplify   -array-burst -promote-global-argument -dce  -axi4-lower -array-seg-normalize  -basicaa -aggrmodref-aa -globalsmodref-aa -aggr-aa -gvn -gvn  -basicaa -aggrmodref-aa -globalsmodref-aa -aggr-aa -dse -adse -adce -licm  -inst-simplify -dce  -globaldce -instcombine -array-stream -eliminate-keepreads -instcombine  -dce   -deadargelim -doublePtrSimplify  -doublePtrElim -dce -doublePtrSimplify -promote-dbg-pointer  -dce -scalarrepl -mem2reg -disaggr -norm-name -mem2reg  -instcombine  -dse -adse -adce -ptrLegalization -dce -auto-rom-infer -array-flatten -dce -instcombine  -loop-rot -constprop -cfgopt -simplifycfg -loop-simplify -indvars -pointer-simplify -dce -loop-bound  -loop-simplify -loop-preproc  -constprop -global-constprop -gvn -mem2reg -instcombine -dce  -loop-merge -dce  -bitwidthmin  -deadargelim -dce  -scalar-propagation -deadargelim -globaldce -mem2reg  -interface-preproc -interface-gen  -deadargelim -directive-preproc -inst-simplify -dce  -gvn -mem2reg -instcombine -dce -adse  -loop-bound  -instcombine -cfgopt -simplifycfg -loop-simplify  -clean-region -io-protocol  -find-region -mem2reg  -bitop-raise  -inst-simplify -inst-rectify -instcombine -adce -deadargelim  -loop-simplify -phi-opt -bitop-raise  -cfgopt -simplifycfg -strip-dead-prototypes  -interface-lower -bitop-lower -intrinsic-lower -auto-function-inline  -basicaa -aggrmodref-aa -globalsmodref-aa -aggr-aa  -inst-simplify -simplifycfg   -mergereturn -inst-simplify -inst-rectify  -dce -bitop-lower  -loop-rewind -pointer-simplify -dce -cfgopt  -read-loop-dep -dce -bitwidth -norm-name -legalize    -cdfg-build  /root/square_explo/solution1/.autopilot/db/a.o.2.bc -o /root/square_explo/solution1/.autopilot/db/a.o.3.bc -f  -phase build-ssdm
@I [HLS-0] Build ssdm time: 0 seconds per iteration
@I [HLS-100] Command "is_encrypted /root/square_explo/solution1/.autopilot/db/a.o.3.bc "
@I [HLS-100] Command 'is_encrypted' returned 0; elapsed 0Total elapsed time: 5.755 sec.
@I [HLS-0] Finish building internal data model.
@I [HLS-100] Command 'opt_and_import_c' returned 0; elapsed 2.83Total elapsed time: 6.43 sec.
@I [HLS-111] Elapsed time: 3.15 seconds; current memory usage: 0.193 MB.
@I [HLS-100] Command 'elaborate' returned 0; elapsed 2.89Total elapsed time: 6.43 sec.
@I [HLS-100] Command "autosyn "
@I [HLS-10] Starting hardware synthesis ...
@0 [HLS-0] Starting hardware synthesis ...
@I [HLS-0] Synthesizing C/C++ design ...
@I [HLS-10] Synthesizing 'Square3' ...
@0 [HLS-0] Synthesizing 'Square3' ...
@I [HLS-100] Command "ap_set_top_model Square3 "
@I [HLS-100] Command 'ap_set_top_model' returned 0; elapsed 0Total elapsed time: 6.44 sec.
@I [HLS-100] Command "get_model_list Square3 -filter all-wo-channel -topdown "
@I [HLS-100] Command 'get_model_list' returned 0; elapsed 0Total elapsed time: 6.44 sec.
@I [HLS-100] Command "preproc_iomode -model Square3 "
@I [HLS-100] Command 'preproc_iomode' returned 0; elapsed 0Total elapsed time: 6.44 sec.
@I [HLS-100] Command "preproc_iomode -model Square3_duplex "
@I [HLS-100] Command 'preproc_iomode' returned 0; elapsed 0Total elapsed time: 6.44 sec.
@I [HLS-100] Command "get_model_list Square3 -filter all-wo-channel "
@I [HLS-100] Command 'get_model_list' returned 0; elapsed 0Total elapsed time: 6.45 sec.
@I [HLS-0] Model list for configure: Square3_duplex Square3
@I [HLS-0] Configuring Module : Square3_duplex ...
@I [HLS-100] Command "set_default_model Square3_duplex "
@I [HLS-100] Command 'set_default_model' returned 0; elapsed 0Total elapsed time: 6.45 sec.
@I [HLS-100] Command "apply_spec_resource_limit Square3_duplex "
@I [HLS-100] Command 'apply_spec_resource_limit' returned 0; elapsed 0Total elapsed time: 6.45 sec.
@I [HLS-0] Configuring Module : Square3 ...
@I [HLS-100] Command "set_default_model Square3 "
@I [HLS-100] Command 'set_default_model' returned 0; elapsed 0Total elapsed time: 6.45 sec.
@I [HLS-100] Command "apply_spec_resource_limit Square3 "
@I [HLS-100] Command 'apply_spec_resource_limit' returned 0; elapsed 0Total elapsed time: 6.45 sec.
@I [HLS-0] Model list for preprocess: Square3_duplex Square3
@I [HLS-0] Preprocessing Module: Square3_duplex ...
@I [HLS-100] Command "set_default_model Square3_duplex "
@I [HLS-100] Command 'set_default_model' returned 0; elapsed 0Total elapsed time: 6.45 sec.
@I [HLS-100] Command "cdfg_preprocess -model Square3_duplex "
@I [HLS-100] Command 'cdfg_preprocess' returned 0; elapsed 0Total elapsed time: 6.46 sec.
@I [HLS-100] Command "rtl_gen_preprocess Square3_duplex "
@I [HLS-100] Command 'rtl_gen_preprocess' returned 0; elapsed 0Total elapsed time: 6.46 sec.
@I [HLS-0] Preprocessing Module: Square3 ...
@I [HLS-100] Command "set_default_model Square3 "
@I [HLS-100] Command 'set_default_model' returned 0; elapsed 0Total elapsed time: 6.46 sec.
@I [HLS-100] Command "cdfg_preprocess -model Square3 "
@I [HLS-100] Command 'cdfg_preprocess' returned 0; elapsed 0Total elapsed time: 6.47 sec.
@I [HLS-100] Command "rtl_gen_preprocess Square3 "
@I [HLS-100] Command 'rtl_gen_preprocess' returned 0; elapsed 0Total elapsed time: 6.48 sec.
@I [HLS-0] Model list for synthesis: Square3_duplex Square3
@I [HLS-10] ----------------------------------------------------------------
@0 [HLS-0] ----------------------------------------------------------------
@I [HLS-10] -- Scheduling module 'Square3_duplex' 
@0 [HLS-0] -- Scheduling module 'Square3_duplex' 
@I [HLS-10] ----------------------------------------------------------------
@0 [HLS-0] ----------------------------------------------------------------
@I [HLS-100] Command "set_default_model Square3_duplex "
@I [HLS-100] Command 'set_default_model' returned 0; elapsed 0Total elapsed time: 6.48 sec.
@I [HLS-100] Command "schedule -model Square3_duplex "
@I [SCHED-11] Starting scheduling ...
@I [SCHED-11] Finished scheduling.
@I [HLS-100] Command 'schedule' returned 0; elapsed 0.07Total elapsed time: 6.123 sec.
@I [HLS-111] Elapsed time: 0.07 seconds; current memory usage: 0.193 MB.
@I [HLS-100] Command "report -o /root/square_explo/solution1/.autopilot/db/Square3_duplex.verbose.sched.rpt -verbose -f "
@I [HLS-100] Command 'report' returned 0; elapsed 0.01Total elapsed time: 6.127 sec.
@I [HLS-100] Command "db_write -o /root/square_explo/solution1/.autopilot/db/Square3_duplex.sched.adb -f "
@I [HLS-100] Command 'db_write' returned 0; elapsed 0Total elapsed time: 6.131 sec.
@I [HLS-0] Finish scheduling Square3_duplex.
@I [HLS-10] ----------------------------------------------------------------
@0 [HLS-0] ----------------------------------------------------------------
@I [HLS-10] -- Exploring micro-architecture for module 'Square3_duplex' 
@0 [HLS-0] -- Exploring micro-architecture for module 'Square3_duplex' 
@I [HLS-10] ----------------------------------------------------------------
@0 [HLS-0] ----------------------------------------------------------------
@I [HLS-100] Command "set_default_model Square3_duplex "
@I [HLS-100] Command 'set_default_model' returned 0; elapsed 0Total elapsed time: 6.132 sec.
@I [HLS-100] Command "bind -model Square3_duplex "
@I [BIND-110] clear=
@I [BIND-110] debug=
@I [BIND-110] drf=
@I [BIND-110] effort=
@I [BIND-110] fast_refine=
@I [BIND-110] fu_weight=[ 0.0 -- 1.0 ]
@I [BIND-110] global_opt=
@I [BIND-110] gsearch=
@I [BIND-110] help=
@I [BIND-110] help-hidden=
@I [BIND-110] min_mem_port=
@I [BIND-110] min_op=
@I [BIND-110] minreg=
@I [BIND-110] ml=
@I [BIND-110] model=Square3_duplex
@I [BIND-110] no_false_path=
@I [BIND-110] no_min_op=
@I [BIND-110] normalize=
@I [BIND-110] quiet=
@I [BIND-110] refine=
@I [BIND-110] reg_weight=[ 0.0 -- 1.0 ]
@I [BIND-110] search=
@I [BIND-110] tight_delay=
@I [BIND-110] verbose=
@I [BIND-110] wFF=
@I [BIND-110] wFU=
@I [BIND-110] wMUX=
@I [BIND-110] wNET=
@I [BIND-100] Starting micro-architecture generation ...
@I [BIND-101] Performing variable lifetime analysis.
@I [BIND-101] Exploring resource sharing.
@I [BIND-101] Binding ...
@I [BIND-100] Finished micro-architecture generation.
@I [HLS-100] Command 'bind' returned 0; elapsed 0.01Total elapsed time: 6.144 sec.
@I [HLS-111] Elapsed time: 0.02 seconds; current memory usage: 0.193 MB.
@I [HLS-100] Command "report -o /root/square_explo/solution1/.autopilot/db/Square3_duplex.verbose.bind.rpt -verbose -f "
@I [HLS-100] Command 'report' returned 0; elapsed 0.03Total elapsed time: 6.164 sec.
@I [HLS-100] Command "db_write -o /root/square_explo/solution1/.autopilot/db/Square3_duplex.bind.adb -f "
@I [HLS-100] Command 'db_write' returned 0; elapsed 0.01Total elapsed time: 6.171 sec.
@I [HLS-0] Finish binding Square3_duplex.
@I [HLS-10] ----------------------------------------------------------------
@0 [HLS-0] ----------------------------------------------------------------
@I [HLS-10] -- Scheduling module 'Square3' 
@0 [HLS-0] -- Scheduling module 'Square3' 
@I [HLS-10] ----------------------------------------------------------------
@0 [HLS-0] ----------------------------------------------------------------
@I [HLS-100] Command "set_default_model Square3 "
@I [HLS-100] Command 'set_default_model' returned 0; elapsed 0Total elapsed time: 6.171 sec.
@I [HLS-100] Command "schedule -model Square3 "
@I [SCHED-11] Starting scheduling ...
@I [SCHED-11] Finished scheduling.
@I [HLS-100] Command 'schedule' returned 0; elapsed 0.21Total elapsed time: 6.388 sec.
@I [HLS-111] Elapsed time: 0.25 seconds; current memory usage: 0.193 MB.
@I [HLS-100] Command "report -o /root/square_explo/solution1/.autopilot/db/Square3.verbose.sched.rpt -verbose -f "
@I [HLS-100] Command 'report' returned 0; elapsed 0.01Total elapsed time: 6.404 sec.
@I [HLS-100] Command "db_write -o /root/square_explo/solution1/.autopilot/db/Square3.sched.adb -f "
@I [HLS-100] Command 'db_write' returned 0; elapsed 0.03Total elapsed time: 6.419 sec.
@I [HLS-0] Finish scheduling Square3.
@I [HLS-10] ----------------------------------------------------------------
@0 [HLS-0] ----------------------------------------------------------------
@I [HLS-10] -- Exploring micro-architecture for module 'Square3' 
@0 [HLS-0] -- Exploring micro-architecture for module 'Square3' 
@I [HLS-10] ----------------------------------------------------------------
@0 [HLS-0] ----------------------------------------------------------------
@I [HLS-100] Command "set_default_model Square3 "
@I [HLS-100] Command 'set_default_model' returned 0; elapsed 0Total elapsed time: 6.420 sec.
@I [HLS-100] Command "bind -model Square3 "
@I [BIND-110] clear=
@I [BIND-110] debug=
@I [BIND-110] drf=
@I [BIND-110] effort=
@I [BIND-110] fast_refine=
@I [BIND-110] fu_weight=[ 0.0 -- 1.0 ]
@I [BIND-110] global_opt=
@I [BIND-110] gsearch=
@I [BIND-110] help=
@I [BIND-110] help-hidden=
@I [BIND-110] min_mem_port=
@I [BIND-110] min_op=
@I [BIND-110] minreg=
@I [BIND-110] ml=
@I [BIND-110] model=Square3
@I [BIND-110] no_false_path=
@I [BIND-110] no_min_op=
@I [BIND-110] normalize=
@I [BIND-110] quiet=
@I [BIND-110] refine=
@I [BIND-110] reg_weight=[ 0.0 -- 1.0 ]
@I [BIND-110] search=
@I [BIND-110] tight_delay=
@I [BIND-110] verbose=
@I [BIND-110] wFF=
@I [BIND-110] wFU=
@I [BIND-110] wMUX=
@I [BIND-110] wNET=
@I [BIND-100] Starting micro-architecture generation ...
@I [BIND-101] Performing variable lifetime analysis.
@I [BIND-101] Exploring resource sharing.
@I [BIND-101] Binding ...
@I [BIND-100] Finished micro-architecture generation.
@I [HLS-100] Command 'bind' returned 0; elapsed 0.25Total elapsed time: 6.674 sec.
@I [HLS-111] Elapsed time: 0.29 seconds; current memory usage: 0.193 MB.
@I [HLS-100] Command "report -o /root/square_explo/solution1/.autopilot/db/Square3.verbose.bind.rpt -verbose -f "
@I [HLS-100] Command 'report' returned 0; elapsed 0.11Total elapsed time: 6.787 sec.
@I [HLS-100] Command "db_write -o /root/square_explo/solution1/.autopilot/db/Square3.bind.adb -f "
@I [HLS-100] Command 'db_write' returned 0; elapsed 0.03Total elapsed time: 6.812 sec.
@I [HLS-0] Finish binding Square3.
@I [HLS-100] Command "get_model_list Square3 -filter all-wo-channel "
@I [HLS-100] Command 'get_model_list' returned 0; elapsed 0Total elapsed time: 6.812 sec.
@I [HLS-0] Preprocessing for RTLGen ...
@I [HLS-100] Command "rtl_gen_preprocess Square3_duplex "
@I [HLS-100] Command 'rtl_gen_preprocess' returned 0; elapsed 0Total elapsed time: 6.813 sec.
@I [HLS-100] Command "rtl_gen_preprocess Square3 "
@I [HLS-100] Command 'rtl_gen_preprocess' returned 0; elapsed 0Total elapsed time: 6.813 sec.
@I [HLS-0] Model list for RTL generation: Square3_duplex Square3
@I [HLS-10] ----------------------------------------------------------------
@0 [HLS-0] ----------------------------------------------------------------
@I [HLS-10] -- Generating RTL for module 'Square3_duplex' 
@0 [HLS-0] -- Generating RTL for module 'Square3_duplex' 
@I [HLS-10] ----------------------------------------------------------------
@0 [HLS-0] ----------------------------------------------------------------
@I [HLS-100] Command "create_rtl_model Square3_duplex -vendor xilinx -mg_file /root/square_explo/solution1/.autopilot/db/Square3_duplex.compgen.tcl "
@I [RTGEN-100] Generating core module 'Square3_mul_32s_32s_32_6': 2 instance(s).
@I [RTGEN-100] Generating core module 'Square3_mul_66ns_64s_129_18': 1 instance(s).
@I [RTGEN-100] Generating core module 'Square3_srem_64ns_5ns_32_68_seq': 1 instance(s).
@I [RTGEN-100] Finished creating RTL model for 'Square3_duplex'.
@I [HLS-100] Command 'create_rtl_model' returned 0; elapsed 0.02Total elapsed time: 6.836 sec.
@I [HLS-111] Elapsed time: 0.16 seconds; current memory usage: 0.193 MB.
@I [HLS-100] Command "source /root/square_explo/solution1/.autopilot/db/Square3.rtl_wrap.cfg.tcl "
@I [HLS-100] Command 'ap_source' returned 0; elapsed 0Total elapsed time: 6.837 sec.
@I [HLS-100] Command "gen_rtl Square3_duplex -style xilinx -tracefl mytrace -tracefmt vcd -traceopt all -f -lang sc -o /root/square_explo/solution1/syn/systemc/Square3_duplex -synmodules Square3_duplex Square3 "
@I [HLS-100] Command 'gen_rtl' returned 0; elapsed 0.01Total elapsed time: 6.839 sec.
@I [HLS-100] Command "gen_rtl Square3_duplex -style xilinx -f -lang vhdl -o /root/square_explo/solution1/syn/vhdl/Square3_duplex "
@I [HLS-100] Command 'gen_rtl' returned 0; elapsed 0Total elapsed time: 6.841 sec.
@I [HLS-100] Command "gen_rtl Square3_duplex -style xilinx -f -lang vlog -o /root/square_explo/solution1/syn/verilog/Square3_duplex "
@I [HLS-100] Command 'gen_rtl' returned 0; elapsed 0Total elapsed time: 6.842 sec.
@I [HLS-100] Command "gen_tb_info Square3_duplex -o /root/square_explo/solution1/.autopilot/db/Square3_duplex -p /root/square_explo/solution1/.autopilot/db "
@I [HLS-100] Command 'gen_tb_info' returned 0; elapsed 0Total elapsed time: 6.848 sec.
@I [HLS-100] Command "report -model Square3_duplex -o /root/square_explo/solution1/syn/report/Square3_duplex_csynth.rpt -f "
@I [HLS-100] Command 'report' returned 0; elapsed 0.01Total elapsed time: 6.856 sec.
@I [HLS-100] Command "report -model Square3_duplex -o /root/square_explo/solution1/syn/report/Square3_duplex_csynth.xml -f -x "
@I [HLS-100] Command 'report' returned 0; elapsed 0.01Total elapsed time: 6.862 sec.
@I [HLS-100] Command "report -model Square3_duplex -o /root/square_explo/solution1/.autopilot/db/Square3_duplex.verbose.rpt -verbose -f "
@I [HLS-100] Command 'report' returned 0; elapsed 0.02Total elapsed time: 6.889 sec.
@I [HLS-100] Command "db_write -model Square3_duplex -o /root/square_explo/solution1/.autopilot/db/Square3_duplex.adb -f "
@I [HLS-100] Command 'db_write' returned 0; elapsed 0.01Total elapsed time: 6.902 sec.
@I [HLS-10] ----------------------------------------------------------------
@0 [HLS-0] ----------------------------------------------------------------
@I [HLS-10] -- Generating RTL for module 'Square3' 
@0 [HLS-0] -- Generating RTL for module 'Square3' 
@I [HLS-10] ----------------------------------------------------------------
@0 [HLS-0] ----------------------------------------------------------------
@I [HLS-100] Command "create_rtl_model Square3 -vendor xilinx -mg_file /root/square_explo/solution1/.autopilot/db/Square3.compgen.tcl "
@I [RTGEN-500] Setting interface mode on port 'Square3/c' to 'ap_none'.
@I [RTGEN-500] Setting interface mode on port 'Square3/ans' to 'ap_vld'.
@I [RTGEN-500] Setting interface mode on function 'Square3' to 'ap_ctrl_hs'.
@I [RTGEN-100] Generating core module 'Square3_ddiv_64ns_64ns_64_31': 1 instance(s).
@I [RTGEN-100] Generating core module 'Square3_dmul_64ns_64ns_64_6_max_dsp': 1 instance(s).
@I [RTGEN-100] Generating core module 'Square3_mul_32s_34ns_65_6': 1 instance(s).
@I [RTGEN-100] Generating core module 'Square3_mul_34ns_32s_65_6': 2 instance(s).
@I [RTGEN-100] Generating core module 'Square3_mul_47s_64s_64_14': 1 instance(s).
@I [RTGEN-100] Generating core module 'Square3_mul_48ns_46s_93_11': 2 instance(s).
@I [RTGEN-100] Generating core module 'Square3_mul_64s_5s_64_4': 2 instance(s).
@I [RTGEN-100] Generating core module 'Square3_mul_66ns_64s_129_18': 1 instance(s).
@I [RTGEN-100] Generating core module 'Square3_sdiv_64ns_32s_64_68_seq': 2 instance(s).
@I [RTGEN-100] Generating core module 'Square3_sitodp_64ns_64_6': 1 instance(s).
@I [RTGEN-100] Generating core module 'Square3_srem_32ns_5ns_29_36_seq': 1 instance(s).
@I [RTGEN-100] Generating core module 'Square3_srem_32ns_5ns_32_36_seq': 1 instance(s).
@I [RTGEN-100] Generating core module 'Square3_srem_47ns_5ns_47_51_seq': 2 instance(s).
@I [RTGEN-100] Generating core module 'Square3_srem_64ns_5ns_32_68_seq': 1 instance(s).
@I [RTGEN-100] Generating core module 'Square3_srem_64ns_64ns_64_68_seq': 1 instance(s).
@I [RTGEN-100] Generating core module 'Square3_srem_64ns_64s_64_68_seq': 1 instance(s).
@I [RTGEN-100] Finished creating RTL model for 'Square3'.
@I [HLS-100] Command 'create_rtl_model' returned 0; elapsed 0.26Total elapsed time: 7.160 sec.
@I [HLS-111] Elapsed time: 0.33 seconds; current memory usage: 0.193 MB.
@I [HLS-100] Command "source /root/square_explo/solution1/.autopilot/db/Square3.rtl_wrap.cfg.tcl "
@I [HLS-100] Command 'ap_source' returned 0; elapsed 0Total elapsed time: 7.160 sec.
@I [HLS-100] Command "gen_rtl Square3 -istop -style xilinx -tracefl mytrace -tracefmt vcd -traceopt all -f -lang sc -o /root/square_explo/solution1/syn/systemc/Square3 -synmodules Square3_duplex Square3 "
@I [HLS-100] Command 'gen_rtl' returned 0; elapsed 0.02Total elapsed time: 7.179 sec.
@I [HLS-100] Command "gen_rtl Square3 -istop -style xilinx -f -lang vhdl -o /root/square_explo/solution1/syn/vhdl/Square3 "
@I [HLS-100] Command 'gen_rtl' returned 0; elapsed 0.06Total elapsed time: 7.243 sec.
@I [HLS-100] Command "gen_rtl Square3 -istop -style xilinx -f -lang vlog -o /root/square_explo/solution1/syn/verilog/Square3 "
@I [HLS-100] Command 'gen_rtl' returned 0; elapsed 0.04Total elapsed time: 7.285 sec.
@I [HLS-100] Command "export_constraint_db -o /root/square_explo/solution1/.autopilot/db/Square3.constraint.tcl -f -tool general "
@I [HLS-100] Command 'export_constraint_db' returned 0; elapsed 0Total elapsed time: 7.286 sec.
@I [HLS-100] Command "report -model Square3 -o /root/square_explo/solution1/.autopilot/db/Square3.design.xml -verbose -f -dv "
@I [HLS-100] Command 'report' returned 0; elapsed 0.06Total elapsed time: 7.342 sec.
@I [HLS-100] Command "report -model Square3 -o /root/square_explo/solution1/.autopilot/db/Square3.sdaccel.xml -verbose -f -sdaccel "
@I [HLS-100] Command 'report' returned 0; elapsed 0.07Total elapsed time: 7.414 sec.
@I [HLS-100] Command "gen_tb_info Square3 -o /root/square_explo/solution1/.autopilot/db/Square3 -p /root/square_explo/solution1/.autopilot/db "
@I [HLS-100] Command 'gen_tb_info' returned 0; elapsed 0Total elapsed time: 7.415 sec.
@I [HLS-100] Command "report -model Square3 -o /root/square_explo/solution1/syn/report/Square3_csynth.rpt -f "
@I [HLS-100] Command 'report' returned 0; elapsed 0.03Total elapsed time: 7.441 sec.
@I [HLS-100] Command "report -model Square3 -o /root/square_explo/solution1/syn/report/Square3_csynth.xml -f -x "
@I [HLS-100] Command 'report' returned 0; elapsed 0.02Total elapsed time: 7.464 sec.
@I [HLS-100] Command "report -model Square3 -o /root/square_explo/solution1/.autopilot/db/Square3.verbose.rpt -verbose -f "
@I [HLS-100] Command 'report' returned 0; elapsed 0.13Total elapsed time: 7.601 sec.
@I [HLS-100] Command "db_write -model Square3 -o /root/square_explo/solution1/.autopilot/db/Square3.adb -f "
@I [HLS-100] Command 'db_write' returned 0; elapsed 0.06Total elapsed time: 7.652 sec.
@I [HLS-100] Command "sc_get_clocks Square3 "
@I [HLS-100] Command 'sc_get_clocks' returned 0; elapsed 0Total elapsed time: 7.690 sec.
@I [HLS-100] Command "sc_get_portdomain Square3 "
@I [HLS-100] Command 'sc_get_portdomain' returned 0; elapsed 0Total elapsed time: 7.690 sec.
@I [HLS-0] Model list for RTL component generation: Square3_duplex Square3
@I [HLS-0] Handling components in module [Square3_duplex] ... 
@I [HLS-100] Command "source /root/square_explo/solution1/.autopilot/db/Square3_duplex.compgen.tcl "
@I [HLS-0] Found component Square3_srem_64ns_5ns_32_68_seq.
@I [HLS-0] Append model Square3_srem_64ns_5ns_32_68_seq
@I [HLS-0] Found component Square3_mul_66ns_64s_129_18.
@I [HLS-0] Append model Square3_mul_66ns_64s_129_18
@I [HLS-0] Found component Square3_mul_32s_32s_32_6.
@I [HLS-0] Append model Square3_mul_32s_32s_32_6
@I [HLS-0] Found component Square3_duplex_arr.
@I [HLS-0] Append model Square3_duplex_arr
@I [HLS-100] Command 'ap_source' returned 0; elapsed 0Total elapsed time: 7.691 sec.
@I [HLS-0] Handling components in module [Square3] ... 
@I [HLS-100] Command "source /root/square_explo/solution1/.autopilot/db/Square3.compgen.tcl "
@I [HLS-0] Found component Square3_dmul_64ns_64ns_64_6_max_dsp.
@I [HLS-0] Append model Square3_dmul_64ns_64ns_64_6_max_dsp
@I [HLS-0] Found component Square3_ddiv_64ns_64ns_64_31.
@I [HLS-0] Append model Square3_ddiv_64ns_64ns_64_31
@I [HLS-0] Found component Square3_sitodp_64ns_64_6.
@I [HLS-0] Append model Square3_sitodp_64ns_64_6
@I [HLS-0] Found component Square3_srem_32ns_5ns_29_36_seq.
@I [HLS-0] Append model Square3_srem_32ns_5ns_29_36_seq
@I [HLS-0] Found component Square3_srem_32ns_5ns_32_36_seq.
@I [HLS-0] Append model Square3_srem_32ns_5ns_32_36_seq
@I [HLS-0] Found component Square3_srem_64ns_64s_64_68_seq.
@I [HLS-0] Append model Square3_srem_64ns_64s_64_68_seq
@I [HLS-0] Found component Square3_srem_64ns_64ns_64_68_seq.
@I [HLS-0] Append model Square3_srem_64ns_64ns_64_68_seq
@I [HLS-0] Found component Square3_mul_34ns_32s_65_6.
@I [HLS-0] Append model Square3_mul_34ns_32s_65_6
@I [HLS-0] Found component Square3_srem_47ns_5ns_47_51_seq.
@I [HLS-0] Append model Square3_srem_47ns_5ns_47_51_seq
@I [HLS-0] Found component Square3_mul_48ns_46s_93_11.
@I [HLS-0] Append model Square3_mul_48ns_46s_93_11
@I [HLS-0] Found component Square3_mul_64s_5s_64_4.
@I [HLS-0] Append model Square3_mul_64s_5s_64_4
@I [HLS-0] Found component Square3_sdiv_64ns_32s_64_68_seq.
@I [HLS-0] Append model Square3_sdiv_64ns_32s_64_68_seq
@I [HLS-0] Found component Square3_mul_32s_34ns_65_6.
@I [HLS-0] Append model Square3_mul_32s_34ns_65_6
@I [HLS-0] Found component Square3_mul_47s_64s_64_14.
@I [HLS-0] Append model Square3_mul_47s_64s_64_14
@I [HLS-0] Found component Square3_arr.
@I [HLS-0] Append model Square3_arr
@I [HLS-100] Command 'ap_source' returned 0; elapsed 0.01Total elapsed time: 7.692 sec.
@I [HLS-0] Append model Square3_duplex
@I [HLS-0] Append model Square3
@I [HLS-0] Generating RTL model list ...
@I [HLS-0] All models in this session: Square3_srem_64ns_5ns_32_68_seq Square3_mul_66ns_64s_129_18 Square3_mul_32s_32s_32_6 Square3_duplex_arr Square3_dmul_64ns_64ns_64_6_max_dsp Square3_ddiv_64ns_64ns_64_31 Square3_sitodp_64ns_64_6 Square3_srem_32ns_5ns_29_36_seq Square3_srem_32ns_5ns_32_36_seq Square3_srem_64ns_64s_64_68_seq Square3_srem_64ns_64ns_64_68_seq Square3_mul_34ns_32s_65_6 Square3_srem_47ns_5ns_47_51_seq Square3_mul_48ns_46s_93_11 Square3_mul_64s_5s_64_4 Square3_sdiv_64ns_32s_64_68_seq Square3_mul_32s_34ns_65_6 Square3_mul_47s_64s_64_14 Square3_arr Square3_duplex Square3
@I [HLS-0] To file: write model Square3_srem_64ns_5ns_32_68_seq
@I [HLS-0] To file: write model Square3_mul_66ns_64s_129_18
@I [HLS-0] To file: write model Square3_mul_32s_32s_32_6
@I [HLS-0] To file: write model Square3_duplex_arr
@I [HLS-0] To file: write model Square3_dmul_64ns_64ns_64_6_max_dsp
@I [HLS-0] To file: write model Square3_ddiv_64ns_64ns_64_31
@I [HLS-0] To file: write model Square3_sitodp_64ns_64_6
@I [HLS-0] To file: write model Square3_srem_32ns_5ns_29_36_seq
@I [HLS-0] To file: write model Square3_srem_32ns_5ns_32_36_seq
@I [HLS-0] To file: write model Square3_srem_64ns_64s_64_68_seq
@I [HLS-0] To file: write model Square3_srem_64ns_64ns_64_68_seq
@I [HLS-0] To file: write model Square3_mul_34ns_32s_65_6
@I [HLS-0] To file: write model Square3_srem_47ns_5ns_47_51_seq
@I [HLS-0] To file: write model Square3_mul_48ns_46s_93_11
@I [HLS-0] To file: write model Square3_mul_64s_5s_64_4
@I [HLS-0] To file: write model Square3_sdiv_64ns_32s_64_68_seq
@I [HLS-0] To file: write model Square3_mul_32s_34ns_65_6
@I [HLS-0] To file: write model Square3_mul_47s_64s_64_14
@I [HLS-0] To file: write model Square3_arr
@I [HLS-0] To file: write model Square3_duplex
@I [HLS-0] To file: write model Square3
@I [HLS-0] Finished generating RTL model list.


@I [HLS-0] RTL Generation done.
@I [HLS-0] CAS Generation done.
@I [HLS-0] CBC Generation done.
@I [HLS-100] Command "export_ssdm /root/square_explo/solution1/.autopilot/db/a.export.ll "
@I [HLS-100] Command 'export_ssdm' returned 0; elapsed 0Total elapsed time: 7.693 sec.
@I [HLS-100] Command "source /root/square_explo/solution1/.autopilot/db/global.setting.tcl "
@I [HLS-100] Command 'ap_source' returned 0; elapsed 0Total elapsed time: 7.695 sec.
@I [HLS-100] Command "source /home/vivado/Vivado_HLS/2016.2/common/technology/generic/autopilot/common.gen "
@I [HLS-100] Command "source /home/vivado/Vivado_HLS/2016.2/common/technology/generic/autopilot/APCoreGen.gen "
@I [HLS-100] Command 'ap_source' returned 0; elapsed 0Total elapsed time: 7.695 sec.
@I [HLS-100] Command 'ap_source' returned 0; elapsed 0Total elapsed time: 7.696 sec.
@I [HLS-100] Command "source /home/vivado/Vivado_HLS/2016.2/common/technology/generic/autopilot/op.gen "
@I [HLS-100] Command 'ap_source' returned 0; elapsed 0Total elapsed time: 7.696 sec.
@I [HLS-100] Command "source /home/vivado/Vivado_HLS/2016.2/common/technology/generic/autopilot/op_simcore.gen "
@I [HLS-100] Command 'ap_source' returned 0; elapsed 0Total elapsed time: 7.696 sec.
@I [HLS-100] Command "source /home/vivado/Vivado_HLS/2016.2/common/technology/generic/autopilot/interface.gen "
@I [HLS-100] Command 'ap_source' returned 0; elapsed 0Total elapsed time: 7.697 sec.
@I [HLS-100] Command "source /root/square_explo/solution1/.autopilot/db/global.setting.tcl "
@I [HLS-100] Command 'ap_source' returned 0; elapsed 0Total elapsed time: 7.697 sec.
@I [HLS-100] Command "source /home/vivado/Vivado_HLS/2016.2/common/technology/xilinx/artix7/artix7.gen "
@I [HLS-100] Command "source /home/vivado/Vivado_HLS/2016.2/common/technology/xilinx/common/virtex.gen "
@I [HLS-100] Command "source /home/vivado/Vivado_HLS/2016.2/common/technology/xilinx/common/xilinx.gen "
@I [HLS-100] Command "source /home/vivado/Vivado_HLS/2016.2/common/technology/xilinx/interface/plb46.gen "
@I [HLS-100] Command 'ap_source' returned 0; elapsed 0Total elapsed time: 7.698 sec.
@I [HLS-100] Command "source /home/vivado/Vivado_HLS/2016.2/common/technology/xilinx/interface/fsl.gen "
@I [HLS-100] Command 'ap_source' returned 0; elapsed 0Total elapsed time: 7.698 sec.
@I [HLS-100] Command "source /home/vivado/Vivado_HLS/2016.2/common/technology/xilinx/interface/axi4.gen "
@I [HLS-100] Command 'ap_source' returned 0; elapsed 0Total elapsed time: 7.700 sec.
@I [HLS-100] Command "source /home/vivado/Vivado_HLS/2016.2/common/technology/xilinx/interface/nativeAXI4.gen "
@I [HLS-100] Command "source /home/vivado/Vivado_HLS/2016.2/common/technology/xilinx/interface/saxilite.gen "
@I [HLS-100] Command 'ap_source' returned 0; elapsed 0Total elapsed time: 7.702 sec.
@I [HLS-100] Command "source /home/vivado/Vivado_HLS/2016.2/common/technology/xilinx/interface/maxi.gen "
@I [HLS-100] Command 'ap_source' returned 0; elapsed 0.01Total elapsed time: 7.706 sec.
@I [HLS-100] Command 'ap_source' returned 0; elapsed 0.01Total elapsed time: 7.706 sec.
@I [HLS-100] Command "source /home/vivado/Vivado_HLS/2016.2/common/technology/xilinx/scripts/xilinxcoregen.gen "
@I [HLS-100] Command 'ap_source' returned 0; elapsed 0Total elapsed time: 7.711 sec.
@I [HLS-100] Command "source /home/vivado/Vivado_HLS/2016.2/common/technology/xilinx/interface/XilEDKCoreGen.gen "
@I [HLS-100] Command 'ap_source' returned 0; elapsed 0.01Total elapsed time: 7.716 sec.
@I [HLS-100] Command "source /home/vivado/Vivado_HLS/2016.2/common/technology/xilinx/ip/xfft.gen "
@I [HLS-100] Command 'ap_source' returned 0; elapsed 0.05Total elapsed time: 7.771 sec.
@I [HLS-100] Command "source /home/vivado/Vivado_HLS/2016.2/common/technology/xilinx/ip/xfir.gen "
@I [HLS-100] Command 'ap_source' returned 0; elapsed 0Total elapsed time: 7.772 sec.
@I [HLS-100] Command "source /home/vivado/Vivado_HLS/2016.2/common/technology/xilinx/ip/dds_compiler.gen "
@I [HLS-100] Command 'ap_source' returned 0; elapsed 0.01Total elapsed time: 7.774 sec.
@I [HLS-100] Command "source /home/vivado/Vivado_HLS/2016.2/common/technology/xilinx/ip/util.gen "
@I [HLS-100] Command 'ap_source' returned 0; elapsed 0Total elapsed time: 7.774 sec.
@I [HLS-100] Command 'ap_source' returned 0; elapsed 0.08Total elapsed time: 7.775 sec.
@I [HLS-100] Command "source /home/vivado/Vivado_HLS/2016.2/common/technology/xilinx/common/dsp48.gen "
@I [HLS-100] Command 'ap_source' returned 0; elapsed 0Total elapsed time: 7.776 sec.
@I [HLS-100] Command 'ap_source' returned 0; elapsed 0.08Total elapsed time: 7.776 sec.
@I [HLS-100] Command 'ap_source' returned 0; elapsed 0.08Total elapsed time: 7.776 sec.
@I [HLS-100] Command "source /home/vivado/Vivado_HLS/2016.2/common/technology/xilinx/artix7/artix7_fpv6.gen "
@I [HLS-100] Command "source /home/vivado/Vivado_HLS/2016.2/common/technology/xilinx/common/xilinx_fpv6.gen "
@I [HLS-100] Command 'ap_source' returned 0; elapsed 0Total elapsed time: 7.777 sec.
@I [HLS-100] Command 'ap_source' returned 0; elapsed 0Total elapsed time: 7.777 sec.
@I [HLS-100] Command "source /root/square_explo/solution1/.autopilot/db/global.setting.tcl "
@I [HLS-100] Command 'ap_source' returned 0; elapsed 0Total elapsed time: 7.777 sec.
@I [HLS-100] Command "source /root/square_explo/solution1/.autopilot/db/global.setting.tcl "
@I [HLS-100] Command 'ap_source' returned 0; elapsed 0Total elapsed time: 7.778 sec.
@I [HLS-100] Command "source /root/square_explo/solution1/.autopilot/db/global.setting.tcl "
@I [HLS-100] Command 'ap_source' returned 0; elapsed 0Total elapsed time: 7.778 sec.
@I [HLS-100] Command "source /root/square_explo/solution1/.autopilot/db/global.setting.tcl "
@I [HLS-100] Command 'ap_source' returned 0; elapsed 0Total elapsed time: 7.778 sec.
@I [HLS-100] Command "source /root/square_explo/solution1/.autopilot/db/Square3_duplex.compgen.tcl "
@I [RTMG-282] Generating pipelined core: 'Square3_srem_64ns_5ns_32_68_seq_div'
@I [RTMG-282] Generating pipelined core: 'Square3_mul_66ns_64s_129_18_MulnS_0'
@I [RTMG-282] Generating pipelined core: 'Square3_mul_32s_32s_32_6_MulnS_1'
@I [RTMG-278] Implementing memory 'Square3_duplex_arr_ram' using distributed RAMs.
@I [HLS-100] Command 'ap_source' returned 0; elapsed 0.03Total elapsed time: 7.829 sec.
@I [HLS-100] Command "source /root/square_explo/solution1/.autopilot/db/Square3.compgen.tcl "
@I [RTMG-282] Generating pipelined core: 'Square3_srem_32ns_5ns_29_36_seq_div'
@I [RTMG-282] Generating pipelined core: 'Square3_srem_32ns_5ns_32_36_seq_div'
@I [RTMG-282] Generating pipelined core: 'Square3_srem_64ns_64s_64_68_seq_div'
@I [RTMG-282] Generating pipelined core: 'Square3_srem_64ns_64ns_64_68_seq_div'
@I [RTMG-282] Generating pipelined core: 'Square3_mul_34ns_32s_65_6_MulnS_2'
@I [RTMG-282] Generating pipelined core: 'Square3_srem_47ns_5ns_47_51_seq_div'
@I [RTMG-282] Generating pipelined core: 'Square3_mul_48ns_46s_93_11_MulnS_3'
@I [RTMG-282] Generating pipelined core: 'Square3_mul_64s_5s_64_4_Mul4S_0'
@I [RTMG-282] Generating pipelined core: 'Square3_sdiv_64ns_32s_64_68_seq_div'
@I [RTMG-282] Generating pipelined core: 'Square3_mul_32s_34ns_65_6_MulnS_4'
@I [RTMG-282] Generating pipelined core: 'Square3_mul_47s_64s_64_14_MulnS_5'
@I [RTMG-278] Implementing memory 'Square3_arr_ram' using distributed RAMs.
@I [HLS-100] Command 'ap_source' returned 0; elapsed 0.11Total elapsed time: 7.959 sec.
@I [HLS-10] Finished generating all RTL models.
@0 [HLS-0] Finished generating all RTL models.
@I [SYSC-301] Generating SystemC RTL for Square3.
@I [VHDL-304] Generating VHDL RTL for Square3.
@I [VLOG-307] Generating Verilog RTL for Square3.
@I [HLS-100] Command 'autosyn' returned 0; elapsed 1.88Total elapsed time: 7.976 sec.
@I [HLS-100] Command 'csynth_design' returned 0; elapsed 4.77Total elapsed time: 7.976 sec.
@I [HLS-100] Command 'ap_source' returned 0; elapsed 4.9Total elapsed time: 7.976 sec.
@I [HLS-100] Command "cleanup_all "
@I [HLS-100] Command 'cleanup_all' returned 0; elapsed 0.03Total elapsed time: 7.999 sec.
