

================================================================
== Vivado HLS Report for 'Square3_duplex'
================================================================
* Date:           Thu Apr 20 11:45:47 2017

* Version:        2016.2 (Build 1577090 on Thu Jun 02 16:59:10 MDT 2016)
* Project:        square_explo
* Solution:       solution1
* Product family: artix7
* Target device:  xc7a200tfbg484-1


================================================================
== Performance Estimates
================================================================
+ Timing (ns): 
    * Summary: 
    +--------+-------+----------+------------+
    |  Clock | Target| Estimated| Uncertainty|
    +--------+-------+----------+------------+
    |ap_clk  |  10.00|      8.74|        1.25|
    +--------+-------+----------+------------+

+ Latency (clock cycles): 
    * Summary: 
    +-----+-----+-----+-----+---------+
    |  Latency  |  Interval | Pipeline|
    | min | max | min | max |   Type  |
    +-----+-----+-----+-----+---------+
    |    ?|    ?|    ?|    ?|   none  |
    +-----+-----+-----+-----+---------+

    + Detail: 
        * Instance: 
        N/A

        * Loop: 
        +----------+-----+-----+----------+-----------+-----------+------+----------+
        |          |  Latency  | Iteration|  Initiation Interval  | Trip |          |
        | Loop Name| min | max |  Latency |  achieved |   target  | Count| Pipelined|
        +----------+-----+-----+----------+-----------+-----------+------+----------+
        |- Loop 1  |    ?|    ?|        69|          -|          -|     ?|    no    |
        |- Loop 2  |    ?|    ?|         9|          -|          -|     ?|    no    |
        +----------+-----+-----+----------+-----------+-----------+------+----------+



================================================================
== Utilization Estimates
================================================================
* Summary: 
+-----------------+---------+-------+--------+--------+
|       Name      | BRAM_18K| DSP48E|   FF   |   LUT  |
+-----------------+---------+-------+--------+--------+
|DSP              |        -|      -|       -|       -|
|Expression       |        -|      -|       0|     678|
|FIFO             |        -|      -|       -|       -|
|Instance         |        -|     24|     512|     608|
|Memory           |        0|      -|      64|      10|
|Multiplexer      |        -|      -|       -|     360|
|Register         |        -|      -|     951|       -|
+-----------------+---------+-------+--------+--------+
|Total            |        0|     24|    1527|    1656|
+-----------------+---------+-------+--------+--------+
|Available        |      730|    740|  269200|  129000|
+-----------------+---------+-------+--------+--------+
|Utilization (%)  |        0|      3|   ~0   |       1|
+-----------------+---------+-------+--------+--------+

+ Detail: 
    * Instance: 
    +------------------------------------+---------------------------------+---------+-------+-----+-----+
    |              Instance              |              Module             | BRAM_18K| DSP48E|  FF | LUT |
    +------------------------------------+---------------------------------+---------+-------+-----+-----+
    |Square3_mul_32s_32s_32_6_U3         |Square3_mul_32s_32s_32_6         |        0|      4|    0|    0|
    |Square3_mul_32s_32s_32_6_U4         |Square3_mul_32s_32s_32_6         |        0|      4|    0|    0|
    |Square3_mul_66ns_64s_129_18_U2      |Square3_mul_66ns_64s_129_18      |        0|     16|    0|    0|
    |Square3_srem_64ns_5ns_32_68_seq_U1  |Square3_srem_64ns_5ns_32_68_seq  |        0|      0|  512|  608|
    +------------------------------------+---------------------------------+---------+-------+-----+-----+
    |Total                               |                                 |        0|     24|  512|  608|
    +------------------------------------+---------------------------------+---------+-------+-----+-----+

    * DSP48: 
    N/A

    * Memory: 
    +-------+--------------------+---------+----+----+------+-----+------+-------------+
    | Memory|       Module       | BRAM_18K| FF | LUT| Words| Bits| Banks| W*Bits*Banks|
    +-------+--------------------+---------+----+----+------+-----+------+-------------+
    |arr_U  |Square3_duplex_arr  |        0|  64|  10|    20|   32|     1|          640|
    +-------+--------------------+---------+----+----+------+-----+------+-------------+
    |Total  |                    |        0|  64|  10|    20|   32|     1|          640|
    +-------+--------------------+---------+----+----+------+-----+------+-------------+

    * FIFO: 
    N/A

    * Expression: 
    +-------------------+----------+-------+---+-----+------------+------------+
    |   Variable Name   | Operation| DSP48E| FF| LUT | Bitwidth P0| Bitwidth P1|
    +-------------------+----------+-------+---+-----+------------+------------+
    |cou1_1_fu_148_p2   |     +    |      0|  0|   32|          32|           1|
    |i_1_fu_308_p2      |     +    |      0|  0|   31|          31|           1|
    |tmp_6_fu_234_p2    |     +    |      0|  0|   32|          32|           2|
    |z_2_fu_346_p2      |     +    |      0|  0|   32|          32|          32|
    |z_3_fu_396_p2      |     +    |      0|  0|   32|          32|          32|
    |neg_mul_fu_250_p2  |     -    |      0|  0|  129|           1|         129|
    |neg_ti_fu_279_p2   |     -    |      0|  0|   64|           1|          64|
    |p_neg_fu_186_p2    |     -    |      0|  0|   32|           1|          32|
    |p_neg_t_fu_206_p2  |     -    |      0|  0|   32|           1|          32|
    |tmp_28_fu_363_p2   |     -    |      0|  0|    2|           1|           2|
    |tmp_7_fu_314_p2    |     -    |      0|  0|   32|          32|          32|
    |tmp_14_fu_384_p2   |   icmp   |      0|  0|    1|           2|           1|
    |tmp_5_fu_303_p2    |   icmp   |      0|  0|   11|          32|          32|
    |tmp_fu_142_p2      |   icmp   |      0|  0|   22|          64|           1|
    |ap_return          |  select  |      0|  0|   32|           1|          32|
    |tmp_18_fu_272_p3   |  select  |      0|  0|   64|           1|          64|
    |tmp_24_fu_377_p3   |  select  |      0|  0|    2|           1|           2|
    |tmp_s_fu_226_p3    |  select  |      0|  0|   32|           1|          32|
    |y_1_fu_285_p3      |  select  |      0|  0|   64|           1|          64|
    +-------------------+----------+-------+---+-----+------------+------------+
    |Total              |          |      0|  0|  678|         299|         587|
    +-------------------+----------+-------+---+-----+------------+------------+

    * Multiplexer: 
    +--------------+-----+-----------+-----+-----------+
    |     Name     | LUT | Input Size| Bits| Total Bits|
    +--------------+-----+-----------+-----+-----------+
    |ap_NS_fsm     |  196|         88|    1|         88|
    |arr_address0  |    5|          4|    5|         20|
    |cou1_reg_93   |   32|          2|   32|         64|
    |i_reg_115     |   31|          2|   31|         62|
    |y_reg_105     |   64|          2|   64|        128|
    |z_reg_126     |   32|          2|   32|         64|
    +--------------+-----+-----------+-----+-----------+
    |Total         |  360|        100|  165|        426|
    +--------------+-----+-----------+-----+-----------+

    * Register: 
    +--------------------+-----+----+-----+-----------+
    |        Name        |  FF | LUT| Bits| Const Bits|
    +--------------------+-----+----+-----+-----------+
    |ap_CS_fsm           |   87|   0|   87|          0|
    |arr_load_1_reg_511  |   32|   0|   32|          0|
    |cou1_1_reg_416      |   32|   0|   32|          0|
    |cou1_reg_93         |   32|   0|   32|          0|
    |i_1_reg_486         |   31|   0|   31|          0|
    |i_reg_115           |   31|   0|   31|          0|
    |mul_reg_453         |  129|   0|  129|          0|
    |neg_ti_reg_468      |   64|   0|   64|          0|
    |p_neg_reg_437       |   32|   0|   32|          0|
    |reg_138             |   32|   0|   32|          0|
    |tmp_14_reg_526      |    1|   0|    1|          0|
    |tmp_16_reg_531      |   32|   0|   32|          0|
    |tmp_17_reg_463      |   64|   0|   64|          0|
    |tmp_19_reg_426      |    1|   0|    1|          0|
    |tmp_1_reg_516       |   32|   0|   32|          0|
    |tmp_21_reg_458      |   61|   0|   61|          0|
    |tmp_26_reg_501      |    1|   0|    1|          0|
    |tmp_2_reg_478       |   32|   0|   32|          0|
    |tmp_3_reg_432       |    1|   0|    1|          0|
    |tmp_6_reg_448       |   32|   0|   32|          0|
    |tmp_s_reg_442       |   32|   0|   32|          0|
    |y_1_reg_473         |   64|   0|   64|          0|
    |y_reg_105           |   64|   0|   64|          0|
    |z_reg_126           |   32|   0|   32|          0|
    +--------------------+-----+----+-----+-----------+
    |Total               |  951|   0|  951|          0|
    +--------------------+-----+----+-----+-----------+



================================================================
== Interface
================================================================
* Summary: 
+-----------+-----+-----+------------+----------------+--------------+
| RTL Ports | Dir | Bits|  Protocol  |  Source Object |    C Type    |
+-----------+-----+-----+------------+----------------+--------------+
|ap_clk     |  in |    1| ap_ctrl_hs | Square3_duplex | return value |
|ap_rst     |  in |    1| ap_ctrl_hs | Square3_duplex | return value |
|ap_start   |  in |    1| ap_ctrl_hs | Square3_duplex | return value |
|ap_done    | out |    1| ap_ctrl_hs | Square3_duplex | return value |
|ap_idle    | out |    1| ap_ctrl_hs | Square3_duplex | return value |
|ap_ready   | out |    1| ap_ctrl_hs | Square3_duplex | return value |
|ap_return  | out |   32| ap_ctrl_hs | Square3_duplex | return value |
|x          |  in |   64|   ap_none  |        x       |    scalar    |
+-----------+-----+-----+------------+----------------+--------------+

============================================================
+ Verbose Summary: Synthesis Manager
============================================================
InlineROM: 1
ExposeGlobal: 0
============================================================
+ Verbose Summary: CDFG Model
============================================================
IsTopModel: 0
ResetActiveHigh: 1
IsCombinational: 2
IsDatapathOnly: 2
HasWiredReturn: 1
HasMFsm: 0
HasVarLatency: 1
IsPipeline: 0
IsRtlPipelined: 0
IsInstanceOverlapped: 0
IsDontTouch: 0
HasImplIP: 0
IsGatedGlobalClock: 0


============================================================
+ Verbose Summary: Schedule
============================================================
* Number of FSM states: 87
* Pipeline: 0
* Dataflow Pipeline: 0

* FSM state transitions: 
1 --> 
	2  / true
2 --> 
	3  / (!tmp)
	71  / (tmp)
3 --> 
	4  / true
4 --> 
	5  / true
5 --> 
	6  / true
6 --> 
	7  / true
7 --> 
	8  / true
8 --> 
	9  / true
9 --> 
	10  / true
10 --> 
	11  / true
11 --> 
	12  / true
12 --> 
	13  / true
13 --> 
	14  / true
14 --> 
	15  / true
15 --> 
	16  / true
16 --> 
	17  / true
17 --> 
	18  / true
18 --> 
	19  / true
19 --> 
	20  / true
20 --> 
	21  / true
21 --> 
	22  / true
22 --> 
	23  / true
23 --> 
	24  / true
24 --> 
	25  / true
25 --> 
	26  / true
26 --> 
	27  / true
27 --> 
	28  / true
28 --> 
	29  / true
29 --> 
	30  / true
30 --> 
	31  / true
31 --> 
	32  / true
32 --> 
	33  / true
33 --> 
	34  / true
34 --> 
	35  / true
35 --> 
	36  / true
36 --> 
	37  / true
37 --> 
	38  / true
38 --> 
	39  / true
39 --> 
	40  / true
40 --> 
	41  / true
41 --> 
	42  / true
42 --> 
	43  / true
43 --> 
	44  / true
44 --> 
	45  / true
45 --> 
	46  / true
46 --> 
	47  / true
47 --> 
	48  / true
48 --> 
	49  / true
49 --> 
	50  / true
50 --> 
	51  / true
51 --> 
	52  / true
52 --> 
	53  / true
53 --> 
	54  / true
54 --> 
	55  / true
55 --> 
	56  / true
56 --> 
	57  / true
57 --> 
	58  / true
58 --> 
	59  / true
59 --> 
	60  / true
60 --> 
	61  / true
61 --> 
	62  / true
62 --> 
	63  / true
63 --> 
	64  / true
64 --> 
	65  / true
65 --> 
	66  / true
66 --> 
	67  / true
67 --> 
	68  / true
68 --> 
	69  / true
69 --> 
	70  / true
70 --> 
	2  / true
71 --> 
	72  / (tmp_5)
	80  / (!tmp_5)
72 --> 
	73  / true
73 --> 
	74  / true
74 --> 
	75  / true
75 --> 
	76  / true
76 --> 
	77  / true
77 --> 
	78  / true
78 --> 
	79  / true
79 --> 
	71  / true
80 --> 
	81  / true
81 --> 
	82  / true
82 --> 
	83  / true
83 --> 
	84  / true
84 --> 
	85  / true
85 --> 
	86  / true
86 --> 
	87  / true
87 --> 
* FSM state operations: 

 <State 1>: 2.85ns
ST_1: x_read [1/1] 1.28ns
:0  %x_read = call i64 @_ssdm_op_Read.ap_auto.i64(i64 %x) nounwind

ST_1: arr [1/1] 2.39ns
:1  %arr = alloca [20 x i32], align 16

ST_1: stg_90 [1/1] 1.57ns
:2  br label %1


 <State 2>: 6.68ns
ST_2: cou1 [1/1] 0.00ns
:0  %cou1 = phi i32 [ 0, %0 ], [ %cou1_1, %2 ]

ST_2: y [1/1] 0.00ns
:1  %y = phi i64 [ %x_read, %0 ], [ %y_1, %2 ]

ST_2: tmp [1/1] 3.35ns
:2  %tmp = icmp eq i64 %y, 0

ST_2: cou1_1 [1/1] 2.39ns
:3  %cou1_1 = add nsw i32 %cou1, 1

ST_2: stg_95 [1/1] 0.00ns
:4  br i1 %tmp, label %.preheader.preheader, label %2

ST_2: tmp_2 [68/68] 6.59ns
:0  %tmp_2 = srem i64 %y, 10

ST_2: sext_cast [1/1] 0.00ns
:5  %sext_cast = sext i64 %y to i129

ST_2: mul [18/18] 6.68ns
:6  %mul = mul i129 29514790517935282586, %sext_cast

ST_2: tmp_19 [1/1] 0.00ns
:8  %tmp_19 = call i1 @_ssdm_op_BitSelect.i1.i64.i32(i64 %y, i32 63)

ST_2: tmp_3 [1/1] 0.00ns
.preheader.preheader:0  %tmp_3 = call i1 @_ssdm_op_BitSelect.i1.i32.i32(i32 %cou1, i32 31)

ST_2: p_neg [1/1] 2.39ns
.preheader.preheader:1  %p_neg = sub i32 0, %cou1

ST_2: p_lshr [1/1] 0.00ns
.preheader.preheader:2  %p_lshr = call i31 @_ssdm_op_PartSelect.i31.i32.i32.i32(i32 %p_neg, i32 1, i32 31)

ST_2: tmp_10 [1/1] 0.00ns
.preheader.preheader:3  %tmp_10 = zext i31 %p_lshr to i32

ST_2: p_neg_t [1/1] 2.39ns
.preheader.preheader:4  %p_neg_t = sub i32 0, %tmp_10

ST_2: p_lshr_f [1/1] 0.00ns
.preheader.preheader:5  %p_lshr_f = call i31 @_ssdm_op_PartSelect.i31.i32.i32.i32(i32 %cou1, i32 1, i32 31)

ST_2: tmp_11 [1/1] 0.00ns
.preheader.preheader:6  %tmp_11 = zext i31 %p_lshr_f to i32

ST_2: tmp_s [1/1] 1.37ns
.preheader.preheader:7  %tmp_s = select i1 %tmp_3, i32 %p_neg_t, i32 %tmp_11

ST_2: tmp_6 [1/1] 2.39ns
.preheader.preheader:8  %tmp_6 = add i32 %cou1, -1

ST_2: stg_109 [1/1] 1.57ns
.preheader.preheader:9  br label %.preheader


 <State 3>: 6.68ns
ST_3: tmp_2 [67/68] 6.59ns
:0  %tmp_2 = srem i64 %y, 10

ST_3: mul [17/18] 6.68ns
:6  %mul = mul i129 29514790517935282586, %sext_cast


 <State 4>: 6.68ns
ST_4: tmp_2 [66/68] 6.59ns
:0  %tmp_2 = srem i64 %y, 10

ST_4: mul [16/18] 6.68ns
:6  %mul = mul i129 29514790517935282586, %sext_cast


 <State 5>: 6.68ns
ST_5: tmp_2 [65/68] 6.59ns
:0  %tmp_2 = srem i64 %y, 10

ST_5: mul [15/18] 6.68ns
:6  %mul = mul i129 29514790517935282586, %sext_cast


 <State 6>: 6.68ns
ST_6: tmp_2 [64/68] 6.59ns
:0  %tmp_2 = srem i64 %y, 10

ST_6: mul [14/18] 6.68ns
:6  %mul = mul i129 29514790517935282586, %sext_cast


 <State 7>: 6.68ns
ST_7: tmp_2 [63/68] 6.59ns
:0  %tmp_2 = srem i64 %y, 10

ST_7: mul [13/18] 6.68ns
:6  %mul = mul i129 29514790517935282586, %sext_cast


 <State 8>: 6.68ns
ST_8: tmp_2 [62/68] 6.59ns
:0  %tmp_2 = srem i64 %y, 10

ST_8: mul [12/18] 6.68ns
:6  %mul = mul i129 29514790517935282586, %sext_cast


 <State 9>: 6.68ns
ST_9: tmp_2 [61/68] 6.59ns
:0  %tmp_2 = srem i64 %y, 10

ST_9: mul [11/18] 6.68ns
:6  %mul = mul i129 29514790517935282586, %sext_cast


 <State 10>: 6.68ns
ST_10: tmp_2 [60/68] 6.59ns
:0  %tmp_2 = srem i64 %y, 10

ST_10: mul [10/18] 6.68ns
:6  %mul = mul i129 29514790517935282586, %sext_cast


 <State 11>: 6.68ns
ST_11: tmp_2 [59/68] 6.59ns
:0  %tmp_2 = srem i64 %y, 10

ST_11: mul [9/18] 6.68ns
:6  %mul = mul i129 29514790517935282586, %sext_cast


 <State 12>: 6.68ns
ST_12: tmp_2 [58/68] 6.59ns
:0  %tmp_2 = srem i64 %y, 10

ST_12: mul [8/18] 6.68ns
:6  %mul = mul i129 29514790517935282586, %sext_cast


 <State 13>: 6.68ns
ST_13: tmp_2 [57/68] 6.59ns
:0  %tmp_2 = srem i64 %y, 10

ST_13: mul [7/18] 6.68ns
:6  %mul = mul i129 29514790517935282586, %sext_cast


 <State 14>: 6.68ns
ST_14: tmp_2 [56/68] 6.59ns
:0  %tmp_2 = srem i64 %y, 10

ST_14: mul [6/18] 6.68ns
:6  %mul = mul i129 29514790517935282586, %sext_cast


 <State 15>: 6.68ns
ST_15: tmp_2 [55/68] 6.59ns
:0  %tmp_2 = srem i64 %y, 10

ST_15: mul [5/18] 6.68ns
:6  %mul = mul i129 29514790517935282586, %sext_cast


 <State 16>: 6.68ns
ST_16: tmp_2 [54/68] 6.59ns
:0  %tmp_2 = srem i64 %y, 10

ST_16: mul [4/18] 6.68ns
:6  %mul = mul i129 29514790517935282586, %sext_cast


 <State 17>: 6.68ns
ST_17: tmp_2 [53/68] 6.59ns
:0  %tmp_2 = srem i64 %y, 10

ST_17: mul [3/18] 6.68ns
:6  %mul = mul i129 29514790517935282586, %sext_cast


 <State 18>: 6.68ns
ST_18: tmp_2 [52/68] 6.59ns
:0  %tmp_2 = srem i64 %y, 10

ST_18: mul [2/18] 6.68ns
:6  %mul = mul i129 29514790517935282586, %sext_cast


 <State 19>: 6.68ns
ST_19: tmp_2 [51/68] 6.59ns
:0  %tmp_2 = srem i64 %y, 10

ST_19: mul [1/18] 6.68ns
:6  %mul = mul i129 29514790517935282586, %sext_cast

ST_19: tmp_21 [1/1] 0.00ns
:11  %tmp_21 = call i61 @_ssdm_op_PartSelect.i61.i129.i32.i32(i129 %mul, i32 68, i32 128)


 <State 20>: 8.74ns
ST_20: tmp_2 [50/68] 6.59ns
:0  %tmp_2 = srem i64 %y, 10

ST_20: neg_mul [1/1] 5.39ns
:7  %neg_mul = sub i129 0, %mul

ST_20: tmp_20 [1/1] 0.00ns (grouped into LUT with out node neg_ti)
:9  %tmp_20 = call i61 @_ssdm_op_PartSelect.i61.i129.i32.i32(i129 %neg_mul, i32 68, i32 128)

ST_20: tmp_13 [1/1] 0.00ns (grouped into LUT with out node neg_ti)
:10  %tmp_13 = sext i61 %tmp_20 to i64

ST_20: tmp_17 [1/1] 0.00ns
:12  %tmp_17 = sext i61 %tmp_21 to i64

ST_20: tmp_18 [1/1] 0.00ns (grouped into LUT with out node neg_ti)
:13  %tmp_18 = select i1 %tmp_19, i64 %tmp_13, i64 %tmp_17

ST_20: neg_ti [1/1] 3.35ns (out node of the LUT)
:14  %neg_ti = sub i64 0, %tmp_18


 <State 21>: 6.59ns
ST_21: tmp_2 [49/68] 6.59ns
:0  %tmp_2 = srem i64 %y, 10

ST_21: y_1 [1/1] 1.37ns
:15  %y_1 = select i1 %tmp_19, i64 %neg_ti, i64 %tmp_17


 <State 22>: 6.59ns
ST_22: tmp_2 [48/68] 6.59ns
:0  %tmp_2 = srem i64 %y, 10


 <State 23>: 6.59ns
ST_23: tmp_2 [47/68] 6.59ns
:0  %tmp_2 = srem i64 %y, 10


 <State 24>: 6.59ns
ST_24: tmp_2 [46/68] 6.59ns
:0  %tmp_2 = srem i64 %y, 10


 <State 25>: 6.59ns
ST_25: tmp_2 [45/68] 6.59ns
:0  %tmp_2 = srem i64 %y, 10


 <State 26>: 6.59ns
ST_26: tmp_2 [44/68] 6.59ns
:0  %tmp_2 = srem i64 %y, 10


 <State 27>: 6.59ns
ST_27: tmp_2 [43/68] 6.59ns
:0  %tmp_2 = srem i64 %y, 10


 <State 28>: 6.59ns
ST_28: tmp_2 [42/68] 6.59ns
:0  %tmp_2 = srem i64 %y, 10


 <State 29>: 6.59ns
ST_29: tmp_2 [41/68] 6.59ns
:0  %tmp_2 = srem i64 %y, 10


 <State 30>: 6.59ns
ST_30: tmp_2 [40/68] 6.59ns
:0  %tmp_2 = srem i64 %y, 10


 <State 31>: 6.59ns
ST_31: tmp_2 [39/68] 6.59ns
:0  %tmp_2 = srem i64 %y, 10


 <State 32>: 6.59ns
ST_32: tmp_2 [38/68] 6.59ns
:0  %tmp_2 = srem i64 %y, 10


 <State 33>: 6.59ns
ST_33: tmp_2 [37/68] 6.59ns
:0  %tmp_2 = srem i64 %y, 10


 <State 34>: 6.59ns
ST_34: tmp_2 [36/68] 6.59ns
:0  %tmp_2 = srem i64 %y, 10


 <State 35>: 6.59ns
ST_35: tmp_2 [35/68] 6.59ns
:0  %tmp_2 = srem i64 %y, 10


 <State 36>: 6.59ns
ST_36: tmp_2 [34/68] 6.59ns
:0  %tmp_2 = srem i64 %y, 10


 <State 37>: 6.59ns
ST_37: tmp_2 [33/68] 6.59ns
:0  %tmp_2 = srem i64 %y, 10


 <State 38>: 6.59ns
ST_38: tmp_2 [32/68] 6.59ns
:0  %tmp_2 = srem i64 %y, 10


 <State 39>: 6.59ns
ST_39: tmp_2 [31/68] 6.59ns
:0  %tmp_2 = srem i64 %y, 10


 <State 40>: 6.59ns
ST_40: tmp_2 [30/68] 6.59ns
:0  %tmp_2 = srem i64 %y, 10


 <State 41>: 6.59ns
ST_41: tmp_2 [29/68] 6.59ns
:0  %tmp_2 = srem i64 %y, 10


 <State 42>: 6.59ns
ST_42: tmp_2 [28/68] 6.59ns
:0  %tmp_2 = srem i64 %y, 10


 <State 43>: 6.59ns
ST_43: tmp_2 [27/68] 6.59ns
:0  %tmp_2 = srem i64 %y, 10


 <State 44>: 6.59ns
ST_44: tmp_2 [26/68] 6.59ns
:0  %tmp_2 = srem i64 %y, 10


 <State 45>: 6.59ns
ST_45: tmp_2 [25/68] 6.59ns
:0  %tmp_2 = srem i64 %y, 10


 <State 46>: 6.59ns
ST_46: tmp_2 [24/68] 6.59ns
:0  %tmp_2 = srem i64 %y, 10


 <State 47>: 6.59ns
ST_47: tmp_2 [23/68] 6.59ns
:0  %tmp_2 = srem i64 %y, 10


 <State 48>: 6.59ns
ST_48: tmp_2 [22/68] 6.59ns
:0  %tmp_2 = srem i64 %y, 10


 <State 49>: 6.59ns
ST_49: tmp_2 [21/68] 6.59ns
:0  %tmp_2 = srem i64 %y, 10


 <State 50>: 6.59ns
ST_50: tmp_2 [20/68] 6.59ns
:0  %tmp_2 = srem i64 %y, 10


 <State 51>: 6.59ns
ST_51: tmp_2 [19/68] 6.59ns
:0  %tmp_2 = srem i64 %y, 10


 <State 52>: 6.59ns
ST_52: tmp_2 [18/68] 6.59ns
:0  %tmp_2 = srem i64 %y, 10


 <State 53>: 6.59ns
ST_53: tmp_2 [17/68] 6.59ns
:0  %tmp_2 = srem i64 %y, 10


 <State 54>: 6.59ns
ST_54: tmp_2 [16/68] 6.59ns
:0  %tmp_2 = srem i64 %y, 10


 <State 55>: 6.59ns
ST_55: tmp_2 [15/68] 6.59ns
:0  %tmp_2 = srem i64 %y, 10


 <State 56>: 6.59ns
ST_56: tmp_2 [14/68] 6.59ns
:0  %tmp_2 = srem i64 %y, 10


 <State 57>: 6.59ns
ST_57: tmp_2 [13/68] 6.59ns
:0  %tmp_2 = srem i64 %y, 10


 <State 58>: 6.59ns
ST_58: tmp_2 [12/68] 6.59ns
:0  %tmp_2 = srem i64 %y, 10


 <State 59>: 6.59ns
ST_59: tmp_2 [11/68] 6.59ns
:0  %tmp_2 = srem i64 %y, 10


 <State 60>: 6.59ns
ST_60: tmp_2 [10/68] 6.59ns
:0  %tmp_2 = srem i64 %y, 10


 <State 61>: 6.59ns
ST_61: tmp_2 [9/68] 6.59ns
:0  %tmp_2 = srem i64 %y, 10


 <State 62>: 6.59ns
ST_62: tmp_2 [8/68] 6.59ns
:0  %tmp_2 = srem i64 %y, 10


 <State 63>: 6.59ns
ST_63: tmp_2 [7/68] 6.59ns
:0  %tmp_2 = srem i64 %y, 10


 <State 64>: 6.59ns
ST_64: tmp_2 [6/68] 6.59ns
:0  %tmp_2 = srem i64 %y, 10


 <State 65>: 6.59ns
ST_65: tmp_2 [5/68] 6.59ns
:0  %tmp_2 = srem i64 %y, 10


 <State 66>: 6.59ns
ST_66: tmp_2 [4/68] 6.59ns
:0  %tmp_2 = srem i64 %y, 10


 <State 67>: 6.59ns
ST_67: tmp_2 [3/68] 6.59ns
:0  %tmp_2 = srem i64 %y, 10


 <State 68>: 6.59ns
ST_68: tmp_2 [2/68] 6.59ns
:0  %tmp_2 = srem i64 %y, 10


 <State 69>: 6.59ns
ST_69: tmp_2 [1/68] 6.59ns
:0  %tmp_2 = srem i64 %y, 10


 <State 70>: 2.39ns
ST_70: tmp_12 [1/1] 0.00ns
:1  %tmp_12 = trunc i64 %tmp_2 to i32

ST_70: tmp_4 [1/1] 0.00ns
:2  %tmp_4 = sext i32 %cou1 to i64

ST_70: arr_addr [1/1] 0.00ns
:3  %arr_addr = getelementptr inbounds [20 x i32]* %arr, i64 0, i64 %tmp_4

ST_70: stg_205 [1/1] 2.39ns
:4  store i32 %tmp_12, i32* %arr_addr, align 4

ST_70: stg_206 [1/1] 0.00ns
:16  br label %1


 <State 71>: 4.78ns
ST_71: i [1/1] 0.00ns
.preheader:0  %i = phi i31 [ %i_1, %3 ], [ 0, %.preheader.preheader ]

ST_71: z [1/1] 0.00ns
.preheader:1  %z = phi i32 [ %z_2, %3 ], [ 0, %.preheader.preheader ]

ST_71: i_cast [1/1] 0.00ns
.preheader:2  %i_cast = zext i31 %i to i32

ST_71: tmp_5 [1/1] 2.93ns
.preheader:3  %tmp_5 = icmp slt i32 %i_cast, %tmp_s

ST_71: i_1 [1/1] 2.39ns
.preheader:4  %i_1 = add i31 %i, 1

ST_71: stg_212 [1/1] 0.00ns
.preheader:5  br i1 %tmp_5, label %3, label %_ifconv

ST_71: tmp_7 [1/1] 2.39ns
:0  %tmp_7 = sub i32 %tmp_6, %i_cast

ST_71: tmp_8 [1/1] 0.00ns
:1  %tmp_8 = sext i32 %tmp_7 to i64

ST_71: arr_addr_1 [1/1] 0.00ns
:2  %arr_addr_1 = getelementptr inbounds [20 x i32]* %arr, i64 0, i64 %tmp_8

ST_71: arr_load [2/2] 2.39ns
:3  %arr_load = load i32* %arr_addr_1, align 4

ST_71: tmp_9 [1/1] 0.00ns
:4  %tmp_9 = zext i31 %i to i64

ST_71: arr_addr_2 [1/1] 0.00ns
:5  %arr_addr_2 = getelementptr inbounds [20 x i32]* %arr, i64 0, i64 %tmp_9

ST_71: arr_load_1 [2/2] 2.39ns
:6  %arr_load_1 = load i32* %arr_addr_2, align 4

ST_71: tmp_26 [1/1] 0.00ns
_ifconv:1  %tmp_26 = trunc i32 %p_neg to i1

ST_71: tmp_15 [1/1] 0.00ns
_ifconv:7  %tmp_15 = sext i32 %tmp_s to i64

ST_71: arr_addr_3 [1/1] 0.00ns
_ifconv:8  %arr_addr_3 = getelementptr inbounds [20 x i32]* %arr, i64 0, i64 %tmp_15

ST_71: arr_load_2 [2/2] 2.39ns
_ifconv:9  %arr_load_2 = load i32* %arr_addr_3, align 4


 <State 72>: 2.39ns
ST_72: arr_load [1/2] 2.39ns
:3  %arr_load = load i32* %arr_addr_1, align 4

ST_72: arr_load_1 [1/2] 2.39ns
:6  %arr_load_1 = load i32* %arr_addr_2, align 4


 <State 73>: 6.68ns
ST_73: tmp_1 [6/6] 6.68ns
:7  %tmp_1 = mul i32 %arr_load, %arr_load_1


 <State 74>: 6.68ns
ST_74: tmp_1 [5/6] 6.68ns
:7  %tmp_1 = mul i32 %arr_load, %arr_load_1


 <State 75>: 6.68ns
ST_75: tmp_1 [4/6] 6.68ns
:7  %tmp_1 = mul i32 %arr_load, %arr_load_1


 <State 76>: 6.68ns
ST_76: tmp_1 [3/6] 6.68ns
:7  %tmp_1 = mul i32 %arr_load, %arr_load_1


 <State 77>: 6.68ns
ST_77: tmp_1 [2/6] 6.68ns
:7  %tmp_1 = mul i32 %arr_load, %arr_load_1


 <State 78>: 6.68ns
ST_78: tmp_1 [1/6] 6.68ns
:7  %tmp_1 = mul i32 %arr_load, %arr_load_1


 <State 79>: 2.39ns
ST_79: tmp_22 [1/1] 0.00ns (grouped into LUT with out node z_2)
:8  %tmp_22 = shl i32 %tmp_1, 1

ST_79: z_2 [1/1] 2.39ns (out node of the LUT)
:9  %z_2 = add nsw i32 %z, %tmp_22

ST_79: stg_234 [1/1] 0.00ns
:10  br label %.preheader


 <State 80>: 2.39ns
ST_80: tmp_25 [1/1] 0.00ns (grouped into LUT with out node tmp_14)
_ifconv:0  %tmp_25 = trunc i32 %cou1 to i1

ST_80: tmp_27 [1/1] 0.00ns
_ifconv:2  %tmp_27 = call i2 @_ssdm_op_BitConcatenate.i2.i1.i1(i1 false, i1 %tmp_26)

ST_80: tmp_28 [1/1] 0.75ns
_ifconv:3  %tmp_28 = sub i2 0, %tmp_27

ST_80: tmp_23 [1/1] 0.00ns (grouped into LUT with out node tmp_14)
_ifconv:4  %tmp_23 = call i2 @_ssdm_op_BitConcatenate.i2.i1.i1(i1 false, i1 %tmp_25)

ST_80: tmp_24 [1/1] 0.00ns (grouped into LUT with out node tmp_14)
_ifconv:5  %tmp_24 = select i1 %tmp_3, i2 %tmp_28, i2 %tmp_23

ST_80: tmp_14 [1/1] 1.54ns (out node of the LUT)
_ifconv:6  %tmp_14 = icmp eq i2 %tmp_24, 1

ST_80: arr_load_2 [1/2] 2.39ns
_ifconv:9  %arr_load_2 = load i32* %arr_addr_3, align 4


 <State 81>: 6.68ns
ST_81: tmp_16 [6/6] 6.68ns
_ifconv:10  %tmp_16 = mul nsw i32 %arr_load_2, %arr_load_2


 <State 82>: 6.68ns
ST_82: tmp_16 [5/6] 6.68ns
_ifconv:10  %tmp_16 = mul nsw i32 %arr_load_2, %arr_load_2


 <State 83>: 6.68ns
ST_83: tmp_16 [4/6] 6.68ns
_ifconv:10  %tmp_16 = mul nsw i32 %arr_load_2, %arr_load_2


 <State 84>: 6.68ns
ST_84: tmp_16 [3/6] 6.68ns
_ifconv:10  %tmp_16 = mul nsw i32 %arr_load_2, %arr_load_2


 <State 85>: 6.68ns
ST_85: tmp_16 [2/6] 6.68ns
_ifconv:10  %tmp_16 = mul nsw i32 %arr_load_2, %arr_load_2


 <State 86>: 6.68ns
ST_86: tmp_16 [1/6] 6.68ns
_ifconv:10  %tmp_16 = mul nsw i32 %arr_load_2, %arr_load_2


 <State 87>: 3.76ns
ST_87: z_3 [1/1] 2.39ns
_ifconv:11  %z_3 = add nsw i32 %z, %tmp_16

ST_87: z_1 [1/1] 1.37ns
_ifconv:12  %z_1 = select i1 %tmp_14, i32 %z_3, i32 %z

ST_87: stg_250 [1/1] 0.00ns
_ifconv:13  ret i32 %z_1



============================================================
+ Verbose Summary: Binding
============================================================
STG Binding: 
---------------- STG Properties BEGIN ----------------
- Is combinational: 0
- Is one-state seq: 0
- Is datapath-only: 0
- Is clock enabled: 0
- Is pipelined: 0
- Is top level: 0
Port [ Return ] is wired: 1; IO mode=ap_ctrl_hs:ce=0
Port [ x]:  wired=1; compound=0; hidden=0; nouse=0; global=0; static=0; extern=0; dir=0; type=0; pingpong=0; private_global=0; IO mode=ap_none:ce=0
---------------- STG Properties END ------------------

---------------- Datapath Model BEGIN ----------------

<LifeTime>
<method=bitvector/>
x_read     (read          ) [ 0111111111111111111111111111111111111111111111111111111111111111111111100000000000000000]
arr        (alloca        ) [ 0011111111111111111111111111111111111111111111111111111111111111111111111111111100000000]
stg_90     (br            ) [ 0111111111111111111111111111111111111111111111111111111111111111111111100000000000000000]
cou1       (phi           ) [ 0011111111111111111111111111111111111111111111111111111111111111111111111111111110000000]
y          (phi           ) [ 0011111111111111111111111111111111111111111111111111111111111111111111000000000000000000]
tmp        (icmp          ) [ 0011111111111111111111111111111111111111111111111111111111111111111111100000000000000000]
cou1_1     (add           ) [ 0111111111111111111111111111111111111111111111111111111111111111111111100000000000000000]
stg_95     (br            ) [ 0000000000000000000000000000000000000000000000000000000000000000000000000000000000000000]
sext_cast  (sext          ) [ 0001111111111111111100000000000000000000000000000000000000000000000000000000000000000000]
tmp_19     (bitselect     ) [ 0001111111111111111111000000000000000000000000000000000000000000000000000000000000000000]
tmp_3      (bitselect     ) [ 0000000000000000000000000000000000000000000000000000000000000000000000011111111110000000]
p_neg      (sub           ) [ 0000000000000000000000000000000000000000000000000000000000000000000000011111111100000000]
p_lshr     (partselect    ) [ 0000000000000000000000000000000000000000000000000000000000000000000000000000000000000000]
tmp_10     (zext          ) [ 0000000000000000000000000000000000000000000000000000000000000000000000000000000000000000]
p_neg_t    (sub           ) [ 0000000000000000000000000000000000000000000000000000000000000000000000000000000000000000]
p_lshr_f   (partselect    ) [ 0000000000000000000000000000000000000000000000000000000000000000000000000000000000000000]
tmp_11     (zext          ) [ 0000000000000000000000000000000000000000000000000000000000000000000000000000000000000000]
tmp_s      (select        ) [ 0000000000000000000000000000000000000000000000000000000000000000000000011111111100000000]
tmp_6      (add           ) [ 0000000000000000000000000000000000000000000000000000000000000000000000011111111100000000]
stg_109    (br            ) [ 0011111111111111111111111111111111111111111111111111111111111111111111111111111100000000]
mul        (mul           ) [ 0000000000000000000010000000000000000000000000000000000000000000000000000000000000000000]
tmp_21     (partselect    ) [ 0000000000000000000010000000000000000000000000000000000000000000000000000000000000000000]
neg_mul    (sub           ) [ 0000000000000000000000000000000000000000000000000000000000000000000000000000000000000000]
tmp_20     (partselect    ) [ 0000000000000000000000000000000000000000000000000000000000000000000000000000000000000000]
tmp_13     (sext          ) [ 0000000000000000000000000000000000000000000000000000000000000000000000000000000000000000]
tmp_17     (sext          ) [ 0000000000000000000001000000000000000000000000000000000000000000000000000000000000000000]
tmp_18     (select        ) [ 0000000000000000000000000000000000000000000000000000000000000000000000000000000000000000]
neg_ti     (sub           ) [ 0000000000000000000001000000000000000000000000000000000000000000000000000000000000000000]
y_1        (select        ) [ 0110000000000000000000111111111111111111111111111111111111111111111111100000000000000000]
tmp_2      (srem          ) [ 0000000000000000000000000000000000000000000000000000000000000000000000100000000000000000]
tmp_12     (trunc         ) [ 0000000000000000000000000000000000000000000000000000000000000000000000000000000000000000]
tmp_4      (sext          ) [ 0000000000000000000000000000000000000000000000000000000000000000000000000000000000000000]
arr_addr   (getelementptr ) [ 0000000000000000000000000000000000000000000000000000000000000000000000000000000000000000]
stg_205    (store         ) [ 0000000000000000000000000000000000000000000000000000000000000000000000000000000000000000]
stg_206    (br            ) [ 0111111111111111111111111111111111111111111111111111111111111111111111100000000000000000]
i          (phi           ) [ 0000000000000000000000000000000000000000000000000000000000000000000000010000000000000000]
z          (phi           ) [ 0000000000000000000000000000000000000000000000000000000000000000000000011111111111111111]
i_cast     (zext          ) [ 0000000000000000000000000000000000000000000000000000000000000000000000000000000000000000]
tmp_5      (icmp          ) [ 0000000000000000000000000000000000000000000000000000000000000000000000011111111100000000]
i_1        (add           ) [ 0010000000000000000000000000000000000000000000000000000000000000000000011111111100000000]
stg_212    (br            ) [ 0000000000000000000000000000000000000000000000000000000000000000000000000000000000000000]
tmp_7      (sub           ) [ 0000000000000000000000000000000000000000000000000000000000000000000000000000000000000000]
tmp_8      (sext          ) [ 0000000000000000000000000000000000000000000000000000000000000000000000000000000000000000]
arr_addr_1 (getelementptr ) [ 0000000000000000000000000000000000000000000000000000000000000000000000001000000000000000]
tmp_9      (zext          ) [ 0000000000000000000000000000000000000000000000000000000000000000000000000000000000000000]
arr_addr_2 (getelementptr ) [ 0000000000000000000000000000000000000000000000000000000000000000000000001000000000000000]
tmp_26     (trunc         ) [ 0000000000000000000000000000000000000000000000000000000000000000000000000000000010000000]
tmp_15     (sext          ) [ 0000000000000000000000000000000000000000000000000000000000000000000000000000000000000000]
arr_addr_3 (getelementptr ) [ 0000000000000000000000000000000000000000000000000000000000000000000000000000000010000000]
arr_load   (load          ) [ 0000000000000000000000000000000000000000000000000000000000000000000000000111111000000000]
arr_load_1 (load          ) [ 0000000000000000000000000000000000000000000000000000000000000000000000000111111000000000]
tmp_1      (mul           ) [ 0000000000000000000000000000000000000000000000000000000000000000000000000000000100000000]
tmp_22     (shl           ) [ 0000000000000000000000000000000000000000000000000000000000000000000000000000000000000000]
z_2        (add           ) [ 0010000000000000000000000000000000000000000000000000000000000000000000011111111100000000]
stg_234    (br            ) [ 0010000000000000000000000000000000000000000000000000000000000000000000011111111100000000]
tmp_25     (trunc         ) [ 0000000000000000000000000000000000000000000000000000000000000000000000000000000000000000]
tmp_27     (bitconcatenate) [ 0000000000000000000000000000000000000000000000000000000000000000000000000000000000000000]
tmp_28     (sub           ) [ 0000000000000000000000000000000000000000000000000000000000000000000000000000000000000000]
tmp_23     (bitconcatenate) [ 0000000000000000000000000000000000000000000000000000000000000000000000000000000000000000]
tmp_24     (select        ) [ 0000000000000000000000000000000000000000000000000000000000000000000000000000000000000000]
tmp_14     (icmp          ) [ 0000000000000000000000000000000000000000000000000000000000000000000000000000000001111111]
arr_load_2 (load          ) [ 0000000000000000000000000000000000000000000000000000000000000000000000000000000001111110]
tmp_16     (mul           ) [ 0000000000000000000000000000000000000000000000000000000000000000000000000000000000000001]
z_3        (add           ) [ 0000000000000000000000000000000000000000000000000000000000000000000000000000000000000000]
z_1        (select        ) [ 0000000000000000000000000000000000000000000000000000000000000000000000000000000000000000]
stg_250    (ret           ) [ 0000000000000000000000000000000000000000000000000000000000000000000000000000000000000000]
</LifeTime>

<model>

<comp_list>
<comp id="0" class="1000" name="x">
<pin_list>
<pin id="1" dir="1" index="0" bw="1" slack="0"/>
</pin_list>
<bind>
<StgValue><ssdm name="x"/></StgValue>
</bind>
</comp>

<comp id="2" class="1001" name="const_2">
<pin_list>
<pin id="3" dir="1" index="0" bw="1" slack="0"/>
</pin_list>
<bind>
<StgValue><ssdm name="_ssdm_op_Read.ap_auto.i64"/></StgValue>
</bind>
</comp>

<comp id="4" class="1001" name="const_4">
<pin_list>
<pin id="5" dir="1" index="0" bw="1" slack="0"/>
</pin_list>
<bind>
<StgValue><ssdm name=""/></StgValue>
</bind>
</comp>

<comp id="6" class="1001" name="const_6">
<pin_list>
<pin id="7" dir="1" index="0" bw="1" slack="0"/>
</pin_list>
<bind>
<StgValue><ssdm name=""/></StgValue>
</bind>
</comp>

<comp id="8" class="1001" name="const_8">
<pin_list>
<pin id="9" dir="1" index="0" bw="1" slack="0"/>
</pin_list>
<bind>
<StgValue><ssdm name=""/></StgValue>
</bind>
</comp>

<comp id="10" class="1001" name="const_10">
<pin_list>
<pin id="11" dir="1" index="0" bw="1" slack="0"/>
</pin_list>
<bind>
<StgValue><ssdm name=""/></StgValue>
</bind>
</comp>

<comp id="12" class="1001" name="const_12">
<pin_list>
<pin id="13" dir="1" index="0" bw="1" slack="0"/>
</pin_list>
<bind>
<StgValue><ssdm name=""/></StgValue>
</bind>
</comp>

<comp id="14" class="1001" name="const_14">
<pin_list>
<pin id="15" dir="1" index="0" bw="1" slack="0"/>
</pin_list>
<bind>
<StgValue><ssdm name=""/></StgValue>
</bind>
</comp>

<comp id="16" class="1001" name="const_16">
<pin_list>
<pin id="17" dir="1" index="0" bw="1" slack="0"/>
</pin_list>
<bind>
<StgValue><ssdm name="_ssdm_op_BitSelect.i1.i64.i32"/></StgValue>
</bind>
</comp>

<comp id="18" class="1001" name="const_18">
<pin_list>
<pin id="19" dir="1" index="0" bw="1" slack="0"/>
</pin_list>
<bind>
<StgValue><ssdm name=""/></StgValue>
</bind>
</comp>

<comp id="20" class="1001" name="const_20">
<pin_list>
<pin id="21" dir="1" index="0" bw="1" slack="0"/>
</pin_list>
<bind>
<StgValue><ssdm name="_ssdm_op_BitSelect.i1.i32.i32"/></StgValue>
</bind>
</comp>

<comp id="22" class="1001" name="const_22">
<pin_list>
<pin id="23" dir="1" index="0" bw="1" slack="0"/>
</pin_list>
<bind>
<StgValue><ssdm name=""/></StgValue>
</bind>
</comp>

<comp id="24" class="1001" name="const_24">
<pin_list>
<pin id="25" dir="1" index="0" bw="1" slack="0"/>
</pin_list>
<bind>
<StgValue><ssdm name="_ssdm_op_PartSelect.i31.i32.i32.i32"/></StgValue>
</bind>
</comp>

<comp id="26" class="1001" name="const_26">
<pin_list>
<pin id="27" dir="1" index="0" bw="1" slack="0"/>
</pin_list>
<bind>
<StgValue><ssdm name=""/></StgValue>
</bind>
</comp>

<comp id="28" class="1001" name="const_28">
<pin_list>
<pin id="29" dir="1" index="0" bw="1" slack="0"/>
</pin_list>
<bind>
<StgValue><ssdm name="_ssdm_op_PartSelect.i61.i129.i32.i32"/></StgValue>
</bind>
</comp>

<comp id="30" class="1001" name="const_30">
<pin_list>
<pin id="31" dir="1" index="0" bw="1" slack="0"/>
</pin_list>
<bind>
<StgValue><ssdm name=""/></StgValue>
</bind>
</comp>

<comp id="32" class="1001" name="const_32">
<pin_list>
<pin id="33" dir="1" index="0" bw="1" slack="0"/>
</pin_list>
<bind>
<StgValue><ssdm name=""/></StgValue>
</bind>
</comp>

<comp id="34" class="1001" name="const_34">
<pin_list>
<pin id="35" dir="1" index="0" bw="1" slack="0"/>
</pin_list>
<bind>
<StgValue><ssdm name=""/></StgValue>
</bind>
</comp>

<comp id="36" class="1001" name="const_36">
<pin_list>
<pin id="37" dir="1" index="0" bw="1" slack="1"/>
</pin_list>
<bind>
<StgValue><ssdm name=""/></StgValue>
</bind>
</comp>

<comp id="38" class="1001" name="const_38">
<pin_list>
<pin id="39" dir="1" index="0" bw="1" slack="0"/>
</pin_list>
<bind>
<StgValue><ssdm name=""/></StgValue>
</bind>
</comp>

<comp id="40" class="1001" name="const_40">
<pin_list>
<pin id="41" dir="1" index="0" bw="1" slack="0"/>
</pin_list>
<bind>
<StgValue><ssdm name="_ssdm_op_BitConcatenate.i2.i1.i1"/></StgValue>
</bind>
</comp>

<comp id="42" class="1001" name="const_42">
<pin_list>
<pin id="43" dir="1" index="0" bw="1" slack="0"/>
</pin_list>
<bind>
<StgValue><ssdm name=""/></StgValue>
</bind>
</comp>

<comp id="44" class="1001" name="const_44">
<pin_list>
<pin id="45" dir="1" index="0" bw="1" slack="0"/>
</pin_list>
<bind>
<StgValue><ssdm name=""/></StgValue>
</bind>
</comp>

<comp id="46" class="1001" name="const_46">
<pin_list>
<pin id="47" dir="1" index="0" bw="1" slack="0"/>
</pin_list>
<bind>
<StgValue><ssdm name=""/></StgValue>
</bind>
</comp>

<comp id="48" class="1004" name="arr_alloca_fu_48">
<pin_list>
<pin id="49" dir="0" index="0" bw="1" slack="0"/>
<pin id="50" dir="1" index="1" bw="32" slack="2147483647"/>
</pin_list>
<bind>
<opcode="alloca(26) " fcode="alloca"/>
<opset="arr/1 "/>
</bind>
</comp>

<comp id="52" class="1004" name="x_read_read_fu_52">
<pin_list>
<pin id="53" dir="0" index="0" bw="64" slack="0"/>
<pin id="54" dir="0" index="1" bw="64" slack="0"/>
<pin id="55" dir="1" index="2" bw="64" slack="1"/>
</pin_list>
<bind>
<opcode="read(1150) " fcode="read"/>
<opset="x_read/1 "/>
</bind>
</comp>

<comp id="58" class="1004" name="arr_addr_gep_fu_58">
<pin_list>
<pin id="59" dir="0" index="0" bw="32" slack="2147483647"/>
<pin id="60" dir="0" index="1" bw="1" slack="0"/>
<pin id="61" dir="0" index="2" bw="32" slack="0"/>
<pin id="62" dir="1" index="3" bw="5" slack="0"/>
</pin_list>
<bind>
<opcode="getelementptr(29) " fcode="getelementptr"/>
<opset="arr_addr/70 "/>
</bind>
</comp>

<comp id="64" class="1004" name="grp_access_fu_64">
<pin_list>
<pin id="65" dir="0" index="0" bw="5" slack="0"/>
<pin id="66" dir="0" index="1" bw="32" slack="0"/>
<pin id="82" dir="0" index="3" bw="5" slack="0"/>
<pin id="83" dir="0" index="4" bw="32" slack="2147483647"/>
<pin id="67" dir="1" index="2" bw="32" slack="1"/>
<pin id="84" dir="1" index="5" bw="32" slack="1"/>
</pin_list>
<bind>
<opcode="load(27) store(28) " fcode="load"/>
<opset="stg_205/70 arr_load/71 arr_load_1/71 arr_load_2/71 "/>
</bind>
</comp>

<comp id="69" class="1004" name="arr_addr_1_gep_fu_69">
<pin_list>
<pin id="70" dir="0" index="0" bw="32" slack="2147483647"/>
<pin id="71" dir="0" index="1" bw="1" slack="0"/>
<pin id="72" dir="0" index="2" bw="32" slack="0"/>
<pin id="73" dir="1" index="3" bw="5" slack="0"/>
</pin_list>
<bind>
<opcode="getelementptr(29) " fcode="getelementptr"/>
<opset="arr_addr_1/71 "/>
</bind>
</comp>

<comp id="76" class="1004" name="arr_addr_2_gep_fu_76">
<pin_list>
<pin id="77" dir="0" index="0" bw="32" slack="2147483647"/>
<pin id="78" dir="0" index="1" bw="1" slack="0"/>
<pin id="79" dir="0" index="2" bw="31" slack="0"/>
<pin id="80" dir="1" index="3" bw="5" slack="0"/>
</pin_list>
<bind>
<opcode="getelementptr(29) " fcode="getelementptr"/>
<opset="arr_addr_2/71 "/>
</bind>
</comp>

<comp id="86" class="1004" name="arr_addr_3_gep_fu_86">
<pin_list>
<pin id="87" dir="0" index="0" bw="32" slack="2147483647"/>
<pin id="88" dir="0" index="1" bw="1" slack="0"/>
<pin id="89" dir="0" index="2" bw="32" slack="0"/>
<pin id="90" dir="1" index="3" bw="5" slack="0"/>
</pin_list>
<bind>
<opcode="getelementptr(29) " fcode="getelementptr"/>
<opset="arr_addr_3/71 "/>
</bind>
</comp>

<comp id="93" class="1005" name="cou1_reg_93">
<pin_list>
<pin id="94" dir="0" index="0" bw="32" slack="1"/>
<pin id="95" dir="1" index="1" bw="32" slack="1"/>
</pin_list>
<bind>
<opset="cou1 (phireg) "/>
</bind>
</comp>

<comp id="97" class="1004" name="cou1_phi_fu_97">
<pin_list>
<pin id="98" dir="0" index="0" bw="1" slack="1"/>
<pin id="99" dir="0" index="1" bw="0" slack="2147483647"/>
<pin id="100" dir="0" index="2" bw="32" slack="0"/>
<pin id="101" dir="0" index="3" bw="0" slack="2147483647"/>
<pin id="102" dir="1" index="4" bw="32" slack="0"/>
</pin_list>
<bind>
<opcode="phi(47) " fcode="phi"/>
<opset="cou1/2 "/>
</bind>
</comp>

<comp id="105" class="1005" name="y_reg_105">
<pin_list>
<pin id="106" dir="0" index="0" bw="64" slack="1"/>
<pin id="107" dir="1" index="1" bw="64" slack="2147483647"/>
</pin_list>
<bind>
<opset="y (phireg) "/>
</bind>
</comp>

<comp id="108" class="1004" name="y_phi_fu_108">
<pin_list>
<pin id="109" dir="0" index="0" bw="64" slack="1"/>
<pin id="110" dir="0" index="1" bw="0" slack="2147483647"/>
<pin id="111" dir="0" index="2" bw="63" slack="1"/>
<pin id="112" dir="0" index="3" bw="0" slack="2147483647"/>
<pin id="113" dir="1" index="4" bw="64" slack="0"/>
</pin_list>
<bind>
<opcode="phi(47) " fcode="phi"/>
<opset="y/2 "/>
</bind>
</comp>

<comp id="115" class="1005" name="i_reg_115">
<pin_list>
<pin id="116" dir="0" index="0" bw="31" slack="1"/>
<pin id="117" dir="1" index="1" bw="31" slack="1"/>
</pin_list>
<bind>
<opset="i (phireg) "/>
</bind>
</comp>

<comp id="119" class="1004" name="i_phi_fu_119">
<pin_list>
<pin id="120" dir="0" index="0" bw="31" slack="0"/>
<pin id="121" dir="0" index="1" bw="0" slack="2147483647"/>
<pin id="122" dir="0" index="2" bw="1" slack="1"/>
<pin id="123" dir="0" index="3" bw="0" slack="2147483647"/>
<pin id="124" dir="1" index="4" bw="31" slack="0"/>
</pin_list>
<bind>
<opcode="phi(47) " fcode="phi"/>
<opset="i/71 "/>
</bind>
</comp>

<comp id="126" class="1005" name="z_reg_126">
<pin_list>
<pin id="127" dir="0" index="0" bw="32" slack="1"/>
<pin id="128" dir="1" index="1" bw="32" slack="1"/>
</pin_list>
<bind>
<opset="z (phireg) "/>
</bind>
</comp>

<comp id="130" class="1004" name="z_phi_fu_130">
<pin_list>
<pin id="131" dir="0" index="0" bw="32" slack="1"/>
<pin id="132" dir="0" index="1" bw="0" slack="2147483647"/>
<pin id="133" dir="0" index="2" bw="1" slack="1"/>
<pin id="134" dir="0" index="3" bw="0" slack="2147483647"/>
<pin id="135" dir="1" index="4" bw="32" slack="8"/>
</pin_list>
<bind>
<opcode="phi(47) " fcode="phi"/>
<opset="z/71 "/>
</bind>
</comp>

<comp id="138" class="1005" name="reg_138">
<pin_list>
<pin id="139" dir="0" index="0" bw="32" slack="1"/>
<pin id="140" dir="1" index="1" bw="32" slack="1"/>
</pin_list>
<bind>
<opset="arr_load arr_load_2 "/>
</bind>
</comp>

<comp id="142" class="1004" name="tmp_fu_142">
<pin_list>
<pin id="143" dir="0" index="0" bw="64" slack="0"/>
<pin id="144" dir="0" index="1" bw="64" slack="0"/>
<pin id="145" dir="1" index="2" bw="1" slack="2147483647"/>
</pin_list>
<bind>
<opcode="icmp(45) " fcode="icmp"/>
<opset="tmp/2 "/>
</bind>
</comp>

<comp id="148" class="1004" name="cou1_1_fu_148">
<pin_list>
<pin id="149" dir="0" index="0" bw="32" slack="0"/>
<pin id="150" dir="0" index="1" bw="1" slack="0"/>
<pin id="151" dir="1" index="2" bw="32" slack="0"/>
</pin_list>
<bind>
<opcode="add(8) " fcode="add"/>
<opset="cou1_1/2 "/>
</bind>
</comp>

<comp id="154" class="1004" name="grp_fu_154">
<pin_list>
<pin id="155" dir="0" index="0" bw="64" slack="0"/>
<pin id="156" dir="0" index="1" bw="5" slack="0"/>
<pin id="157" dir="1" index="2" bw="32" slack="1"/>
</pin_list>
<bind>
<opcode="srem(18) " fcode="srem"/>
<opset="tmp_2/2 "/>
</bind>
</comp>

<comp id="160" class="1004" name="sext_cast_fu_160">
<pin_list>
<pin id="161" dir="0" index="0" bw="64" slack="0"/>
<pin id="162" dir="1" index="1" bw="129" slack="0"/>
</pin_list>
<bind>
<opcode="sext(35) " fcode="sext"/>
<opset="sext_cast/2 "/>
</bind>
</comp>

<comp id="164" class="1004" name="grp_fu_164">
<pin_list>
<pin id="165" dir="0" index="0" bw="66" slack="0"/>
<pin id="166" dir="0" index="1" bw="64" slack="0"/>
<pin id="167" dir="1" index="2" bw="129" slack="0"/>
</pin_list>
<bind>
<opcode="mul(12) " fcode="mul"/>
<opset="mul/2 "/>
</bind>
</comp>

<comp id="170" class="1004" name="tmp_19_fu_170">
<pin_list>
<pin id="171" dir="0" index="0" bw="1" slack="0"/>
<pin id="172" dir="0" index="1" bw="64" slack="0"/>
<pin id="173" dir="0" index="2" bw="7" slack="0"/>
<pin id="174" dir="1" index="3" bw="1" slack="18"/>
</pin_list>
<bind>
<opcode="bitselect(1000) " fcode="bitselect"/>
<opset="tmp_19/2 "/>
</bind>
</comp>

<comp id="178" class="1004" name="tmp_3_fu_178">
<pin_list>
<pin id="179" dir="0" index="0" bw="1" slack="0"/>
<pin id="180" dir="0" index="1" bw="32" slack="0"/>
<pin id="181" dir="0" index="2" bw="6" slack="0"/>
<pin id="182" dir="1" index="3" bw="1" slack="0"/>
</pin_list>
<bind>
<opcode="bitselect(1000) " fcode="bitselect"/>
<opset="tmp_3/2 "/>
</bind>
</comp>

<comp id="186" class="1004" name="p_neg_fu_186">
<pin_list>
<pin id="187" dir="0" index="0" bw="1" slack="0"/>
<pin id="188" dir="0" index="1" bw="32" slack="0"/>
<pin id="189" dir="1" index="2" bw="32" slack="0"/>
</pin_list>
<bind>
<opcode="sub(10) " fcode="sub"/>
<opset="p_neg/2 "/>
</bind>
</comp>

<comp id="192" class="1004" name="p_lshr_fu_192">
<pin_list>
<pin id="193" dir="0" index="0" bw="31" slack="0"/>
<pin id="194" dir="0" index="1" bw="32" slack="0"/>
<pin id="195" dir="0" index="2" bw="1" slack="0"/>
<pin id="196" dir="0" index="3" bw="6" slack="0"/>
<pin id="197" dir="1" index="4" bw="31" slack="0"/>
</pin_list>
<bind>
<opcode="partselect(1002) " fcode="partselect"/>
<opset="p_lshr/2 "/>
</bind>
</comp>

<comp id="202" class="1004" name="tmp_10_fu_202">
<pin_list>
<pin id="203" dir="0" index="0" bw="31" slack="0"/>
<pin id="204" dir="1" index="1" bw="32" slack="0"/>
</pin_list>
<bind>
<opcode="zext(34) " fcode="zext"/>
<opset="tmp_10/2 "/>
</bind>
</comp>

<comp id="206" class="1004" name="p_neg_t_fu_206">
<pin_list>
<pin id="207" dir="0" index="0" bw="1" slack="0"/>
<pin id="208" dir="0" index="1" bw="31" slack="0"/>
<pin id="209" dir="1" index="2" bw="32" slack="0"/>
</pin_list>
<bind>
<opcode="sub(10) " fcode="sub"/>
<opset="p_neg_t/2 "/>
</bind>
</comp>

<comp id="212" class="1004" name="p_lshr_f_fu_212">
<pin_list>
<pin id="213" dir="0" index="0" bw="31" slack="0"/>
<pin id="214" dir="0" index="1" bw="32" slack="0"/>
<pin id="215" dir="0" index="2" bw="1" slack="0"/>
<pin id="216" dir="0" index="3" bw="6" slack="0"/>
<pin id="217" dir="1" index="4" bw="31" slack="0"/>
</pin_list>
<bind>
<opcode="partselect(1002) " fcode="partselect"/>
<opset="p_lshr_f/2 "/>
</bind>
</comp>

<comp id="222" class="1004" name="tmp_11_fu_222">
<pin_list>
<pin id="223" dir="0" index="0" bw="31" slack="0"/>
<pin id="224" dir="1" index="1" bw="32" slack="0"/>
</pin_list>
<bind>
<opcode="zext(34) " fcode="zext"/>
<opset="tmp_11/2 "/>
</bind>
</comp>

<comp id="226" class="1004" name="tmp_s_fu_226">
<pin_list>
<pin id="227" dir="0" index="0" bw="1" slack="0"/>
<pin id="228" dir="0" index="1" bw="32" slack="0"/>
<pin id="229" dir="0" index="2" bw="32" slack="0"/>
<pin id="230" dir="1" index="3" bw="32" slack="1"/>
</pin_list>
<bind>
<opcode="select(49) " fcode="select"/>
<opset="tmp_s/2 "/>
</bind>
</comp>

<comp id="234" class="1004" name="tmp_6_fu_234">
<pin_list>
<pin id="235" dir="0" index="0" bw="32" slack="0"/>
<pin id="236" dir="0" index="1" bw="1" slack="0"/>
<pin id="237" dir="1" index="2" bw="32" slack="1"/>
</pin_list>
<bind>
<opcode="add(8) " fcode="add"/>
<opset="tmp_6/2 "/>
</bind>
</comp>

<comp id="240" class="1004" name="tmp_21_fu_240">
<pin_list>
<pin id="241" dir="0" index="0" bw="61" slack="0"/>
<pin id="242" dir="0" index="1" bw="129" slack="0"/>
<pin id="243" dir="0" index="2" bw="8" slack="0"/>
<pin id="244" dir="0" index="3" bw="9" slack="0"/>
<pin id="245" dir="1" index="4" bw="61" slack="1"/>
</pin_list>
<bind>
<opcode="partselect(1002) " fcode="partselect"/>
<opset="tmp_21/19 "/>
</bind>
</comp>

<comp id="250" class="1004" name="neg_mul_fu_250">
<pin_list>
<pin id="251" dir="0" index="0" bw="1" slack="0"/>
<pin id="252" dir="0" index="1" bw="129" slack="1"/>
<pin id="253" dir="1" index="2" bw="129" slack="0"/>
</pin_list>
<bind>
<opcode="sub(10) " fcode="sub"/>
<opset="neg_mul/20 "/>
</bind>
</comp>

<comp id="255" class="1004" name="tmp_20_fu_255">
<pin_list>
<pin id="256" dir="0" index="0" bw="61" slack="0"/>
<pin id="257" dir="0" index="1" bw="129" slack="0"/>
<pin id="258" dir="0" index="2" bw="8" slack="0"/>
<pin id="259" dir="0" index="3" bw="9" slack="0"/>
<pin id="260" dir="1" index="4" bw="61" slack="0"/>
</pin_list>
<bind>
<opcode="partselect(1002) " fcode="partselect"/>
<opset="tmp_20/20 "/>
</bind>
</comp>

<comp id="265" class="1004" name="tmp_13_fu_265">
<pin_list>
<pin id="266" dir="0" index="0" bw="61" slack="0"/>
<pin id="267" dir="1" index="1" bw="64" slack="0"/>
</pin_list>
<bind>
<opcode="sext(35) " fcode="sext"/>
<opset="tmp_13/20 "/>
</bind>
</comp>

<comp id="269" class="1004" name="tmp_17_fu_269">
<pin_list>
<pin id="270" dir="0" index="0" bw="61" slack="1"/>
<pin id="271" dir="1" index="1" bw="64" slack="0"/>
</pin_list>
<bind>
<opcode="sext(35) " fcode="sext"/>
<opset="tmp_17/20 "/>
</bind>
</comp>

<comp id="272" class="1004" name="tmp_18_fu_272">
<pin_list>
<pin id="273" dir="0" index="0" bw="1" slack="18"/>
<pin id="274" dir="0" index="1" bw="64" slack="0"/>
<pin id="275" dir="0" index="2" bw="64" slack="0"/>
<pin id="276" dir="1" index="3" bw="64" slack="0"/>
</pin_list>
<bind>
<opcode="select(49) " fcode="select"/>
<opset="tmp_18/20 "/>
</bind>
</comp>

<comp id="279" class="1004" name="neg_ti_fu_279">
<pin_list>
<pin id="280" dir="0" index="0" bw="1" slack="0"/>
<pin id="281" dir="0" index="1" bw="61" slack="0"/>
<pin id="282" dir="1" index="2" bw="64" slack="1"/>
</pin_list>
<bind>
<opcode="sub(10) " fcode="sub"/>
<opset="neg_ti/20 "/>
</bind>
</comp>

<comp id="285" class="1004" name="y_1_fu_285">
<pin_list>
<pin id="286" dir="0" index="0" bw="1" slack="19"/>
<pin id="287" dir="0" index="1" bw="64" slack="1"/>
<pin id="288" dir="0" index="2" bw="64" slack="1"/>
<pin id="289" dir="1" index="3" bw="64" slack="1"/>
</pin_list>
<bind>
<opcode="select(49) " fcode="select"/>
<opset="y_1/21 "/>
</bind>
</comp>

<comp id="290" class="1004" name="tmp_12_fu_290">
<pin_list>
<pin id="291" dir="0" index="0" bw="5" slack="1"/>
<pin id="292" dir="1" index="1" bw="32" slack="0"/>
</pin_list>
<bind>
<opcode="trunc(33) " fcode="trunc"/>
<opset="tmp_12/70 "/>
</bind>
</comp>

<comp id="294" class="1004" name="tmp_4_fu_294">
<pin_list>
<pin id="295" dir="0" index="0" bw="32" slack="68"/>
<pin id="296" dir="1" index="1" bw="64" slack="0"/>
</pin_list>
<bind>
<opcode="sext(35) " fcode="sext"/>
<opset="tmp_4/70 "/>
</bind>
</comp>

<comp id="299" class="1004" name="i_cast_fu_299">
<pin_list>
<pin id="300" dir="0" index="0" bw="31" slack="0"/>
<pin id="301" dir="1" index="1" bw="32" slack="0"/>
</pin_list>
<bind>
<opcode="zext(34) " fcode="zext"/>
<opset="i_cast/71 "/>
</bind>
</comp>

<comp id="303" class="1004" name="tmp_5_fu_303">
<pin_list>
<pin id="304" dir="0" index="0" bw="32" slack="0"/>
<pin id="305" dir="0" index="1" bw="32" slack="1"/>
<pin id="306" dir="1" index="2" bw="1" slack="2147483647"/>
</pin_list>
<bind>
<opcode="icmp(45) " fcode="icmp"/>
<opset="tmp_5/71 "/>
</bind>
</comp>

<comp id="308" class="1004" name="i_1_fu_308">
<pin_list>
<pin id="309" dir="0" index="0" bw="31" slack="0"/>
<pin id="310" dir="0" index="1" bw="1" slack="0"/>
<pin id="311" dir="1" index="2" bw="31" slack="0"/>
</pin_list>
<bind>
<opcode="add(8) " fcode="add"/>
<opset="i_1/71 "/>
</bind>
</comp>

<comp id="314" class="1004" name="tmp_7_fu_314">
<pin_list>
<pin id="315" dir="0" index="0" bw="32" slack="1"/>
<pin id="316" dir="0" index="1" bw="31" slack="0"/>
<pin id="317" dir="1" index="2" bw="32" slack="0"/>
</pin_list>
<bind>
<opcode="sub(10) " fcode="sub"/>
<opset="tmp_7/71 "/>
</bind>
</comp>

<comp id="319" class="1004" name="tmp_8_fu_319">
<pin_list>
<pin id="320" dir="0" index="0" bw="32" slack="0"/>
<pin id="321" dir="1" index="1" bw="64" slack="0"/>
</pin_list>
<bind>
<opcode="sext(35) " fcode="sext"/>
<opset="tmp_8/71 "/>
</bind>
</comp>

<comp id="324" class="1004" name="tmp_9_fu_324">
<pin_list>
<pin id="325" dir="0" index="0" bw="31" slack="0"/>
<pin id="326" dir="1" index="1" bw="64" slack="0"/>
</pin_list>
<bind>
<opcode="zext(34) " fcode="zext"/>
<opset="tmp_9/71 "/>
</bind>
</comp>

<comp id="329" class="1004" name="tmp_26_fu_329">
<pin_list>
<pin id="330" dir="0" index="0" bw="32" slack="1"/>
<pin id="331" dir="1" index="1" bw="1" slack="1"/>
</pin_list>
<bind>
<opcode="trunc(33) " fcode="trunc"/>
<opset="tmp_26/71 "/>
</bind>
</comp>

<comp id="332" class="1004" name="tmp_15_fu_332">
<pin_list>
<pin id="333" dir="0" index="0" bw="32" slack="1"/>
<pin id="334" dir="1" index="1" bw="64" slack="0"/>
</pin_list>
<bind>
<opcode="sext(35) " fcode="sext"/>
<opset="tmp_15/71 "/>
</bind>
</comp>

<comp id="336" class="1004" name="grp_fu_336">
<pin_list>
<pin id="337" dir="0" index="0" bw="32" slack="1"/>
<pin id="338" dir="0" index="1" bw="32" slack="1"/>
<pin id="339" dir="1" index="2" bw="32" slack="1"/>
</pin_list>
<bind>
<opcode="mul(12) " fcode="mul"/>
<opset="tmp_1/73 "/>
</bind>
</comp>

<comp id="341" class="1004" name="tmp_22_fu_341">
<pin_list>
<pin id="342" dir="0" index="0" bw="32" slack="1"/>
<pin id="343" dir="0" index="1" bw="1" slack="0"/>
<pin id="344" dir="1" index="2" bw="32" slack="0"/>
</pin_list>
<bind>
<opcode="shl(20) " fcode="shl"/>
<opset="tmp_22/79 "/>
</bind>
</comp>

<comp id="346" class="1004" name="z_2_fu_346">
<pin_list>
<pin id="347" dir="0" index="0" bw="32" slack="8"/>
<pin id="348" dir="0" index="1" bw="32" slack="0"/>
<pin id="349" dir="1" index="2" bw="32" slack="1"/>
</pin_list>
<bind>
<opcode="add(8) " fcode="add"/>
<opset="z_2/79 "/>
</bind>
</comp>

<comp id="352" class="1004" name="tmp_25_fu_352">
<pin_list>
<pin id="353" dir="0" index="0" bw="32" slack="2"/>
<pin id="354" dir="1" index="1" bw="1" slack="0"/>
</pin_list>
<bind>
<opcode="trunc(33) " fcode="trunc"/>
<opset="tmp_25/80 "/>
</bind>
</comp>

<comp id="356" class="1004" name="tmp_27_fu_356">
<pin_list>
<pin id="357" dir="0" index="0" bw="2" slack="0"/>
<pin id="358" dir="0" index="1" bw="1" slack="0"/>
<pin id="359" dir="0" index="2" bw="1" slack="1"/>
<pin id="360" dir="1" index="3" bw="2" slack="0"/>
</pin_list>
<bind>
<opcode="bitconcatenate(1004) " fcode="bitconcatenate"/>
<opset="tmp_27/80 "/>
</bind>
</comp>

<comp id="363" class="1004" name="tmp_28_fu_363">
<pin_list>
<pin id="364" dir="0" index="0" bw="1" slack="0"/>
<pin id="365" dir="0" index="1" bw="2" slack="0"/>
<pin id="366" dir="1" index="2" bw="2" slack="0"/>
</pin_list>
<bind>
<opcode="sub(10) " fcode="sub"/>
<opset="tmp_28/80 "/>
</bind>
</comp>

<comp id="369" class="1004" name="tmp_23_fu_369">
<pin_list>
<pin id="370" dir="0" index="0" bw="2" slack="0"/>
<pin id="371" dir="0" index="1" bw="1" slack="0"/>
<pin id="372" dir="0" index="2" bw="1" slack="0"/>
<pin id="373" dir="1" index="3" bw="2" slack="0"/>
</pin_list>
<bind>
<opcode="bitconcatenate(1004) " fcode="bitconcatenate"/>
<opset="tmp_23/80 "/>
</bind>
</comp>

<comp id="377" class="1004" name="tmp_24_fu_377">
<pin_list>
<pin id="378" dir="0" index="0" bw="1" slack="2"/>
<pin id="379" dir="0" index="1" bw="2" slack="0"/>
<pin id="380" dir="0" index="2" bw="2" slack="0"/>
<pin id="381" dir="1" index="3" bw="2" slack="0"/>
</pin_list>
<bind>
<opcode="select(49) " fcode="select"/>
<opset="tmp_24/80 "/>
</bind>
</comp>

<comp id="384" class="1004" name="tmp_14_fu_384">
<pin_list>
<pin id="385" dir="0" index="0" bw="2" slack="0"/>
<pin id="386" dir="0" index="1" bw="2" slack="0"/>
<pin id="387" dir="1" index="2" bw="1" slack="1"/>
</pin_list>
<bind>
<opcode="icmp(45) " fcode="icmp"/>
<opset="tmp_14/80 "/>
</bind>
</comp>

<comp id="390" class="1004" name="grp_fu_390">
<pin_list>
<pin id="391" dir="0" index="0" bw="32" slack="1"/>
<pin id="392" dir="0" index="1" bw="32" slack="1"/>
<pin id="393" dir="1" index="2" bw="32" slack="1"/>
</pin_list>
<bind>
<opcode="mul(12) " fcode="mul"/>
<opset="tmp_16/81 "/>
</bind>
</comp>

<comp id="396" class="1004" name="z_3_fu_396">
<pin_list>
<pin id="397" dir="0" index="0" bw="32" slack="8"/>
<pin id="398" dir="0" index="1" bw="32" slack="1"/>
<pin id="399" dir="1" index="2" bw="32" slack="0"/>
</pin_list>
<bind>
<opcode="add(8) " fcode="add"/>
<opset="z_3/87 "/>
</bind>
</comp>

<comp id="401" class="1004" name="z_1_fu_401">
<pin_list>
<pin id="402" dir="0" index="0" bw="1" slack="7"/>
<pin id="403" dir="0" index="1" bw="32" slack="0"/>
<pin id="404" dir="0" index="2" bw="32" slack="8"/>
<pin id="405" dir="1" index="3" bw="32" slack="2147483647"/>
</pin_list>
<bind>
<opcode="select(49) " fcode="select"/>
<opset="z_1/87 "/>
</bind>
</comp>

<comp id="408" class="1005" name="x_read_reg_408">
<pin_list>
<pin id="409" dir="0" index="0" bw="64" slack="1"/>
<pin id="410" dir="1" index="1" bw="64" slack="1"/>
</pin_list>
<bind>
<opset="x_read "/>
</bind>
</comp>

<comp id="416" class="1005" name="cou1_1_reg_416">
<pin_list>
<pin id="417" dir="0" index="0" bw="32" slack="0"/>
<pin id="418" dir="1" index="1" bw="32" slack="0"/>
</pin_list>
<bind>
<opset="cou1_1 "/>
</bind>
</comp>

<comp id="421" class="1005" name="sext_cast_reg_421">
<pin_list>
<pin id="422" dir="0" index="0" bw="129" slack="1"/>
<pin id="423" dir="1" index="1" bw="129" slack="1"/>
</pin_list>
<bind>
<opset="sext_cast "/>
</bind>
</comp>

<comp id="426" class="1005" name="tmp_19_reg_426">
<pin_list>
<pin id="427" dir="0" index="0" bw="1" slack="18"/>
<pin id="428" dir="1" index="1" bw="1" slack="18"/>
</pin_list>
<bind>
<opset="tmp_19 "/>
</bind>
</comp>

<comp id="432" class="1005" name="tmp_3_reg_432">
<pin_list>
<pin id="433" dir="0" index="0" bw="1" slack="1"/>
<pin id="434" dir="1" index="1" bw="1" slack="2"/>
</pin_list>
<bind>
<opset="tmp_3 "/>
</bind>
</comp>

<comp id="437" class="1005" name="p_neg_reg_437">
<pin_list>
<pin id="438" dir="0" index="0" bw="32" slack="1"/>
<pin id="439" dir="1" index="1" bw="32" slack="1"/>
</pin_list>
<bind>
<opset="p_neg "/>
</bind>
</comp>

<comp id="442" class="1005" name="tmp_s_reg_442">
<pin_list>
<pin id="443" dir="0" index="0" bw="32" slack="1"/>
<pin id="444" dir="1" index="1" bw="32" slack="1"/>
</pin_list>
<bind>
<opset="tmp_s "/>
</bind>
</comp>

<comp id="448" class="1005" name="tmp_6_reg_448">
<pin_list>
<pin id="449" dir="0" index="0" bw="32" slack="1"/>
<pin id="450" dir="1" index="1" bw="32" slack="1"/>
</pin_list>
<bind>
<opset="tmp_6 "/>
</bind>
</comp>

<comp id="453" class="1005" name="mul_reg_453">
<pin_list>
<pin id="454" dir="0" index="0" bw="129" slack="1"/>
<pin id="455" dir="1" index="1" bw="129" slack="1"/>
</pin_list>
<bind>
<opset="mul "/>
</bind>
</comp>

<comp id="458" class="1005" name="tmp_21_reg_458">
<pin_list>
<pin id="459" dir="0" index="0" bw="61" slack="1"/>
<pin id="460" dir="1" index="1" bw="61" slack="1"/>
</pin_list>
<bind>
<opset="tmp_21 "/>
</bind>
</comp>

<comp id="463" class="1005" name="tmp_17_reg_463">
<pin_list>
<pin id="464" dir="0" index="0" bw="64" slack="1"/>
<pin id="465" dir="1" index="1" bw="64" slack="1"/>
</pin_list>
<bind>
<opset="tmp_17 "/>
</bind>
</comp>

<comp id="468" class="1005" name="neg_ti_reg_468">
<pin_list>
<pin id="469" dir="0" index="0" bw="64" slack="1"/>
<pin id="470" dir="1" index="1" bw="64" slack="1"/>
</pin_list>
<bind>
<opset="neg_ti "/>
</bind>
</comp>

<comp id="473" class="1005" name="y_1_reg_473">
<pin_list>
<pin id="474" dir="0" index="0" bw="64" slack="1"/>
<pin id="475" dir="1" index="1" bw="64" slack="1"/>
</pin_list>
<bind>
<opset="y_1 "/>
</bind>
</comp>

<comp id="478" class="1005" name="tmp_2_reg_478">
<pin_list>
<pin id="479" dir="0" index="0" bw="32" slack="1"/>
<pin id="480" dir="1" index="1" bw="32" slack="1"/>
</pin_list>
<bind>
<opset="tmp_2 "/>
</bind>
</comp>

<comp id="486" class="1005" name="i_1_reg_486">
<pin_list>
<pin id="487" dir="0" index="0" bw="31" slack="0"/>
<pin id="488" dir="1" index="1" bw="31" slack="0"/>
</pin_list>
<bind>
<opset="i_1 "/>
</bind>
</comp>

<comp id="491" class="1005" name="arr_addr_1_reg_491">
<pin_list>
<pin id="492" dir="0" index="0" bw="5" slack="1"/>
<pin id="493" dir="1" index="1" bw="5" slack="1"/>
</pin_list>
<bind>
<opset="arr_addr_1 "/>
</bind>
</comp>

<comp id="496" class="1005" name="arr_addr_2_reg_496">
<pin_list>
<pin id="497" dir="0" index="0" bw="5" slack="1"/>
<pin id="498" dir="1" index="1" bw="5" slack="1"/>
</pin_list>
<bind>
<opset="arr_addr_2 "/>
</bind>
</comp>

<comp id="501" class="1005" name="tmp_26_reg_501">
<pin_list>
<pin id="502" dir="0" index="0" bw="1" slack="1"/>
<pin id="503" dir="1" index="1" bw="1" slack="1"/>
</pin_list>
<bind>
<opset="tmp_26 "/>
</bind>
</comp>

<comp id="506" class="1005" name="arr_addr_3_reg_506">
<pin_list>
<pin id="507" dir="0" index="0" bw="5" slack="1"/>
<pin id="508" dir="1" index="1" bw="5" slack="1"/>
</pin_list>
<bind>
<opset="arr_addr_3 "/>
</bind>
</comp>

<comp id="511" class="1005" name="arr_load_1_reg_511">
<pin_list>
<pin id="512" dir="0" index="0" bw="32" slack="1"/>
<pin id="513" dir="1" index="1" bw="32" slack="1"/>
</pin_list>
<bind>
<opset="arr_load_1 "/>
</bind>
</comp>

<comp id="516" class="1005" name="tmp_1_reg_516">
<pin_list>
<pin id="517" dir="0" index="0" bw="32" slack="1"/>
<pin id="518" dir="1" index="1" bw="32" slack="1"/>
</pin_list>
<bind>
<opset="tmp_1 "/>
</bind>
</comp>

<comp id="521" class="1005" name="z_2_reg_521">
<pin_list>
<pin id="522" dir="0" index="0" bw="32" slack="1"/>
<pin id="523" dir="1" index="1" bw="32" slack="1"/>
</pin_list>
<bind>
<opset="z_2 "/>
</bind>
</comp>

<comp id="526" class="1005" name="tmp_14_reg_526">
<pin_list>
<pin id="527" dir="0" index="0" bw="1" slack="1"/>
<pin id="528" dir="1" index="1" bw="1" slack="7"/>
</pin_list>
<bind>
<opset="tmp_14 "/>
</bind>
</comp>

<comp id="531" class="1005" name="tmp_16_reg_531">
<pin_list>
<pin id="532" dir="0" index="0" bw="32" slack="1"/>
<pin id="533" dir="1" index="1" bw="32" slack="1"/>
</pin_list>
<bind>
<opset="tmp_16 "/>
</bind>
</comp>

</comp_list>

<net_list>
<net id="51"><net_src comp="4" pin="0"/><net_sink comp="48" pin=0"/></net>

<net id="56"><net_src comp="2" pin="0"/><net_sink comp="52" pin=0"/></net>

<net id="57"><net_src comp="0" pin="0"/><net_sink comp="52" pin=1"/></net>

<net id="63"><net_src comp="8" pin="0"/><net_sink comp="58" pin=1"/></net>

<net id="68"><net_src comp="58" pin="3"/><net_sink comp="64" pin=0"/></net>

<net id="74"><net_src comp="8" pin="0"/><net_sink comp="69" pin=1"/></net>

<net id="75"><net_src comp="69" pin="3"/><net_sink comp="64" pin=0"/></net>

<net id="81"><net_src comp="8" pin="0"/><net_sink comp="76" pin=1"/></net>

<net id="85"><net_src comp="76" pin="3"/><net_sink comp="64" pin=3"/></net>

<net id="91"><net_src comp="8" pin="0"/><net_sink comp="86" pin=1"/></net>

<net id="92"><net_src comp="86" pin="3"/><net_sink comp="64" pin=0"/></net>

<net id="96"><net_src comp="6" pin="0"/><net_sink comp="93" pin=0"/></net>

<net id="103"><net_src comp="93" pin="1"/><net_sink comp="97" pin=0"/></net>

<net id="104"><net_src comp="97" pin="4"/><net_sink comp="93" pin=0"/></net>

<net id="114"><net_src comp="108" pin="4"/><net_sink comp="105" pin=0"/></net>

<net id="118"><net_src comp="36" pin="0"/><net_sink comp="115" pin=0"/></net>

<net id="125"><net_src comp="115" pin="1"/><net_sink comp="119" pin=2"/></net>

<net id="129"><net_src comp="6" pin="0"/><net_sink comp="126" pin=0"/></net>

<net id="136"><net_src comp="126" pin="1"/><net_sink comp="130" pin=2"/></net>

<net id="137"><net_src comp="130" pin="4"/><net_sink comp="126" pin=0"/></net>

<net id="141"><net_src comp="64" pin="2"/><net_sink comp="138" pin=0"/></net>

<net id="146"><net_src comp="108" pin="4"/><net_sink comp="142" pin=0"/></net>

<net id="147"><net_src comp="8" pin="0"/><net_sink comp="142" pin=1"/></net>

<net id="152"><net_src comp="97" pin="4"/><net_sink comp="148" pin=0"/></net>

<net id="153"><net_src comp="10" pin="0"/><net_sink comp="148" pin=1"/></net>

<net id="158"><net_src comp="108" pin="4"/><net_sink comp="154" pin=0"/></net>

<net id="159"><net_src comp="12" pin="0"/><net_sink comp="154" pin=1"/></net>

<net id="163"><net_src comp="108" pin="4"/><net_sink comp="160" pin=0"/></net>

<net id="168"><net_src comp="14" pin="0"/><net_sink comp="164" pin=0"/></net>

<net id="169"><net_src comp="160" pin="1"/><net_sink comp="164" pin=1"/></net>

<net id="175"><net_src comp="16" pin="0"/><net_sink comp="170" pin=0"/></net>

<net id="176"><net_src comp="108" pin="4"/><net_sink comp="170" pin=1"/></net>

<net id="177"><net_src comp="18" pin="0"/><net_sink comp="170" pin=2"/></net>

<net id="183"><net_src comp="20" pin="0"/><net_sink comp="178" pin=0"/></net>

<net id="184"><net_src comp="97" pin="4"/><net_sink comp="178" pin=1"/></net>

<net id="185"><net_src comp="22" pin="0"/><net_sink comp="178" pin=2"/></net>

<net id="190"><net_src comp="6" pin="0"/><net_sink comp="186" pin=0"/></net>

<net id="191"><net_src comp="97" pin="4"/><net_sink comp="186" pin=1"/></net>

<net id="198"><net_src comp="24" pin="0"/><net_sink comp="192" pin=0"/></net>

<net id="199"><net_src comp="186" pin="2"/><net_sink comp="192" pin=1"/></net>

<net id="200"><net_src comp="10" pin="0"/><net_sink comp="192" pin=2"/></net>

<net id="201"><net_src comp="22" pin="0"/><net_sink comp="192" pin=3"/></net>

<net id="205"><net_src comp="192" pin="4"/><net_sink comp="202" pin=0"/></net>

<net id="210"><net_src comp="6" pin="0"/><net_sink comp="206" pin=0"/></net>

<net id="211"><net_src comp="202" pin="1"/><net_sink comp="206" pin=1"/></net>

<net id="218"><net_src comp="24" pin="0"/><net_sink comp="212" pin=0"/></net>

<net id="219"><net_src comp="97" pin="4"/><net_sink comp="212" pin=1"/></net>

<net id="220"><net_src comp="10" pin="0"/><net_sink comp="212" pin=2"/></net>

<net id="221"><net_src comp="22" pin="0"/><net_sink comp="212" pin=3"/></net>

<net id="225"><net_src comp="212" pin="4"/><net_sink comp="222" pin=0"/></net>

<net id="231"><net_src comp="178" pin="3"/><net_sink comp="226" pin=0"/></net>

<net id="232"><net_src comp="206" pin="2"/><net_sink comp="226" pin=1"/></net>

<net id="233"><net_src comp="222" pin="1"/><net_sink comp="226" pin=2"/></net>

<net id="238"><net_src comp="97" pin="4"/><net_sink comp="234" pin=0"/></net>

<net id="239"><net_src comp="26" pin="0"/><net_sink comp="234" pin=1"/></net>

<net id="246"><net_src comp="28" pin="0"/><net_sink comp="240" pin=0"/></net>

<net id="247"><net_src comp="164" pin="2"/><net_sink comp="240" pin=1"/></net>

<net id="248"><net_src comp="30" pin="0"/><net_sink comp="240" pin=2"/></net>

<net id="249"><net_src comp="32" pin="0"/><net_sink comp="240" pin=3"/></net>

<net id="254"><net_src comp="34" pin="0"/><net_sink comp="250" pin=0"/></net>

<net id="261"><net_src comp="28" pin="0"/><net_sink comp="255" pin=0"/></net>

<net id="262"><net_src comp="250" pin="2"/><net_sink comp="255" pin=1"/></net>

<net id="263"><net_src comp="30" pin="0"/><net_sink comp="255" pin=2"/></net>

<net id="264"><net_src comp="32" pin="0"/><net_sink comp="255" pin=3"/></net>

<net id="268"><net_src comp="255" pin="4"/><net_sink comp="265" pin=0"/></net>

<net id="277"><net_src comp="265" pin="1"/><net_sink comp="272" pin=1"/></net>

<net id="278"><net_src comp="269" pin="1"/><net_sink comp="272" pin=2"/></net>

<net id="283"><net_src comp="8" pin="0"/><net_sink comp="279" pin=0"/></net>

<net id="284"><net_src comp="272" pin="3"/><net_sink comp="279" pin=1"/></net>

<net id="293"><net_src comp="290" pin="1"/><net_sink comp="64" pin=1"/></net>

<net id="297"><net_src comp="93" pin="1"/><net_sink comp="294" pin=0"/></net>

<net id="298"><net_src comp="294" pin="1"/><net_sink comp="58" pin=2"/></net>

<net id="302"><net_src comp="119" pin="4"/><net_sink comp="299" pin=0"/></net>

<net id="307"><net_src comp="299" pin="1"/><net_sink comp="303" pin=0"/></net>

<net id="312"><net_src comp="119" pin="4"/><net_sink comp="308" pin=0"/></net>

<net id="313"><net_src comp="38" pin="0"/><net_sink comp="308" pin=1"/></net>

<net id="318"><net_src comp="299" pin="1"/><net_sink comp="314" pin=1"/></net>

<net id="322"><net_src comp="314" pin="2"/><net_sink comp="319" pin=0"/></net>

<net id="323"><net_src comp="319" pin="1"/><net_sink comp="69" pin=2"/></net>

<net id="327"><net_src comp="119" pin="4"/><net_sink comp="324" pin=0"/></net>

<net id="328"><net_src comp="324" pin="1"/><net_sink comp="76" pin=2"/></net>

<net id="335"><net_src comp="332" pin="1"/><net_sink comp="86" pin=2"/></net>

<net id="340"><net_src comp="138" pin="1"/><net_sink comp="336" pin=0"/></net>

<net id="345"><net_src comp="10" pin="0"/><net_sink comp="341" pin=1"/></net>

<net id="350"><net_src comp="126" pin="1"/><net_sink comp="346" pin=0"/></net>

<net id="351"><net_src comp="341" pin="2"/><net_sink comp="346" pin=1"/></net>

<net id="355"><net_src comp="93" pin="1"/><net_sink comp="352" pin=0"/></net>

<net id="361"><net_src comp="40" pin="0"/><net_sink comp="356" pin=0"/></net>

<net id="362"><net_src comp="42" pin="0"/><net_sink comp="356" pin=1"/></net>

<net id="367"><net_src comp="44" pin="0"/><net_sink comp="363" pin=0"/></net>

<net id="368"><net_src comp="356" pin="3"/><net_sink comp="363" pin=1"/></net>

<net id="374"><net_src comp="40" pin="0"/><net_sink comp="369" pin=0"/></net>

<net id="375"><net_src comp="42" pin="0"/><net_sink comp="369" pin=1"/></net>

<net id="376"><net_src comp="352" pin="1"/><net_sink comp="369" pin=2"/></net>

<net id="382"><net_src comp="363" pin="2"/><net_sink comp="377" pin=1"/></net>

<net id="383"><net_src comp="369" pin="3"/><net_sink comp="377" pin=2"/></net>

<net id="388"><net_src comp="377" pin="3"/><net_sink comp="384" pin=0"/></net>

<net id="389"><net_src comp="46" pin="0"/><net_sink comp="384" pin=1"/></net>

<net id="394"><net_src comp="138" pin="1"/><net_sink comp="390" pin=0"/></net>

<net id="395"><net_src comp="138" pin="1"/><net_sink comp="390" pin=1"/></net>

<net id="400"><net_src comp="126" pin="1"/><net_sink comp="396" pin=0"/></net>

<net id="406"><net_src comp="396" pin="2"/><net_sink comp="401" pin=1"/></net>

<net id="407"><net_src comp="126" pin="1"/><net_sink comp="401" pin=2"/></net>

<net id="411"><net_src comp="52" pin="2"/><net_sink comp="408" pin=0"/></net>

<net id="412"><net_src comp="408" pin="1"/><net_sink comp="108" pin=0"/></net>

<net id="419"><net_src comp="148" pin="2"/><net_sink comp="416" pin=0"/></net>

<net id="420"><net_src comp="416" pin="1"/><net_sink comp="97" pin=2"/></net>

<net id="424"><net_src comp="160" pin="1"/><net_sink comp="421" pin=0"/></net>

<net id="425"><net_src comp="421" pin="1"/><net_sink comp="164" pin=1"/></net>

<net id="429"><net_src comp="170" pin="3"/><net_sink comp="426" pin=0"/></net>

<net id="430"><net_src comp="426" pin="1"/><net_sink comp="272" pin=0"/></net>

<net id="431"><net_src comp="426" pin="1"/><net_sink comp="285" pin=0"/></net>

<net id="435"><net_src comp="178" pin="3"/><net_sink comp="432" pin=0"/></net>

<net id="436"><net_src comp="432" pin="1"/><net_sink comp="377" pin=0"/></net>

<net id="440"><net_src comp="186" pin="2"/><net_sink comp="437" pin=0"/></net>

<net id="441"><net_src comp="437" pin="1"/><net_sink comp="329" pin=0"/></net>

<net id="445"><net_src comp="226" pin="3"/><net_sink comp="442" pin=0"/></net>

<net id="446"><net_src comp="442" pin="1"/><net_sink comp="303" pin=1"/></net>

<net id="447"><net_src comp="442" pin="1"/><net_sink comp="332" pin=0"/></net>

<net id="451"><net_src comp="234" pin="2"/><net_sink comp="448" pin=0"/></net>

<net id="452"><net_src comp="448" pin="1"/><net_sink comp="314" pin=0"/></net>

<net id="456"><net_src comp="164" pin="2"/><net_sink comp="453" pin=0"/></net>

<net id="457"><net_src comp="453" pin="1"/><net_sink comp="250" pin=1"/></net>

<net id="461"><net_src comp="240" pin="4"/><net_sink comp="458" pin=0"/></net>

<net id="462"><net_src comp="458" pin="1"/><net_sink comp="269" pin=0"/></net>

<net id="466"><net_src comp="269" pin="1"/><net_sink comp="463" pin=0"/></net>

<net id="467"><net_src comp="463" pin="1"/><net_sink comp="285" pin=2"/></net>

<net id="471"><net_src comp="279" pin="2"/><net_sink comp="468" pin=0"/></net>

<net id="472"><net_src comp="468" pin="1"/><net_sink comp="285" pin=1"/></net>

<net id="476"><net_src comp="285" pin="3"/><net_sink comp="473" pin=0"/></net>

<net id="477"><net_src comp="473" pin="1"/><net_sink comp="108" pin=2"/></net>

<net id="481"><net_src comp="154" pin="2"/><net_sink comp="478" pin=0"/></net>

<net id="482"><net_src comp="478" pin="1"/><net_sink comp="290" pin=0"/></net>

<net id="489"><net_src comp="308" pin="2"/><net_sink comp="486" pin=0"/></net>

<net id="490"><net_src comp="486" pin="1"/><net_sink comp="119" pin=0"/></net>

<net id="494"><net_src comp="69" pin="3"/><net_sink comp="491" pin=0"/></net>

<net id="495"><net_src comp="491" pin="1"/><net_sink comp="64" pin=0"/></net>

<net id="499"><net_src comp="76" pin="3"/><net_sink comp="496" pin=0"/></net>

<net id="500"><net_src comp="496" pin="1"/><net_sink comp="64" pin=3"/></net>

<net id="504"><net_src comp="329" pin="1"/><net_sink comp="501" pin=0"/></net>

<net id="505"><net_src comp="501" pin="1"/><net_sink comp="356" pin=2"/></net>

<net id="509"><net_src comp="86" pin="3"/><net_sink comp="506" pin=0"/></net>

<net id="510"><net_src comp="506" pin="1"/><net_sink comp="64" pin=0"/></net>

<net id="514"><net_src comp="64" pin="5"/><net_sink comp="511" pin=0"/></net>

<net id="515"><net_src comp="511" pin="1"/><net_sink comp="336" pin=1"/></net>

<net id="519"><net_src comp="336" pin="2"/><net_sink comp="516" pin=0"/></net>

<net id="520"><net_src comp="516" pin="1"/><net_sink comp="341" pin=0"/></net>

<net id="524"><net_src comp="346" pin="2"/><net_sink comp="521" pin=0"/></net>

<net id="525"><net_src comp="521" pin="1"/><net_sink comp="130" pin=0"/></net>

<net id="529"><net_src comp="384" pin="2"/><net_sink comp="526" pin=0"/></net>

<net id="530"><net_src comp="526" pin="1"/><net_sink comp="401" pin=0"/></net>

<net id="534"><net_src comp="390" pin="2"/><net_sink comp="531" pin=0"/></net>

<net id="535"><net_src comp="531" pin="1"/><net_sink comp="396" pin=1"/></net>

</net_list>

</model> 
---------------- Datapath Model END ------------------

* FSMD analyzer results:
  - Output states:
 - Input state : 
	Port: Square3_duplex : x | {1 }
  - Chain level:
	State 1
	State 2
		tmp : 1
		cou1_1 : 1
		stg_95 : 2
		tmp_2 : 1
		sext_cast : 1
		mul : 2
		tmp_19 : 1
		tmp_3 : 1
		p_neg : 1
		p_lshr : 2
		tmp_10 : 3
		p_neg_t : 4
		p_lshr_f : 1
		tmp_11 : 2
		tmp_s : 5
		tmp_6 : 1
	State 3
	State 4
	State 5
	State 6
	State 7
	State 8
	State 9
	State 10
	State 11
	State 12
	State 13
	State 14
	State 15
	State 16
	State 17
	State 18
	State 19
		tmp_21 : 1
	State 20
		tmp_20 : 1
		tmp_13 : 2
		tmp_18 : 3
		neg_ti : 4
	State 21
	State 22
	State 23
	State 24
	State 25
	State 26
	State 27
	State 28
	State 29
	State 30
	State 31
	State 32
	State 33
	State 34
	State 35
	State 36
	State 37
	State 38
	State 39
	State 40
	State 41
	State 42
	State 43
	State 44
	State 45
	State 46
	State 47
	State 48
	State 49
	State 50
	State 51
	State 52
	State 53
	State 54
	State 55
	State 56
	State 57
	State 58
	State 59
	State 60
	State 61
	State 62
	State 63
	State 64
	State 65
	State 66
	State 67
	State 68
	State 69
	State 70
		arr_addr : 1
		stg_205 : 2
	State 71
		i_cast : 1
		tmp_5 : 2
		i_1 : 1
		stg_212 : 3
		tmp_7 : 2
		tmp_8 : 3
		arr_addr_1 : 4
		arr_load : 5
		tmp_9 : 1
		arr_addr_2 : 2
		arr_load_1 : 3
		arr_addr_3 : 1
		arr_load_2 : 2
	State 72
	State 73
	State 74
	State 75
	State 76
	State 77
	State 78
	State 79
	State 80
		tmp_28 : 1
		tmp_23 : 1
		tmp_24 : 2
		tmp_14 : 3
	State 81
	State 82
	State 83
	State 84
	State 85
	State 86
	State 87
		z_1 : 1
		stg_250 : 2


============================================================
+ Verbose Summary: Datapath Resource usage 
============================================================

* Functional unit list:
|----------|-------------------|---------|---------|---------|
| Operation|  Functional Unit  |  DSP48E |    FF   |   LUT   |
|----------|-------------------|---------|---------|---------|
|   srem   |     grp_fu_154    |    0    |   512   |   608   |
|----------|-------------------|---------|---------|---------|
|          |    p_neg_fu_186   |    0    |    0    |    32   |
|          |   p_neg_t_fu_206  |    0    |    0    |    31   |
|    sub   |   neg_mul_fu_250  |    0    |    0    |   129   |
|          |   neg_ti_fu_279   |    0    |    0    |    61   |
|          |    tmp_7_fu_314   |    0    |    0    |    32   |
|          |   tmp_28_fu_363   |    0    |    0    |    2    |
|----------|-------------------|---------|---------|---------|
|          |    tmp_s_fu_226   |    0    |    0    |    32   |
|          |   tmp_18_fu_272   |    0    |    0    |    64   |
|  select  |     y_1_fu_285    |    0    |    0    |    64   |
|          |   tmp_24_fu_377   |    0    |    0    |    2    |
|          |     z_1_fu_401    |    0    |    0    |    32   |
|----------|-------------------|---------|---------|---------|
|          |   cou1_1_fu_148   |    0    |    0    |    32   |
|          |    tmp_6_fu_234   |    0    |    0    |    32   |
|    add   |     i_1_fu_308    |    0    |    0    |    31   |
|          |     z_2_fu_346    |    0    |    0    |    32   |
|          |     z_3_fu_396    |    0    |    0    |    32   |
|----------|-------------------|---------|---------|---------|
|          |     tmp_fu_142    |    0    |    0    |    22   |
|   icmp   |    tmp_5_fu_303   |    0    |    0    |    11   |
|          |   tmp_14_fu_384   |    0    |    0    |    1    |
|----------|-------------------|---------|---------|---------|
|          |     grp_fu_164    |    16   |    0    |    0    |
|    mul   |     grp_fu_336    |    4    |    0    |    0    |
|          |     grp_fu_390    |    4    |    0    |    0    |
|----------|-------------------|---------|---------|---------|
|   read   | x_read_read_fu_52 |    0    |    0    |    0    |
|----------|-------------------|---------|---------|---------|
|          |  sext_cast_fu_160 |    0    |    0    |    0    |
|          |   tmp_13_fu_265   |    0    |    0    |    0    |
|   sext   |   tmp_17_fu_269   |    0    |    0    |    0    |
|          |    tmp_4_fu_294   |    0    |    0    |    0    |
|          |    tmp_8_fu_319   |    0    |    0    |    0    |
|          |   tmp_15_fu_332   |    0    |    0    |    0    |
|----------|-------------------|---------|---------|---------|
| bitselect|   tmp_19_fu_170   |    0    |    0    |    0    |
|          |    tmp_3_fu_178   |    0    |    0    |    0    |
|----------|-------------------|---------|---------|---------|
|          |   p_lshr_fu_192   |    0    |    0    |    0    |
|partselect|  p_lshr_f_fu_212  |    0    |    0    |    0    |
|          |   tmp_21_fu_240   |    0    |    0    |    0    |
|          |   tmp_20_fu_255   |    0    |    0    |    0    |
|----------|-------------------|---------|---------|---------|
|          |   tmp_10_fu_202   |    0    |    0    |    0    |
|   zext   |   tmp_11_fu_222   |    0    |    0    |    0    |
|          |   i_cast_fu_299   |    0    |    0    |    0    |
|          |    tmp_9_fu_324   |    0    |    0    |    0    |
|----------|-------------------|---------|---------|---------|
|          |   tmp_12_fu_290   |    0    |    0    |    0    |
|   trunc  |   tmp_26_fu_329   |    0    |    0    |    0    |
|          |   tmp_25_fu_352   |    0    |    0    |    0    |
|----------|-------------------|---------|---------|---------|
|    shl   |   tmp_22_fu_341   |    0    |    0    |    0    |
|----------|-------------------|---------|---------|---------|
|bitconcatenate|   tmp_27_fu_356   |    0    |    0    |    0    |
|          |   tmp_23_fu_369   |    0    |    0    |    0    |
|----------|-------------------|---------|---------|---------|
|   Total  |                   |    24   |   512   |   1282  |
|----------|-------------------|---------|---------|---------|

Memories:
+----+--------+--------+--------+
|    |  BRAM  |   FF   |   LUT  |
+----+--------+--------+--------+
| arr|    0   |   64   |   10   |
+----+--------+--------+--------+
|Total|    0   |   64   |   10   |
+----+--------+--------+--------+

* Register list:
+------------------+--------+
|                  |   FF   |
+------------------+--------+
|arr_addr_1_reg_491|    5   |
|arr_addr_2_reg_496|    5   |
|arr_addr_3_reg_506|    5   |
|arr_load_1_reg_511|   32   |
|  cou1_1_reg_416  |   32   |
|    cou1_reg_93   |   32   |
|    i_1_reg_486   |   31   |
|     i_reg_115    |   31   |
|    mul_reg_453   |   129  |
|  neg_ti_reg_468  |   64   |
|   p_neg_reg_437  |   32   |
|      reg_138     |   32   |
| sext_cast_reg_421|   129  |
|  tmp_14_reg_526  |    1   |
|  tmp_16_reg_531  |   32   |
|  tmp_17_reg_463  |   64   |
|  tmp_19_reg_426  |    1   |
|   tmp_1_reg_516  |   32   |
|  tmp_21_reg_458  |   61   |
|  tmp_26_reg_501  |    1   |
|   tmp_2_reg_478  |   32   |
|   tmp_3_reg_432  |    1   |
|   tmp_6_reg_448  |   32   |
|   tmp_s_reg_442  |   32   |
|  x_read_reg_408  |   64   |
|    y_1_reg_473   |   64   |
|     y_reg_105    |   64   |
|    z_2_reg_521   |   32   |
|     z_reg_126    |   32   |
+------------------+--------+
|       Total      |  1104  |
+------------------+--------+

* Multiplexer (MUX) list: 
|------------------|------|------|------|--------||---------||---------|
|       Comp       |  Pin | Size |  BW  | S x BW ||  Delay  ||   LUT   |
|------------------|------|------|------|--------||---------||---------|
| grp_access_fu_64 |  p0  |   5  |   5  |   25   ||    5    |
| grp_access_fu_64 |  p3  |   2  |   5  |   10   ||    5    |
|    cou1_reg_93   |  p0  |   2  |  32  |   64   ||    32   |
|     z_reg_126    |  p0  |   2  |  32  |   64   ||    32   |
|    grp_fu_164    |  p1  |   2  |  64  |   128  ||    64   |
|------------------|------|------|------|--------||---------||---------|
|       Total      |      |      |      |   291  ||  8.223  ||   138   |
|------------------|------|------|------|--------||---------||---------|



* Summary:
+-----------+--------+--------+--------+--------+--------+
|           |  BRAM  | DSP48E |  Delay |   FF   |   LUT  |
+-----------+--------+--------+--------+--------+--------+
|  Function |    -   |   24   |    -   |   512  |  1282  |
|   Memory  |    0   |    -   |    -   |   64   |   10   |
|Multiplexer|    -   |    -   |    8   |    -   |   138  |
|  Register |    -   |    -   |    -   |  1104  |    -   |
+-----------+--------+--------+--------+--------+--------+
|   Total   |    0   |   24   |    8   |  1680  |  1430  |
+-----------+--------+--------+--------+--------+--------+
