

================================================================
== Vivado HLS Report for 'Square3_duplex'
================================================================
* Date:           Thu Apr 20 11:45:47 2017

* Version:        2016.2 (Build 1577090 on Thu Jun 02 16:59:10 MDT 2016)
* Project:        square_explo
* Solution:       solution1
* Product family: artix7
* Target device:  xc7a200tfbg484-1


================================================================
== Performance Estimates
================================================================
+ Timing (ns): 
    * Summary: 
    +--------+-------+----------+------------+
    |  Clock | Target| Estimated| Uncertainty|
    +--------+-------+----------+------------+
    |ap_clk  |  10.00|      8.74|        1.25|
    +--------+-------+----------+------------+

+ Latency (clock cycles): 
    * Summary: 
    +-----+-----+-----+-----+---------+
    |  Latency  |  Interval | Pipeline|
    | min | max | min | max |   Type  |
    +-----+-----+-----+-----+---------+
    |    ?|    ?|    ?|    ?|   none  |
    +-----+-----+-----+-----+---------+

    + Detail: 
        * Instance: 
        N/A

        * Loop: 
        +----------+-----+-----+----------+-----------+-----------+------+----------+
        |          |  Latency  | Iteration|  Initiation Interval  | Trip |          |
        | Loop Name| min | max |  Latency |  achieved |   target  | Count| Pipelined|
        +----------+-----+-----+----------+-----------+-----------+------+----------+
        |- Loop 1  |    ?|    ?|        69|          -|          -|     ?|    no    |
        |- Loop 2  |    ?|    ?|         9|          -|          -|     ?|    no    |
        +----------+-----+-----+----------+-----------+-----------+------+----------+



================================================================
== Utilization Estimates
================================================================
* Summary: 
+-----------------+---------+-------+--------+--------+
|       Name      | BRAM_18K| DSP48E|   FF   |   LUT  |
+-----------------+---------+-------+--------+--------+
|DSP              |        -|      -|       -|       -|
|Expression       |        -|      -|       0|     678|
|FIFO             |        -|      -|       -|       -|
|Instance         |        -|     24|     512|     608|
|Memory           |        0|      -|      64|      10|
|Multiplexer      |        -|      -|       -|     360|
|Register         |        -|      -|     951|       -|
+-----------------+---------+-------+--------+--------+
|Total            |        0|     24|    1527|    1656|
+-----------------+---------+-------+--------+--------+
|Available        |      730|    740|  269200|  129000|
+-----------------+---------+-------+--------+--------+
|Utilization (%)  |        0|      3|   ~0   |       1|
+-----------------+---------+-------+--------+--------+

+ Detail: 
    * Instance: 
    +------------------------------------+---------------------------------+---------+-------+-----+-----+
    |              Instance              |              Module             | BRAM_18K| DSP48E|  FF | LUT |
    +------------------------------------+---------------------------------+---------+-------+-----+-----+
    |Square3_mul_32s_32s_32_6_U3         |Square3_mul_32s_32s_32_6         |        0|      4|    0|    0|
    |Square3_mul_32s_32s_32_6_U4         |Square3_mul_32s_32s_32_6         |        0|      4|    0|    0|
    |Square3_mul_66ns_64s_129_18_U2      |Square3_mul_66ns_64s_129_18      |        0|     16|    0|    0|
    |Square3_srem_64ns_5ns_32_68_seq_U1  |Square3_srem_64ns_5ns_32_68_seq  |        0|      0|  512|  608|
    +------------------------------------+---------------------------------+---------+-------+-----+-----+
    |Total                               |                                 |        0|     24|  512|  608|
    +------------------------------------+---------------------------------+---------+-------+-----+-----+

    * DSP48: 
    N/A

    * Memory: 
    +-------+--------------------+---------+----+----+------+-----+------+-------------+
    | Memory|       Module       | BRAM_18K| FF | LUT| Words| Bits| Banks| W*Bits*Banks|
    +-------+--------------------+---------+----+----+------+-----+------+-------------+
    |arr_U  |Square3_duplex_arr  |        0|  64|  10|    20|   32|     1|          640|
    +-------+--------------------+---------+----+----+------+-----+------+-------------+
    |Total  |                    |        0|  64|  10|    20|   32|     1|          640|
    +-------+--------------------+---------+----+----+------+-----+------+-------------+

    * FIFO: 
    N/A

    * Expression: 
    +-------------------+----------+-------+---+-----+------------+------------+
    |   Variable Name   | Operation| DSP48E| FF| LUT | Bitwidth P0| Bitwidth P1|
    +-------------------+----------+-------+---+-----+------------+------------+
    |cou1_1_fu_148_p2   |     +    |      0|  0|   32|          32|           1|
    |i_1_fu_308_p2      |     +    |      0|  0|   31|          31|           1|
    |tmp_6_fu_234_p2    |     +    |      0|  0|   32|          32|           2|
    |z_2_fu_346_p2      |     +    |      0|  0|   32|          32|          32|
    |z_3_fu_396_p2      |     +    |      0|  0|   32|          32|          32|
    |neg_mul_fu_250_p2  |     -    |      0|  0|  129|           1|         129|
    |neg_ti_fu_279_p2   |     -    |      0|  0|   64|           1|          64|
    |p_neg_fu_186_p2    |     -    |      0|  0|   32|           1|          32|
    |p_neg_t_fu_206_p2  |     -    |      0|  0|   32|           1|          32|
    |tmp_28_fu_363_p2   |     -    |      0|  0|    2|           1|           2|
    |tmp_7_fu_314_p2    |     -    |      0|  0|   32|          32|          32|
    |tmp_14_fu_384_p2   |   icmp   |      0|  0|    1|           2|           1|
    |tmp_5_fu_303_p2    |   icmp   |      0|  0|   11|          32|          32|
    |tmp_fu_142_p2      |   icmp   |      0|  0|   22|          64|           1|
    |ap_return          |  select  |      0|  0|   32|           1|          32|
    |tmp_18_fu_272_p3   |  select  |      0|  0|   64|           1|          64|
    |tmp_24_fu_377_p3   |  select  |      0|  0|    2|           1|           2|
    |tmp_s_fu_226_p3    |  select  |      0|  0|   32|           1|          32|
    |y_1_fu_285_p3      |  select  |      0|  0|   64|           1|          64|
    +-------------------+----------+-------+---+-----+------------+------------+
    |Total              |          |      0|  0|  678|         299|         587|
    +-------------------+----------+-------+---+-----+------------+------------+

    * Multiplexer: 
    +--------------+-----+-----------+-----+-----------+
    |     Name     | LUT | Input Size| Bits| Total Bits|
    +--------------+-----+-----------+-----+-----------+
    |ap_NS_fsm     |  196|         88|    1|         88|
    |arr_address0  |    5|          4|    5|         20|
    |cou1_reg_93   |   32|          2|   32|         64|
    |i_reg_115     |   31|          2|   31|         62|
    |y_reg_105     |   64|          2|   64|        128|
    |z_reg_126     |   32|          2|   32|         64|
    +--------------+-----+-----------+-----+-----------+
    |Total         |  360|        100|  165|        426|
    +--------------+-----+-----------+-----+-----------+

    * Register: 
    +--------------------+-----+----+-----+-----------+
    |        Name        |  FF | LUT| Bits| Const Bits|
    +--------------------+-----+----+-----+-----------+
    |ap_CS_fsm           |   87|   0|   87|          0|
    |arr_load_1_reg_511  |   32|   0|   32|          0|
    |cou1_1_reg_416      |   32|   0|   32|          0|
    |cou1_reg_93         |   32|   0|   32|          0|
    |i_1_reg_486         |   31|   0|   31|          0|
    |i_reg_115           |   31|   0|   31|          0|
    |mul_reg_453         |  129|   0|  129|          0|
    |neg_ti_reg_468      |   64|   0|   64|          0|
    |p_neg_reg_437       |   32|   0|   32|          0|
    |reg_138             |   32|   0|   32|          0|
    |tmp_14_reg_526      |    1|   0|    1|          0|
    |tmp_16_reg_531      |   32|   0|   32|          0|
    |tmp_17_reg_463      |   64|   0|   64|          0|
    |tmp_19_reg_426      |    1|   0|    1|          0|
    |tmp_1_reg_516       |   32|   0|   32|          0|
    |tmp_21_reg_458      |   61|   0|   61|          0|
    |tmp_26_reg_501      |    1|   0|    1|          0|
    |tmp_2_reg_478       |   32|   0|   32|          0|
    |tmp_3_reg_432       |    1|   0|    1|          0|
    |tmp_6_reg_448       |   32|   0|   32|          0|
    |tmp_s_reg_442       |   32|   0|   32|          0|
    |y_1_reg_473         |   64|   0|   64|          0|
    |y_reg_105           |   64|   0|   64|          0|
    |z_reg_126           |   32|   0|   32|          0|
    +--------------------+-----+----+-----+-----------+
    |Total               |  951|   0|  951|          0|
    +--------------------+-----+----+-----+-----------+



================================================================
== Interface
================================================================
* Summary: 
+-----------+-----+-----+------------+----------------+--------------+
| RTL Ports | Dir | Bits|  Protocol  |  Source Object |    C Type    |
+-----------+-----+-----+------------+----------------+--------------+
|ap_clk     |  in |    1| ap_ctrl_hs | Square3_duplex | return value |
|ap_rst     |  in |    1| ap_ctrl_hs | Square3_duplex | return value |
|ap_start   |  in |    1| ap_ctrl_hs | Square3_duplex | return value |
|ap_done    | out |    1| ap_ctrl_hs | Square3_duplex | return value |
|ap_idle    | out |    1| ap_ctrl_hs | Square3_duplex | return value |
|ap_ready   | out |    1| ap_ctrl_hs | Square3_duplex | return value |
|ap_return  | out |   32| ap_ctrl_hs | Square3_duplex | return value |
|x          |  in |   64|   ap_none  |        x       |    scalar    |
+-----------+-----+-----+------------+----------------+--------------+

