@I [HLS-0] Workspace /root/root_explo/solution1 opened at Thu Apr 20 11:48:46 IST 2017
@I [HLS-100] Command "config_clock -quiet -name default -period 15 -default=false "
@I [SYN-201] Setting up clock 'default' with a period of 15ns.
@I [HLS-100] Command 'config_clock' returned 0; elapsed 0Total elapsed time: 0.156 sec.
@I [HLS-100] Command "open_platform DefaultPlatform "
@I [HLS-100] Command 'open_platform' returned 0; elapsed 0Total elapsed time: 0.157 sec.
@I [HLS-100] Command "import_lib /home/vivado/Vivado_HLS/2016.2/common/technology/xilinx/artix7/artix7 "
@I [HLS-100] Command "source /home/vivado/Vivado_HLS/2016.2/common/technology/xilinx/common/xilinx.lib "
@I [HLS-100] Command "source /home/vivado/Vivado_HLS/2016.2/common/technology/xilinx/interface/xilinx_interface.lib "
@I [HLS-100] Command "source /home/vivado/Vivado_HLS/2016.2/common/technology/xilinx/interface/plb46.lib "
@I [HLS-100] Command 'ap_source' returned 0; elapsed 0Total elapsed time: 0.157 sec.
@I [HLS-100] Command "source /home/vivado/Vivado_HLS/2016.2/common/technology/xilinx/interface/fsl.lib "
@I [HLS-100] Command 'ap_source' returned 0; elapsed 0Total elapsed time: 0.157 sec.
@I [HLS-100] Command "source /home/vivado/Vivado_HLS/2016.2/common/technology/xilinx/interface/axi4.lib "
@I [HLS-100] Command 'ap_source' returned 0; elapsed 0Total elapsed time: 0.157 sec.
@I [HLS-100] Command "source /home/vivado/Vivado_HLS/2016.2/common/technology/xilinx/interface/maxi.lib "
@I [HLS-100] Command 'ap_source' returned 0; elapsed 0Total elapsed time: 0.158 sec.
@I [HLS-100] Command "source /home/vivado/Vivado_HLS/2016.2/common/technology/xilinx/interface/saxilite.lib "
@I [HLS-100] Command 'ap_source' returned 0; elapsed 0Total elapsed time: 0.158 sec.
@I [HLS-100] Command 'ap_source' returned 0; elapsed 0Total elapsed time: 0.158 sec.
@I [HLS-100] Command "source /home/vivado/Vivado_HLS/2016.2/common/technology/xilinx/common/dsp48.lib "
@I [HLS-100] Command 'ap_source' returned 0; elapsed 0Total elapsed time: 0.158 sec.
@I [HLS-100] Command "source /home/vivado/Vivado_HLS/2016.2/common/technology/xilinx/ip/xfir.lib "
@I [HLS-100] Command 'ap_source' returned 0; elapsed 0Total elapsed time: 0.158 sec.
@I [HLS-100] Command "source /home/vivado/Vivado_HLS/2016.2/common/technology/xilinx/ip/xfft.lib "
@I [HLS-100] Command 'ap_source' returned 0; elapsed 0Total elapsed time: 0.158 sec.
@I [HLS-100] Command "source /home/vivado/Vivado_HLS/2016.2/common/technology/xilinx/ip/dds_compiler.lib "
@I [HLS-100] Command 'ap_source' returned 0; elapsed 0Total elapsed time: 0.158 sec.
@I [HLS-100] Command 'ap_source' returned 0; elapsed 0Total elapsed time: 0.160 sec.
@I [HLS-100] Command "source /home/vivado/Vivado_HLS/2016.2/common/technology/xilinx/common/xilinx_old.lib "
@I [HLS-100] Command 'ap_source' returned 0; elapsed 0.01Total elapsed time: 0.161 sec.
@I [HLS-100] Command "source /home/vivado/Vivado_HLS/2016.2/common/technology/xilinx/common/xilinx_vivado.lib "
@I [HLS-100] Command 'ap_source' returned 0; elapsed 0Total elapsed time: 0.161 sec.
@I [HLS-100] Command "source /home/vivado/Vivado_HLS/2016.2/common/technology/xilinx/common/xilinx.hlp "
@I [HLS-100] Command "source /home/vivado/Vivado_HLS/2016.2/common/technology/xilinx/common/target_info.tcl "
@I [HLS-100] Command 'ap_source' returned 0; elapsed 0Total elapsed time: 0.163 sec.
@I [HLS-100] Command "source /home/vivado/Vivado_HLS/2016.2/common/technology/xilinx/interface/xilinx_interface.hlp "
@I [HLS-100] Command "source /home/vivado/Vivado_HLS/2016.2/common/technology/xilinx/interface/maxi.hlp "
@I [HLS-100] Command 'ap_source' returned 0; elapsed 0Total elapsed time: 0.163 sec.
@I [HLS-100] Command "source /home/vivado/Vivado_HLS/2016.2/common/technology/xilinx/interface/saxilite.hlp "
@I [HLS-100] Command 'ap_source' returned 0; elapsed 0Total elapsed time: 0.163 sec.
@I [HLS-100] Command 'ap_source' returned 0; elapsed 0Total elapsed time: 0.163 sec.
@I [HLS-100] Command "source /home/vivado/Vivado_HLS/2016.2/common/technology/xilinx/common/dsp48.hlp "
@I [HLS-100] Command 'ap_source' returned 0; elapsed 0Total elapsed time: 0.164 sec.
@I [HLS-100] Command 'ap_source' returned 0; elapsed 0Total elapsed time: 0.164 sec.
@I [HLS-100] Command "source /home/vivado/Vivado_HLS/2016.2/common/technology/xilinx/artix7/dsp48e1.hlp "
@I [HLS-100] Command 'ap_source' returned 0; elapsed 0Total elapsed time: 0.164 sec.
@I [HLS-100] Command "get_default_platform "
@I [HLS-100] Command 'get_default_platform' returned 0; elapsed 0Total elapsed time: 0.164 sec.
@I [HLS-100] Command "config_chip_info -quiet -resource  {SLICE 15850} {LUT 63400}     {FF 126800} {DSP48E 240}    {BRAM 270}  "
@I [HLS-100] Command 'config_chip_info' returned 0; elapsed 0Total elapsed time: 0.164 sec.
@I [HLS-100] Command "config_chip_info -quiet -speed medium "
@I [HLS-100] Command 'config_chip_info' returned 0; elapsed 0Total elapsed time: 0.164 sec.
@I [HLS-100] Command 'import_lib' returned 0; elapsed 0.01Total elapsed time: 0.165 sec.
@I [HLS-100] Command "source /home/vivado/Vivado_HLS/2016.2/common/technology/xilinx/artix7/artix7.gen "
@I [HLS-100] Command "source /home/vivado/Vivado_HLS/2016.2/common/technology/xilinx/common/virtex.gen "
@I [HLS-100] Command "source /home/vivado/Vivado_HLS/2016.2/common/technology/xilinx/common/xilinx.gen "
@I [HLS-100] Command "source /home/vivado/Vivado_HLS/2016.2/common/technology/xilinx/interface/plb46.gen "
@I [HLS-100] Command 'ap_source' returned 0; elapsed 0Total elapsed time: 0.167 sec.
@I [HLS-100] Command "source /home/vivado/Vivado_HLS/2016.2/common/technology/xilinx/interface/fsl.gen "
@I [HLS-100] Command 'ap_source' returned 0; elapsed 0Total elapsed time: 0.167 sec.
@I [HLS-100] Command "source /home/vivado/Vivado_HLS/2016.2/common/technology/xilinx/interface/axi4.gen "
@I [HLS-100] Command 'ap_source' returned 0; elapsed 0Total elapsed time: 0.168 sec.
@I [HLS-100] Command "source /home/vivado/Vivado_HLS/2016.2/common/technology/xilinx/interface/nativeAXI4.gen "
@I [HLS-100] Command "source /home/vivado/Vivado_HLS/2016.2/common/technology/xilinx/interface/saxilite.gen "
@I [HLS-100] Command 'ap_source' returned 0; elapsed 0Total elapsed time: 0.170 sec.
@I [HLS-100] Command "source /home/vivado/Vivado_HLS/2016.2/common/technology/xilinx/interface/maxi.gen "
@I [HLS-100] Command 'ap_source' returned 0; elapsed 0.01Total elapsed time: 0.174 sec.
@I [HLS-100] Command 'ap_source' returned 0; elapsed 0.01Total elapsed time: 0.174 sec.
@I [HLS-100] Command "source /home/vivado/Vivado_HLS/2016.2/common/technology/xilinx/scripts/xilinxcoregen.gen "
@I [HLS-100] Command 'ap_source' returned 0; elapsed 0Total elapsed time: 0.180 sec.
@I [HLS-100] Command "source /home/vivado/Vivado_HLS/2016.2/common/technology/xilinx/interface/XilEDKCoreGen.gen "
@I [HLS-100] Command 'ap_source' returned 0; elapsed 0Total elapsed time: 0.184 sec.
@I [HLS-100] Command "source /home/vivado/Vivado_HLS/2016.2/common/technology/xilinx/ip/xfft.gen "
@I [HLS-100] Command 'ap_source' returned 0; elapsed 0.06Total elapsed time: 0.242 sec.
@I [HLS-100] Command "source /home/vivado/Vivado_HLS/2016.2/common/technology/xilinx/ip/xfir.gen "
@I [HLS-100] Command 'ap_source' returned 0; elapsed 0Total elapsed time: 0.243 sec.
@I [HLS-100] Command "source /home/vivado/Vivado_HLS/2016.2/common/technology/xilinx/ip/dds_compiler.gen "
@I [HLS-100] Command 'ap_source' returned 0; elapsed 0Total elapsed time: 0.245 sec.
@I [HLS-100] Command "source /home/vivado/Vivado_HLS/2016.2/common/technology/xilinx/ip/util.gen "
@I [HLS-100] Command 'ap_source' returned 0; elapsed 0Total elapsed time: 0.245 sec.
@I [HLS-100] Command 'ap_source' returned 0; elapsed 0.07Total elapsed time: 0.245 sec.
@I [HLS-100] Command "source /home/vivado/Vivado_HLS/2016.2/common/technology/xilinx/common/dsp48.gen "
@I [HLS-100] Command 'ap_source' returned 0; elapsed 0Total elapsed time: 0.246 sec.
@I [HLS-100] Command 'ap_source' returned 0; elapsed 0.08Total elapsed time: 0.246 sec.
@I [HLS-100] Command 'ap_source' returned 0; elapsed 0.08Total elapsed time: 0.246 sec.
@I [HLS-100] Command "open_platform DefaultPlatform "
@I [HLS-100] Command 'open_platform' returned 0; elapsed 0Total elapsed time: 0.246 sec.
@I [HLS-100] Command "import_lib /home/vivado/Vivado_HLS/2016.2/common/technology/xilinx/artix7/artix7_fpv6 "
@I [HLS-100] Command "source /home/vivado/Vivado_HLS/2016.2/common/technology/xilinx/common/xilinx_fpv7.lib "
@I [HLS-100] Command "source /home/vivado/Vivado_HLS/2016.2/common/technology/xilinx/common/xilinx_hp.lib "
@I [HLS-100] Command 'ap_source' returned 0; elapsed 0Total elapsed time: 0.247 sec.
@I [HLS-100] Command 'ap_source' returned 0; elapsed 0Total elapsed time: 0.248 sec.
@I [HLS-100] Command "source /home/vivado/Vivado_HLS/2016.2/common/technology/xilinx/common/xilinx_fpv.hlp "
@I [HLS-100] Command "source /home/vivado/Vivado_HLS/2016.2/common/technology/xilinx/common/xilinx.hlp "
@I [HLS-100] Command "source /home/vivado/Vivado_HLS/2016.2/common/technology/xilinx/common/target_info.tcl "
@I [HLS-100] Command 'ap_source' returned 0; elapsed 0Total elapsed time: 0.252 sec.
@I [HLS-100] Command "source /home/vivado/Vivado_HLS/2016.2/common/technology/xilinx/interface/xilinx_interface.hlp "
@I [HLS-100] Command "source /home/vivado/Vivado_HLS/2016.2/common/technology/xilinx/interface/maxi.hlp "
@I [HLS-100] Command 'ap_source' returned 0; elapsed 0Total elapsed time: 0.253 sec.
@I [HLS-100] Command "source /home/vivado/Vivado_HLS/2016.2/common/technology/xilinx/interface/saxilite.hlp "
@I [HLS-100] Command 'ap_source' returned 0; elapsed 0Total elapsed time: 0.253 sec.
@I [HLS-100] Command 'ap_source' returned 0; elapsed 0Total elapsed time: 0.253 sec.
@I [HLS-100] Command "source /home/vivado/Vivado_HLS/2016.2/common/technology/xilinx/common/dsp48.hlp "
@I [HLS-100] Command 'ap_source' returned 0; elapsed 0Total elapsed time: 0.253 sec.
@I [HLS-100] Command 'ap_source' returned 0; elapsed 0Total elapsed time: 0.254 sec.
@I [HLS-100] Command 'ap_source' returned 0; elapsed 0Total elapsed time: 0.254 sec.
@I [HLS-100] Command "source /home/vivado/Vivado_HLS/2016.2/common/technology/xilinx/artix7/artix7_hp.hlp "
@I [HLS-100] Command 'ap_source' returned 0; elapsed 0Total elapsed time: 0.254 sec.
@I [HLS-100] Command 'import_lib' returned 0; elapsed 0.01Total elapsed time: 0.257 sec.
@I [HLS-100] Command "source /home/vivado/Vivado_HLS/2016.2/common/technology/xilinx/artix7/artix7_fpv6.gen "
@I [HLS-100] Command "source /home/vivado/Vivado_HLS/2016.2/common/technology/xilinx/common/xilinx_fpv6.gen "
@I [HLS-100] Command 'ap_source' returned 0; elapsed 0Total elapsed time: 0.258 sec.
@I [HLS-100] Command 'ap_source' returned 0; elapsed 0Total elapsed time: 0.258 sec.
@I [HLS-100] Command "set_part xc7a200tfbg484-1 "
@I [HLS-100] Command "add_library xilinx/artix7/artix7:xc7a200t:fbg484:-1 "
@I [HLS-100] Command "get_default_platform "
@I [HLS-100] Command 'get_default_platform' returned 0; elapsed 0Total elapsed time: 0.260 sec.
@I [HLS-100] Command "license_isbetapart xc7a200t "
@I [HLS-100] Command 'license_isbetapart' returned 1; elapsed 0.01Total elapsed time: 0.265 sec.
@I [HLS-100] Command "get_default_platform "
@I [HLS-100] Command 'get_default_platform' returned 0; elapsed 0Total elapsed time: 0.265 sec.
@I [HLS-100] Command "config_chip_info -quiet -resource  {SLICE 33650} {LUT 129000}    {FF 269200} {DSP48E 740}    {BRAM 730}  "
@I [HLS-100] Command 'config_chip_info' returned 0; elapsed 0Total elapsed time: 0.266 sec.
@I [HLS-100] Command "config_chip_info -quiet -speed slow "
@I [HLS-100] Command 'config_chip_info' returned 0; elapsed 0Total elapsed time: 0.266 sec.
@I [HLS-100] Command 'add_library' returned 0; elapsed 0.01Total elapsed time: 0.267 sec.
@I [HLS-100] Command "add_library xilinx/artix7/artix7_fpv6 "
@I [HLS-100] Command "get_default_platform "
@I [HLS-100] Command 'get_default_platform' returned 0; elapsed 0Total elapsed time: 0.267 sec.
@I [HLS-100] Command 'add_library' returned 0; elapsed 0Total elapsed time: 0.268 sec.
@I [HLS-10] Setting target device to 'xc7a200tfbg484-1'
@I [HLS-100] Command 'set_part' returned 0; elapsed 0.01Total elapsed time: 0.268 sec.
@I [HLS-100] Command "get_default_platform "
@I [HLS-100] Command 'get_default_platform' returned 0; elapsed 0Total elapsed time: 0.268 sec.
@I [HLS-100] Command "config_chip_info -quiet -resource  {SLICE 33650} {LUT 129000}    {FF 269200} {DSP48E 740}    {BRAM 730}  "
@I [HLS-100] Command 'config_chip_info' returned 0; elapsed 0Total elapsed time: 0.268 sec.
@I [HLS-100] Command "config_chip_info -quiet -speed slow "
@I [HLS-100] Command 'config_chip_info' returned 0; elapsed 0Total elapsed time: 0.268 sec.
@I [HLS-100] Command 'open_solution' returned 0; elapsed 0.11Total elapsed time: 0.268 sec.
@I [HLS-100] Command "set_part xc7a200tfbg484-1 -tool vivado "
@I [HLS-100] Command "add_library xilinx/artix7/artix7:xc7a200t:fbg484:-1 "
@I [HLS-100] Command "get_default_platform "
@I [HLS-100] Command 'get_default_platform' returned 0; elapsed 0Total elapsed time: 0.270 sec.
@I [HLS-100] Command "license_isbetapart xc7a200t "
@I [HLS-100] Command 'license_isbetapart' returned 1; elapsed 0Total elapsed time: 0.270 sec.
@I [HLS-100] Command "get_default_platform "
@I [HLS-100] Command 'get_default_platform' returned 0; elapsed 0Total elapsed time: 0.271 sec.
@I [HLS-100] Command "config_chip_info -quiet -resource  {SLICE 33650} {LUT 129000}    {FF 269200} {DSP48E 740}    {BRAM 730}  "
@I [HLS-100] Command 'config_chip_info' returned 0; elapsed 0Total elapsed time: 0.271 sec.
@I [HLS-100] Command "config_chip_info -quiet -speed slow "
@I [HLS-100] Command 'config_chip_info' returned 0; elapsed 0Total elapsed time: 0.271 sec.
@I [HLS-100] Command 'add_library' returned 0; elapsed 0.01Total elapsed time: 0.271 sec.
@I [HLS-100] Command "add_library xilinx/artix7/artix7_fpv6 "
@I [HLS-100] Command "get_default_platform "
@I [HLS-100] Command 'get_default_platform' returned 0; elapsed 0Total elapsed time: 0.272 sec.
@I [HLS-100] Command 'add_library' returned 0; elapsed 0Total elapsed time: 0.272 sec.
@I [HLS-100] Command 'set_part' returned 0; elapsed 0.01Total elapsed time: 0.273 sec.
@I [HLS-100] Command "create_clock -period 15 -name default "
@I [HLS-100] Command "config_clock -quiet -name default -period 15 -default=false "
@I [SYN-201] Setting up clock 'default' with a period of 15ns.
@I [HLS-100] Command 'config_clock' returned 0; elapsed 0Total elapsed time: 0.274 sec.
@I [HLS-100] Command 'create_clock' returned 0; elapsed 0Total elapsed time: 0.274 sec.
@I [HLS-100] Command "csynth_design "
@I [HLS-100] Command "elaborate -effort=medium -skip_syncheck=0 -keep_printf=0 -lm=0 -skip_cdt=0 -skip_transform=0 -ng=0 -g=0 -opt_fp=0 "
@I [HLS-10] Analyzing design file 'Desktop/explo/Square_Root_explo.c' ... 
@0 [HLS-0] Analyzing design file 'Desktop/explo/Square_Root_explo.c' ... 
@I [HLS-0] Compiling one TU...
@I [HLS-0] 
Checking before pre-process: exec clang -fno-limit-debug-info -gcc-toolchain "/home/vivado/Vivado_HLS/2016.2/lnx64/tools/gcc" -hls    -fno-math-errno -c -emit-llvm -O0  -mllvm -disable-llvm-optzns -std=gnu89   -DAESL_SYN -D__SYNTHESIS__ -D__HLS_SYN__ -I "/home/vivado/Vivado_HLS/2016.2/common/technology/autopilot" -I "/home/vivado/Vivado_HLS/2016.2/common/technology/autopilot/ap_sysc" -include etc/autopilot_ssdm_op.h  "Desktop/explo/Square_Root_explo.c"  -o "/root/root_explo/solution1/.autopilot/db/Square_Root_explo.pp.00.o"

@I [HLS-100] Command "is_encrypted /root/root_explo/solution1/.autopilot/db/Square_Root_explo.pp.00.o "
@I [HLS-100] Command 'is_encrypted' returned 0; elapsed 0Total elapsed time: 0.319 sec.
@I [HLS-0] Syntax Checker time: 0 seconds per iteration
@I [HLS-0] 
Source preprocessing: exec clang -fno-limit-debug-info -gcc-toolchain "/home/vivado/Vivado_HLS/2016.2/lnx64/tools/gcc" -hls -fno-exceptions  -D__llvm__  -CC -E "Desktop/explo/Square_Root_explo.c"     -fno-math-errno -c -emit-llvm -O0  -mllvm -disable-llvm-optzns -std=gnu89   -DAESL_SYN -D__SYNTHESIS__ -D__HLS_SYN__ -I "/home/vivado/Vivado_HLS/2016.2/common/technology/autopilot" -I "/home/vivado/Vivado_HLS/2016.2/common/technology/autopilot/ap_sysc" -include etc/autopilot_ssdm_op.h  -o "/root/root_explo/solution1/.autopilot/db/Square_Root_explo.pp.0.c"

@I [HLS-0] GCC PP time: 0 seconds per iteration
@I [HLS-100] Command "list_core -type functional_unit "
@I [HLS-100] Command 'list_core' returned 0; elapsed 0Total elapsed time: 0.360 sec.
@I [HLS-0] Marker-Pragma convertor: /root/root_explo/solution1/.autopilot/db/Square_Root_explo.pp.0.c /root/root_explo/solution1/.autopilot/db/Square_Root_explo.pp.0.c.ap-line.c /root/root_explo/solution1/.autopilot/db/Square_Root_explo.pp.0.c.ap-line.c.CXX 1
@I [HLS-0] 
Source processor: exec /home/vivado/Vivado_HLS/2016.2/tps/lnx64/jre/bin/java -Xmx512m -classpath   "/home/vivado/Vivado_HLS/2016.2/lib/classes/autopilot.sourceprocessor.jar:/home/vivado/Vivado_HLS/2016.2/lib/classes/org.eclipse.cdt.core_5.3.0.xilinx_patch.jar:/home/vivado/Vivado_HLS/2016.2/lib/classes/org.eclipse.core.runtime_3.7.0.v20110110.jar:/home/vivado/Vivado_HLS/2016.2/lib/classes/org.eclipse.equinox.common_3.6.0.v20110523.jar:/home/vivado/Vivado_HLS/2016.2/lib/classes/com.ibm.icu_4.4.2.v20110208.jar:/home/vivado/Vivado_HLS/2016.2/lib/classes/jargs.jar:/home/vivado/Vivado_HLS/2016.2/lnx64/tools/eclipse/plugins/org.eclipse.emf.common_2.10.1.v20150123-0348.jar:/home/vivado/Vivado_HLS/2016.2/lnx64/tools/eclipse/plugins/org.eclipse.emf.ecore_2.10.2.v20150123-0348.jar:/home/vivado/Vivado_HLS/2016.2/lnx64/tools/eclipse/plugins/org.eclipse.emf.ecore.xmi_2.10.2.v20150123-0348.jar:/home/vivado/Vivado_HLS/2016.2/lnx64/tools/eclipse/plugins/com.autoesl.autopilot.ui.directiveFileModel_1.0.0.jar:/home/vivado/Vivado_HLS/2016.2/lnx64/tools/eclipse/plugins/com.autoesl.autopilot.ui.common_1.0.0.jar"  autopilot.sourceprocessor.CParser  "/root/root_explo/solution1/.autopilot/db/Square_Root_explo.pp.0.c.ap-line.c"  -m "Square_root" -o "/root/root_explo/solution1/.autopilot/db/Square_Root_explo.pp.0.c.ap-cdt.c" -c --pp --directive /root/root_explo/solution1/solution1.directive --source /root/Desktop/explo/Square_Root_explo.c --error /root/root_explo/solution1/.autopilot/db --funcunit "AddSub AddSub_DSP AddSubnS DAddSub_fulldsp DAddSub_nodsp DDiv DExp_fulldsp DExp_meddsp DExp_nodsp DLog_fulldsp DLog_meddsp DLog_nodsp DMul_fulldsp DMul_maxdsp DMul_meddsp DMul_nodsp DRSqrt DRecip DSqrt DivnS FAddSub_fulldsp FAddSub_nodsp FDiv FExp_fulldsp FExp_meddsp FExp_nodsp FLog_fulldsp FLog_meddsp FLog_nodsp FMul_fulldsp FMul_maxdsp FMul_meddsp FMul_nodsp FRSqrt_fulldsp FRSqrt_nodsp FRecip_fulldsp FRecip_nodsp FSqrt HAddSub_nodsp HDiv HMul_fulldsp HMul_maxdsp HMul_nodsp HSqrt Mul Mul2S Mul3S Mul4S Mul5S Mul6S Mul_LUT MulnS MuxnS" --ca --gf --pd --p2d /root/root_explo/solution1/.autopilot/db --sd --scff /root/root_explo/solution1/.autopilot/db/.systemc_flag --ad

@I [HLS-0] Marker-Pragma convertor: /root/root_explo/solution1/.autopilot/db/Square_Root_explo.pp.0.c.ap-cdt.c /root/root_explo/solution1/.autopilot/db/Square_Root_explo.pragma.0.c /root/root_explo/solution1/.autopilot/db/Square_Root_explo.pragma.0.c.ap-line.CXX 0
@I [HLS-100] Command "source /root/root_explo/solution1/.autopilot/db/pragma.status.tcl "
@I [HLS-100] Command 'ap_source' returned 0; elapsed 0Total elapsed time: 0.983 sec.
@I [HLS-0] CDT processor time: 0 seconds per iteration
@I [HLS-0] Pragma handling time: 0 seconds per iteration
@I [HLS-0] 
Source preprocessing: exec clang -fno-limit-debug-info -gcc-toolchain "/home/vivado/Vivado_HLS/2016.2/lnx64/tools/gcc" -hls -fno-exceptions  -D__llvm__  -CC -E "/root/root_explo/solution1/.autopilot/db/Square_Root_explo.pragma.1.c"     -fno-math-errno -c -emit-llvm -O0  -mllvm -disable-llvm-optzns -std=gnu89   -DAESL_SYN -D__SYNTHESIS__ -D__HLS_SYN__ -I "/home/vivado/Vivado_HLS/2016.2/common/technology/autopilot" -I "/home/vivado/Vivado_HLS/2016.2/common/technology/autopilot/ap_sysc" -include etc/autopilot_ssdm_op.h  -o "/root/root_explo/solution1/.autopilot/db/Square_Root_explo.pragma.2.c"

@I [HLS-0] exec clang -fno-limit-debug-info -gcc-toolchain /home/vivado/Vivado_HLS/2016.2/lnx64/tools/gcc -hls -hls-analyze-label -hls-analyze-pragma -fno-exceptions  -D__llvm__  -w  "/root/root_explo/solution1/.autopilot/db/Square_Root_explo.pragma.2.c"    -fno-math-errno -c -emit-llvm -O0  -mllvm -disable-llvm-optzns -std=gnu89  -DAESL_SYN -D__SYNTHESIS__ -D__HLS_SYN__ -I "/home/vivado/Vivado_HLS/2016.2/common/technology/autopilot" -I "/home/vivado/Vivado_HLS/2016.2/common/technology/autopilot/ap_sysc" -include etc/autopilot_ssdm_op.h -g -o "/root/root_explo/solution1/.autopilot/db/Square_Root_explo.g.bc"
@I [HLS-10] Validating synthesis directives ...
@0 [HLS-0] Validating synthesis directives ...
@I [HLS-100] Command "source /root/root_explo/solution1/.autopilot/db/pragma.status.tcl "
@I [HLS-100] Command 'ap_source' returned 0; elapsed 0Total elapsed time: 1.83 sec.
@I [HLS-0] Linking all ...
@I [HLS-0] exec llvm-ld  "/root/root_explo/solution1/.autopilot/db/Square_Root_explo.bc"  -disable-opt  -L/home/vivado/Vivado_HLS/2016.2/lnx64/lib -lm_basic -o "/root/root_explo/solution1/.autopilot/db/a.o.pre"
@I [HLS-0] Link time: 0 seconds per iteration
@I [HLS-0] Linking all ...
@I [HLS-0] exec llvm-ld  "/root/root_explo/solution1/.autopilot/db/Square_Root_explo.g.bc"  -disable-opt  -L/home/vivado/Vivado_HLS/2016.2/lnx64/lib -lm_basic -o "/root/root_explo/solution1/.autopilot/db/a.g.pre"
@I [HLS-0] Link time: 0 seconds per iteration
@I [HLS-100] Command "opt_and_import_c a -opt_level=2 -skip_syncheck=0 -ng=0 -keep_printf=0 "
@I [HLS-100] Command "cleanup_all_models "
@I [HLS-100] Command 'cleanup_all_models' returned 0; elapsed 0Total elapsed time: 1.159 sec.
@I [HLS-10] Starting code transformations ...
@0 [HLS-0] Starting code transformations ...
@I [HLS-0] std xform: transform -hls -share-std-xform -always-inline -promote-dbg-pointer  -interface-preproc  -scalarrepl -mem2reg -keep-read-access -instcombine -dce  -promote-dbg-pointer  -bitop-raise  -indvars -loop-simplify -xunroll  -constprop -instcombine -simplifycfg -indvars  -simplifycfg -dce -globaldce  -basicaa  -simplifycfg -mem2reg -globalopt  -global-constprop -deadargelim -instcombine -simplifycfg  -prune-eh -simplifycfg  -scalarrepl -instcombine -reassociate -licm  -simplifycfg -loop-simplify -indvars -instcombine  -simplifycfg -mem2reg -loop-simplify -indvars -instcombine  -gvn -gvn -instcombine -adce  -break-crit-edges  -simplifycfg -loop-delete  -global-array-opt -dce -dse -adce  -find-syn-modules -top Square_root  -deadargelim  -mem2reg -instcombine -dce  -presyn-prepare -auto-rom-infer  -interface-preproc  -syn-check -check-rec-only  -find-region -simplifycfg -func-extr -function-inline  -globaldce -mem2reg -instcombine -dce   -gvn -globaldce -adce -adse  -constprop -instcombine -bit-constprop  -instcombine -dce -simplifycfg -bitop-raise  -simplifycfg -dce -loop-delete -reassociate  -globalopt -global-privatize -mem2reg -dce  -global-constprop -pointer-simplify -constprop -dce  -func-inst -deadargelim  -promote-dbg-pointer  -norm-name   /root/root_explo/solution1/.autopilot/db/a.g.0.bc -o /root/root_explo/solution1/.autopilot/db/a.g.1.bc -f  -phase std-opt
@I [HLS-0] Std xform time: 0 seconds per iteration
@I [HLS-100] Command "is_encrypted /root/root_explo/solution1/.autopilot/db/a.g.1.bc "
@I [HLS-100] Command 'is_encrypted' returned 0; elapsed 0Total elapsed time: 1.199 sec.
@I [HLS-10] Checking synthesizability ...
@0 [HLS-0] Checking synthesizability ...
@I [HLS-0] syn check 1/2: transform -hls -syn-check -check-rec-only -disaggr -scalarrepl -norm-name -dce  -mem2reg -instcombine  -function-uniquify -directive-preproc -mem2reg -dse -dce -auto-rom-infer -dce  -array-normalize -instcombine -dce  -array-seg-normalize -instcombine -dce  -array-flatten -instcombine -dce  -array-burst -dce  -deadargelim -promote-global-argument  -simplifycfg -mem2reg -globaldce -resolve-double-ptr  -dce -deadargelim -dce -instcombine  -function-inline -globaldce -dce  -doublePtrSimplify -doublePtrElim -dce  -doublePtrSimplify -promote-dbg-pointer  -dce -scalarrepl -dse -adse -instcombine  -ptrLegalization  -simplifycfg -dce -instcombine  -pointer-simplify -ptrArgReplace -dce -instcombine   -disaggr -scalarrepl -norm-name -dce  -mem2reg -instcombine -ptrLegalization   -simplifycfg -deadargelim  -instcombine -dce -inst-simplify  -function-uniquify -directive-preproc -mem2reg -dse -dce  -globaldce    /root/root_explo/solution1/.autopilot/db/a.g.1.bc -o /root/root_explo/solution1/.autopilot/db/a.g.2.prechk.bc -f
@I [HLS-0] Syn check 1/2 time: 0 seconds per iteration
@I [HLS-0] syn check 2/2: transform -syn-check   /root/root_explo/solution1/.autopilot/db/a.g.2.prechk.bc -o /root/root_explo/solution1/.autopilot/db/a.g.2.bc -f  -phase syn-check
@I [HLS-0] Syn check 2/2 time: 0 seconds per iteration
@I [HLS-0] Compiler optimizing ...
@I [HLS-0] Share syncheck's 1.bc for syn flow: copy /root/root_explo/solution1/.autopilot/db/a.g.1.bc to /root/root_explo/solution1/.autopilot/db/a.o.1.bc
@I [HLS-0] presyn 1: transform -hls -tmp /root/root_explo/solution1/.autopilot/db -type-info  -function-uniquify -directive-preproc -mem2reg -dse -dce  -disaggr -scalarrepl -norm-name -deadargelim  -mem2reg -instcombine -dce -auto-rom-infer -dce -function-uniquify  -resource-proc  -simplifycfg -mem2reg -globaldce -resolve-double-ptr -dce -deadargelim -dce -instcombine  -clib-intrinsic-prepare -dce  -func-buffer -dce -array-normalize  -func-legal -instcombine -gvn -constprop -dce   -ptrArgReplace -mem2reg -instcombine -dce  -array-seg-normalize -deadargelim  -instcombine -dce  -pointer-simplify -dce  -port-alignment -dce  -interface-preproc  -data-pack -instcombine -dce   -basicaa -aggr-aa -aggrmodref-aa -aggr-aa -gvn -gvn  -basicaa -aggr-aa -aggrmodref-aa -aggr-aa -dse -adse -adce  -loop-simplify -indvars -instcombine  -gvn -loop-simplify -mem2reg -dce -simplifycfg  -find-region -instcombine  -auto-loop-pipeline  -inst-simplify  -interface-preproc  -indvars -auto-loop-unroll -loop-simplify -loop-bound -xunroll  -constprop -instcombine -simplifycfg -indvars  -simplifycfg -dce -globaldce  -attach-range  -gvn -inst-simplify  -constprop -simplifycfg -dce  -pointer-simplify -dce  -globalopt -constprop -dce  -array-promote -constprop -instcombine -dce  -ptrArgReplace -mem2reg  -instcombine -simplifycfg -dce  -auto-par -instcombine -dce  -array-transform-check  -array-reshape -instcombine -simplifycfg -dce  -ptrArgReplace -deadargelim -mem2reg  -instcombine -simplifycfg -dce   -indvars -loop-simplify -loop-bound -xunroll  -constprop -instcombine -simplifycfg -indvars  -simplifycfg -dce -globaldce  -duplicate-dataflow-processes -globaldce  -array-partition -instcombine -simplifycfg -dce  -ptrArgReplace -global-constprop -deadargelim -mem2reg  -func-legal -instcombine -dce -global-constprop -deadargelim -mem2reg  -instcombine -simplifycfg -dce   -globalopt -constprop -dce  -array-promote -constprop -instcombine -dce  -ptrArgReplace -mem2reg  -instcombine -simplifycfg -dce   -mem-intrinsic-preproc -dce  -global-privatize  -mem2reg -globaldce  -promote-global-argument  -ptrArgReplace -mem2reg -instcombine -dce  -globalopt -mergereturn -simplify-global-access -mem2reg -dce  -pointer-simplify -dce  -functionattrs  -basicaa -aggr-aa -aggrmodref-aa -aggr-aa -gvn -gvn  -basicaa -aggr-aa -aggrmodref-aa -aggr-aa -dse -adse -adce  -inst-simplify -dce -norm-name  -function-inline -globaldce  -func-inst -constprop -instcombine -simplifycfg -dce  -func-legal -dce   -loop-bound  -arraycheck -bitwidthmin -on-by-dataflow  -loop-delete -instcombine -simplifycfg  -globaldce -dce -gvn -deadargelim -dce -loop-simplify -clean-region -simplifycfg -propagate-stable-arguments  -loop-stream -instcombine -simplifycfg -dce -globaldce  -stream-intrinsic-preproc -dce  -check-ap-stream -loop-simplify -eliminate-keepreads  -extract-dataflow-in-loop -loop-simplify -dce -gvn -deadargelim -dse  -check-dataflow-syntax  -legalize-stream-variable -legalize-global -legalize-global-1  -extract-subproc -dce -dead-channel-elimination  -canonicalize-gep -globaldce -dce -gvn -deadargelim  -scalar-propagation -deadargelim -globaldce -mem2reg  -check-dataflow-channels -function-stream -annotate-dataflow-channels -dce -globaldce  -prop-fifo-spec -internal-stream-gen  -canonicalize-gep -globaldce -dce -gvn -deadargelim   -mergereturn -indvars -loop-simplify -instcombine  -array-stream -instcombine -simplifycfg -dce  -bundle-memfifo-ops -deadargelim    -function-uniquify -directive-preproc -mem2reg -dse -dce  -group-axi-access    -licm -simplifycfg -dce -loop-delete  -norm-name  /root/root_explo/solution1/.autopilot/db/a.o.1.bc -o /root/root_explo/solution1/.autopilot/db/a.o.1.tmp.bc -f
@I [HLS-0] Presyn 1 time: 0 seconds per iteration
@I [HLS-0] presyn 2: transform -hls -keep-callgraph -scalarrepl -mem2reg  -port-alignment -attach-range -dce  -pipe-mux-gen  -indvars -loop-bound  -inst-simplify -instcombine -dce  -merge-array-access -mem2reg -dce  -clean-region -mergereturn -if-conv  -instcombine -dce -constprop  -basicaa -aggr-aa -aggrmodref-aa -aggr-aa -gvn -gvn  -basicaa -aggr-aa -aggrmodref-aa -aggr-aa -dse -adse -adce  -scalarrepl -mem2reg  -global-constprop -deadargelim -deadargelim  -instcombine -dce -simplifycfg    -ptrArgReplace -mem2reg -function-inline  -globaldce -mem2reg -instcombine -dce -expr-balance  -instcombine -dce  -bitwidthmin  -interface-preproc -directive-preproc  -inst-rectify -instcombine -dce  -functionattrs  -constprop -instcombine -bit-constprop  -simplify-global-access  -globalopt -globaldce  -inst-simplify -instcombine -elimdeaddata -dce  -loop-delete -simplifycfg -loop-simplify -auto-burst   -norm-name /root/root_explo/solution1/.autopilot/db/a.o.1.tmp.bc -o /root/root_explo/solution1/.autopilot/db/a.o.2.bc -f  -phase presyn
@I [XFORM-401] Performing if-conversion on hyperblock from (Desktop/explo/Square_Root_explo.c:16:2) to (Desktop/explo/Square_Root_explo.c:18:2) in function 'dup'... converting 3 basic blocks.
@I [XFORM-11] Balancing expressions in function 'Square_root' (Desktop/explo/Square_Root_explo.c:20)...9 expression(s) balanced.
@I [HLS-0] Presyn 2 time: 0 seconds per iteration
@I [HLS-100] Command "is_encrypted /root/root_explo/solution1/.autopilot/db/a.o.2.bc "
@I [HLS-100] Command 'is_encrypted' returned 0; elapsed 0Total elapsed time: 1.342 sec.
@I [HLS-0] build ssdm: transform -hls  -function-uniquify -auto-function-inline -globaldce  -ptrArgReplace -mem2reg -instcombine -dce  -reset-lda  -loop-simplify -indvars -licm -loop-dep  -loop-bound -licm -loop-simplify -flattenloopnest  -array-flatten -gvn -instcombine -dce  -array-map -dce -func-legal  -gvn -adce -instcombine -cfgopt -simplifycfg -loop-simplify   -array-burst -promote-global-argument -dce  -axi4-lower -array-seg-normalize  -basicaa -aggrmodref-aa -globalsmodref-aa -aggr-aa -gvn -gvn  -basicaa -aggrmodref-aa -globalsmodref-aa -aggr-aa -dse -adse -adce -licm  -inst-simplify -dce  -globaldce -instcombine -array-stream -eliminate-keepreads -instcombine  -dce   -deadargelim -doublePtrSimplify  -doublePtrElim -dce -doublePtrSimplify -promote-dbg-pointer  -dce -scalarrepl -mem2reg -disaggr -norm-name -mem2reg  -instcombine  -dse -adse -adce -ptrLegalization -dce -auto-rom-infer -array-flatten -dce -instcombine  -loop-rot -constprop -cfgopt -simplifycfg -loop-simplify -indvars -pointer-simplify -dce -loop-bound  -loop-simplify -loop-preproc  -constprop -global-constprop -gvn -mem2reg -instcombine -dce  -loop-merge -dce  -bitwidthmin  -deadargelim -dce  -scalar-propagation -deadargelim -globaldce -mem2reg  -interface-preproc -interface-gen  -deadargelim -directive-preproc -inst-simplify -dce  -gvn -mem2reg -instcombine -dce -adse  -loop-bound  -instcombine -cfgopt -simplifycfg -loop-simplify  -clean-region -io-protocol  -find-region -mem2reg  -bitop-raise  -inst-simplify -inst-rectify -instcombine -adce -deadargelim  -loop-simplify -phi-opt -bitop-raise  -cfgopt -simplifycfg -strip-dead-prototypes  -interface-lower -bitop-lower -intrinsic-lower -auto-function-inline  -basicaa -aggrmodref-aa -globalsmodref-aa -aggr-aa  -inst-simplify -simplifycfg   -mergereturn -inst-simplify -inst-rectify  -dce -bitop-lower  -loop-rewind -pointer-simplify -dce -cfgopt  -read-loop-dep -dce -bitwidth -norm-name -legalize    -cdfg-build  /root/root_explo/solution1/.autopilot/db/a.o.2.bc -o /root/root_explo/solution1/.autopilot/db/a.o.3.bc -f  -phase build-ssdm
@I [HLS-0] Build ssdm time: 0 seconds per iteration
@I [HLS-100] Command "is_encrypted /root/root_explo/solution1/.autopilot/db/a.o.3.bc "
@I [HLS-100] Command 'is_encrypted' returned 0; elapsed 0Total elapsed time: 1.598 sec.
@I [HLS-0] Finish building internal data model.
@I [HLS-100] Command 'opt_and_import_c' returned 0; elapsed 0.4Total elapsed time: 1.617 sec.
@I [HLS-111] Elapsed time: 0.77 seconds; current memory usage: 0.193 MB.
@I [HLS-100] Command 'elaborate' returned 0; elapsed 0.5Total elapsed time: 1.617 sec.
@I [HLS-100] Command "autosyn "
@I [HLS-10] Starting hardware synthesis ...
@0 [HLS-0] Starting hardware synthesis ...
@I [HLS-0] Synthesizing C/C++ design ...
@I [HLS-10] Synthesizing 'Square_root' ...
@0 [HLS-0] Synthesizing 'Square_root' ...
@I [HLS-100] Command "ap_set_top_model Square_root "
@I [HLS-100] Command 'ap_set_top_model' returned 0; elapsed 0Total elapsed time: 1.618 sec.
@I [HLS-100] Command "get_model_list Square_root -filter all-wo-channel -topdown "
@I [HLS-100] Command 'get_model_list' returned 0; elapsed 0Total elapsed time: 1.618 sec.
@I [HLS-100] Command "preproc_iomode -model Square_root "
@I [HLS-100] Command 'preproc_iomode' returned 0; elapsed 0Total elapsed time: 1.618 sec.
@I [HLS-100] Command "preproc_iomode -model Square_root_dup "
@I [HLS-100] Command 'preproc_iomode' returned 0; elapsed 0Total elapsed time: 1.618 sec.
@I [HLS-100] Command "get_model_list Square_root -filter all-wo-channel "
@I [HLS-100] Command 'get_model_list' returned 0; elapsed 0Total elapsed time: 1.619 sec.
@I [HLS-0] Model list for configure: Square_root_dup Square_root
@I [HLS-0] Configuring Module : Square_root_dup ...
@I [HLS-100] Command "set_default_model Square_root_dup "
@I [HLS-100] Command 'set_default_model' returned 0; elapsed 0Total elapsed time: 1.619 sec.
@I [HLS-100] Command "apply_spec_resource_limit Square_root_dup "
@I [HLS-100] Command 'apply_spec_resource_limit' returned 0; elapsed 0Total elapsed time: 1.619 sec.
@I [HLS-0] Configuring Module : Square_root ...
@I [HLS-100] Command "set_default_model Square_root "
@I [HLS-100] Command 'set_default_model' returned 0; elapsed 0Total elapsed time: 1.619 sec.
@I [HLS-100] Command "apply_spec_resource_limit Square_root "
@I [HLS-100] Command 'apply_spec_resource_limit' returned 0; elapsed 0Total elapsed time: 1.619 sec.
@I [HLS-0] Model list for preprocess: Square_root_dup Square_root
@I [HLS-0] Preprocessing Module: Square_root_dup ...
@I [HLS-100] Command "set_default_model Square_root_dup "
@I [HLS-100] Command 'set_default_model' returned 0; elapsed 0Total elapsed time: 1.619 sec.
@I [HLS-100] Command "cdfg_preprocess -model Square_root_dup "
@I [HLS-100] Command 'cdfg_preprocess' returned 0; elapsed 0Total elapsed time: 1.620 sec.
@I [HLS-100] Command "rtl_gen_preprocess Square_root_dup "
@I [HLS-100] Command 'rtl_gen_preprocess' returned 0; elapsed 0Total elapsed time: 1.620 sec.
@I [HLS-0] Preprocessing Module: Square_root ...
@I [HLS-100] Command "set_default_model Square_root "
@I [HLS-100] Command 'set_default_model' returned 0; elapsed 0Total elapsed time: 1.620 sec.
@I [HLS-100] Command "cdfg_preprocess -model Square_root "
@I [HLS-100] Command 'cdfg_preprocess' returned 0; elapsed 0Total elapsed time: 1.622 sec.
@I [HLS-100] Command "rtl_gen_preprocess Square_root "
@I [HLS-100] Command 'rtl_gen_preprocess' returned 0; elapsed 0Total elapsed time: 1.622 sec.
@I [HLS-0] Model list for synthesis: Square_root_dup Square_root
@I [HLS-10] ----------------------------------------------------------------
@0 [HLS-0] ----------------------------------------------------------------
@I [HLS-10] -- Scheduling module 'Square_root_dup' 
@0 [HLS-0] -- Scheduling module 'Square_root_dup' 
@I [HLS-10] ----------------------------------------------------------------
@0 [HLS-0] ----------------------------------------------------------------
@I [HLS-100] Command "set_default_model Square_root_dup "
@I [HLS-100] Command 'set_default_model' returned 0; elapsed 0Total elapsed time: 1.623 sec.
@I [HLS-100] Command "schedule -model Square_root_dup "
@I [SCHED-11] Starting scheduling ...
@I [SCHED-11] Finished scheduling.
@I [HLS-100] Command 'schedule' returned 0; elapsed 0.04Total elapsed time: 1.659 sec.
@I [HLS-111] Elapsed time: 0.04 seconds; current memory usage: 0.193 MB.
@I [HLS-100] Command "report -o /root/root_explo/solution1/.autopilot/db/Square_root_dup.verbose.sched.rpt -verbose -f "
@I [HLS-100] Command 'report' returned 0; elapsed 0Total elapsed time: 1.662 sec.
@I [HLS-100] Command "db_write -o /root/root_explo/solution1/.autopilot/db/Square_root_dup.sched.adb -f "
@I [HLS-100] Command 'db_write' returned 0; elapsed 0.01Total elapsed time: 1.666 sec.
@I [HLS-0] Finish scheduling Square_root_dup.
@I [HLS-10] ----------------------------------------------------------------
@0 [HLS-0] ----------------------------------------------------------------
@I [HLS-10] -- Exploring micro-architecture for module 'Square_root_dup' 
@0 [HLS-0] -- Exploring micro-architecture for module 'Square_root_dup' 
@I [HLS-10] ----------------------------------------------------------------
@0 [HLS-0] ----------------------------------------------------------------
@I [HLS-100] Command "set_default_model Square_root_dup "
@I [HLS-100] Command 'set_default_model' returned 0; elapsed 0Total elapsed time: 1.667 sec.
@I [HLS-100] Command "bind -model Square_root_dup "
@I [BIND-110] clear=
@I [BIND-110] debug=
@I [BIND-110] drf=
@I [BIND-110] effort=
@I [BIND-110] fast_refine=
@I [BIND-110] fu_weight=[ 0.0 -- 1.0 ]
@I [BIND-110] global_opt=
@I [BIND-110] gsearch=
@I [BIND-110] help=
@I [BIND-110] help-hidden=
@I [BIND-110] min_mem_port=
@I [BIND-110] min_op=
@I [BIND-110] minreg=
@I [BIND-110] ml=
@I [BIND-110] model=Square_root_dup
@I [BIND-110] no_false_path=
@I [BIND-110] no_min_op=
@I [BIND-110] normalize=
@I [BIND-110] quiet=
@I [BIND-110] refine=
@I [BIND-110] reg_weight=[ 0.0 -- 1.0 ]
@I [BIND-110] search=
@I [BIND-110] tight_delay=
@I [BIND-110] verbose=
@I [BIND-110] wFF=
@I [BIND-110] wFU=
@I [BIND-110] wMUX=
@I [BIND-110] wNET=
@I [BIND-100] Starting micro-architecture generation ...
@I [BIND-101] Performing variable lifetime analysis.
@I [BIND-101] Exploring resource sharing.
@I [BIND-101] Binding ...
@I [BIND-100] Finished micro-architecture generation.
@I [HLS-100] Command 'bind' returned 0; elapsed 0.01Total elapsed time: 1.678 sec.
@I [HLS-111] Elapsed time: 0.02 seconds; current memory usage: 0.193 MB.
@I [HLS-100] Command "report -o /root/root_explo/solution1/.autopilot/db/Square_root_dup.verbose.bind.rpt -verbose -f "
@I [HLS-100] Command 'report' returned 0; elapsed 0.02Total elapsed time: 1.701 sec.
@I [HLS-100] Command "db_write -o /root/root_explo/solution1/.autopilot/db/Square_root_dup.bind.adb -f "
@I [HLS-100] Command 'db_write' returned 0; elapsed 0.01Total elapsed time: 1.707 sec.
@I [HLS-0] Finish binding Square_root_dup.
@I [HLS-10] ----------------------------------------------------------------
@0 [HLS-0] ----------------------------------------------------------------
@I [HLS-10] -- Scheduling module 'Square_root' 
@0 [HLS-0] -- Scheduling module 'Square_root' 
@I [HLS-10] ----------------------------------------------------------------
@0 [HLS-0] ----------------------------------------------------------------
@I [HLS-100] Command "set_default_model Square_root "
@I [HLS-100] Command 'set_default_model' returned 0; elapsed 0Total elapsed time: 1.707 sec.
@I [HLS-100] Command "schedule -model Square_root "
@I [SCHED-11] Starting scheduling ...
@W [SCHED-21] Estimated clock period (15.6ns) exceeds the target (target clock period: 15ns, clock uncertainty: 1.88ns, effective delay budget: 13.1ns).
@W [SCHED-21] The critical path consists of the following:
	'phi' operation ('a') with incoming values : ('i', Desktop/explo/Square_Root_explo.c:48) ('a', Desktop/explo/Square_Root_explo.c:50) ('a_5_cast', Desktop/explo/Square_Root_explo.c:63) (0 ns)
	'mul' operation ('tmp_29', Desktop/explo/Square_Root_explo.c:69) (3.36 ns)
	'sub' operation ('remainder', Desktop/explo/Square_Root_explo.c:69) (3.82 ns)
	'bitconcatenate' operation ('p_shl1', Desktop/explo/Square_Root_explo.c:71) (0 ns)
	'add' operation ('tmp5', Desktop/explo/Square_Root_explo.c:71) (1.68 ns)
	'add' operation ('temp', Desktop/explo/Square_Root_explo.c:71) (1.68 ns)
	'sdiv' operation ('tmp_1', Desktop/explo/Square_Root_explo.c:72) (5.03 ns)
@I [SCHED-11] Finished scheduling.
@I [HLS-100] Command 'schedule' returned 0; elapsed 0.11Total elapsed time: 1.820 sec.
@I [HLS-111] Elapsed time: 0.14 seconds; current memory usage: 0.193 MB.
@I [HLS-100] Command "report -o /root/root_explo/solution1/.autopilot/db/Square_root.verbose.sched.rpt -verbose -f "
@I [HLS-100] Command 'report' returned 0; elapsed 0.01Total elapsed time: 1.830 sec.
@I [HLS-100] Command "db_write -o /root/root_explo/solution1/.autopilot/db/Square_root.sched.adb -f "
@I [HLS-100] Command 'db_write' returned 0; elapsed 0.01Total elapsed time: 1.845 sec.
@I [HLS-0] Finish scheduling Square_root.
@I [HLS-10] ----------------------------------------------------------------
@0 [HLS-0] ----------------------------------------------------------------
@I [HLS-10] -- Exploring micro-architecture for module 'Square_root' 
@0 [HLS-0] -- Exploring micro-architecture for module 'Square_root' 
@I [HLS-10] ----------------------------------------------------------------
@0 [HLS-0] ----------------------------------------------------------------
@I [HLS-100] Command "set_default_model Square_root "
@I [HLS-100] Command 'set_default_model' returned 0; elapsed 0Total elapsed time: 1.845 sec.
@I [HLS-100] Command "bind -model Square_root "
@I [BIND-110] clear=
@I [BIND-110] debug=
@I [BIND-110] drf=
@I [BIND-110] effort=
@I [BIND-110] fast_refine=
@I [BIND-110] fu_weight=[ 0.0 -- 1.0 ]
@I [BIND-110] global_opt=
@I [BIND-110] gsearch=
@I [BIND-110] help=
@I [BIND-110] help-hidden=
@I [BIND-110] min_mem_port=
@I [BIND-110] min_op=
@I [BIND-110] minreg=
@I [BIND-110] ml=
@I [BIND-110] model=Square_root
@I [BIND-110] no_false_path=
@I [BIND-110] no_min_op=
@I [BIND-110] normalize=
@I [BIND-110] quiet=
@I [BIND-110] refine=
@I [BIND-110] reg_weight=[ 0.0 -- 1.0 ]
@I [BIND-110] search=
@I [BIND-110] tight_delay=
@I [BIND-110] verbose=
@I [BIND-110] wFF=
@I [BIND-110] wFU=
@I [BIND-110] wMUX=
@I [BIND-110] wNET=
@I [BIND-100] Starting micro-architecture generation ...
@I [BIND-101] Performing variable lifetime analysis.
@I [BIND-101] Exploring resource sharing.
@I [BIND-101] Binding ...
@I [BIND-100] Finished micro-architecture generation.
@I [HLS-100] Command 'bind' returned 0; elapsed 0.04Total elapsed time: 1.889 sec.
@I [HLS-111] Elapsed time: 0.06 seconds; current memory usage: 0.193 MB.
@I [HLS-100] Command "report -o /root/root_explo/solution1/.autopilot/db/Square_root.verbose.bind.rpt -verbose -f "
@I [HLS-100] Command 'report' returned 0; elapsed 0.08Total elapsed time: 1.963 sec.
@I [HLS-100] Command "db_write -o /root/root_explo/solution1/.autopilot/db/Square_root.bind.adb -f "
@I [HLS-100] Command 'db_write' returned 0; elapsed 0.02Total elapsed time: 1.982 sec.
@I [HLS-0] Finish binding Square_root.
@I [HLS-100] Command "get_model_list Square_root -filter all-wo-channel "
@I [HLS-100] Command 'get_model_list' returned 0; elapsed 0Total elapsed time: 1.982 sec.
@I [HLS-0] Preprocessing for RTLGen ...
@I [HLS-100] Command "rtl_gen_preprocess Square_root_dup "
@I [HLS-100] Command 'rtl_gen_preprocess' returned 0; elapsed 0Total elapsed time: 1.982 sec.
@I [HLS-100] Command "rtl_gen_preprocess Square_root "
@I [HLS-100] Command 'rtl_gen_preprocess' returned 0; elapsed 0Total elapsed time: 1.983 sec.
@I [HLS-0] Model list for RTL generation: Square_root_dup Square_root
@I [HLS-10] ----------------------------------------------------------------
@0 [HLS-0] ----------------------------------------------------------------
@I [HLS-10] -- Generating RTL for module 'Square_root_dup' 
@0 [HLS-0] -- Generating RTL for module 'Square_root_dup' 
@I [HLS-10] ----------------------------------------------------------------
@0 [HLS-0] ----------------------------------------------------------------
@I [HLS-100] Command "create_rtl_model Square_root_dup -vendor xilinx -mg_file /root/root_explo/solution1/.autopilot/db/Square_root_dup.compgen.tcl "
@I [RTGEN-100] Generating core module 'Square_root_mac_muladd_5s_5s_15s_32_1': 1 instance(s).
@I [RTGEN-100] Generating core module 'Square_root_mul_54ns_51s_105_5': 1 instance(s).
@I [RTGEN-100] Generating core module 'Square_root_srem_51ns_5ns_5_55_seq': 1 instance(s).
@I [RTGEN-100] Finished creating RTL model for 'Square_root_dup'.
@I [HLS-100] Command 'create_rtl_model' returned 0; elapsed 0.01Total elapsed time: 2.0 sec.
@I [HLS-111] Elapsed time: 0.12 seconds; current memory usage: 0.193 MB.
@I [HLS-100] Command "source /root/root_explo/solution1/.autopilot/db/Square_root.rtl_wrap.cfg.tcl "
@I [HLS-100] Command 'ap_source' returned 0; elapsed 0Total elapsed time: 2.0 sec.
@I [HLS-100] Command "gen_rtl Square_root_dup -style xilinx -tracefl mytrace -tracefmt vcd -traceopt all -f -lang sc -o /root/root_explo/solution1/syn/systemc/Square_root_dup -synmodules Square_root_dup Square_root "
@I [HLS-100] Command 'gen_rtl' returned 0; elapsed 0Total elapsed time: 2.2 sec.
@I [HLS-100] Command "gen_rtl Square_root_dup -style xilinx -f -lang vhdl -o /root/root_explo/solution1/syn/vhdl/Square_root_dup "
@I [HLS-100] Command 'gen_rtl' returned 0; elapsed 0Total elapsed time: 2.3 sec.
@I [HLS-100] Command "gen_rtl Square_root_dup -style xilinx -f -lang vlog -o /root/root_explo/solution1/syn/verilog/Square_root_dup "
@I [HLS-100] Command 'gen_rtl' returned 0; elapsed 0Total elapsed time: 2.4 sec.
@I [HLS-100] Command "gen_tb_info Square_root_dup -o /root/root_explo/solution1/.autopilot/db/Square_root_dup -p /root/root_explo/solution1/.autopilot/db "
@I [HLS-100] Command 'gen_tb_info' returned 0; elapsed 0.01Total elapsed time: 2.11 sec.
@I [HLS-100] Command "report -model Square_root_dup -o /root/root_explo/solution1/syn/report/Square_root_dup_csynth.rpt -f "
@I [HLS-100] Command 'report' returned 0; elapsed 0.01Total elapsed time: 2.20 sec.
@I [HLS-100] Command "report -model Square_root_dup -o /root/root_explo/solution1/syn/report/Square_root_dup_csynth.xml -f -x "
@I [HLS-100] Command 'report' returned 0; elapsed 0.01Total elapsed time: 2.27 sec.
@I [HLS-100] Command "report -model Square_root_dup -o /root/root_explo/solution1/.autopilot/db/Square_root_dup.verbose.rpt -verbose -f "
@I [HLS-100] Command 'report' returned 0; elapsed 0.03Total elapsed time: 2.59 sec.
@I [HLS-100] Command "db_write -model Square_root_dup -o /root/root_explo/solution1/.autopilot/db/Square_root_dup.adb -f "
@I [HLS-100] Command 'db_write' returned 0; elapsed 0.01Total elapsed time: 2.72 sec.
@I [HLS-10] ----------------------------------------------------------------
@0 [HLS-0] ----------------------------------------------------------------
@I [HLS-10] -- Generating RTL for module 'Square_root' 
@0 [HLS-0] -- Generating RTL for module 'Square_root' 
@I [HLS-10] ----------------------------------------------------------------
@0 [HLS-0] ----------------------------------------------------------------
@I [HLS-100] Command "create_rtl_model Square_root -vendor xilinx -mg_file /root/root_explo/solution1/.autopilot/db/Square_root.compgen.tcl "
@I [RTGEN-500] Setting interface mode on port 'Square_root/num' to 'ap_ovld'.
@I [RTGEN-500] Setting interface mode on port 'Square_root/ans' to 'ap_vld'.
@I [RTGEN-500] Setting interface mode on function 'Square_root' to 'ap_ctrl_hs'.
@I [RTGEN-100] Generating core module 'Square_root_fdiv_32ns_32ns_32_10': 1 instance(s).
@I [RTGEN-100] Generating core module 'Square_root_mac_mulsub_4ns_4ns_12ns_12_1': 1 instance(s).
@I [RTGEN-100] Generating core module 'Square_root_mul_32s_34ns_65_3': 1 instance(s).
@I [RTGEN-100] Generating core module 'Square_root_mul_34ns_32s_65_3': 3 instance(s).
@I [RTGEN-100] Generating core module 'Square_root_sdiv_17s_6ns_17_21_seq': 1 instance(s).
@I [RTGEN-100] Generating core module 'Square_root_sitofp_32ns_32_4': 1 instance(s).
@I [RTGEN-100] Generating core module 'Square_root_srem_32ns_5ns_6_36_seq': 1 instance(s).
@I [RTGEN-100] Generating core module 'Square_root_udiv_32ns_5ns_32_36_seq': 1 instance(s).
@I [RTGEN-100] Finished creating RTL model for 'Square_root'.
@I [HLS-100] Command 'create_rtl_model' returned 0; elapsed 0.06Total elapsed time: 2.141 sec.
@I [HLS-111] Elapsed time: 0.14 seconds; current memory usage: 0.193 MB.
@I [HLS-100] Command "source /root/root_explo/solution1/.autopilot/db/Square_root.rtl_wrap.cfg.tcl "
@I [HLS-100] Command 'ap_source' returned 0; elapsed 0Total elapsed time: 2.141 sec.
@I [HLS-100] Command "gen_rtl Square_root -istop -style xilinx -tracefl mytrace -tracefmt vcd -traceopt all -f -lang sc -o /root/root_explo/solution1/syn/systemc/Square_root -synmodules Square_root_dup Square_root "
@I [HLS-100] Command 'gen_rtl' returned 0; elapsed 0Total elapsed time: 2.145 sec.
@I [HLS-100] Command "gen_rtl Square_root -istop -style xilinx -f -lang vhdl -o /root/root_explo/solution1/syn/vhdl/Square_root "
@I [HLS-100] Command 'gen_rtl' returned 0; elapsed 0.04Total elapsed time: 2.181 sec.
@I [HLS-100] Command "gen_rtl Square_root -istop -style xilinx -f -lang vlog -o /root/root_explo/solution1/syn/verilog/Square_root "
@I [HLS-100] Command 'gen_rtl' returned 0; elapsed 0.01Total elapsed time: 2.200 sec.
@I [HLS-100] Command "export_constraint_db -o /root/root_explo/solution1/.autopilot/db/Square_root.constraint.tcl -f -tool general "
@I [HLS-100] Command 'export_constraint_db' returned 0; elapsed 0Total elapsed time: 2.201 sec.
@I [HLS-100] Command "report -model Square_root -o /root/root_explo/solution1/.autopilot/db/Square_root.design.xml -verbose -f -dv "
@I [HLS-100] Command 'report' returned 0; elapsed 0.04Total elapsed time: 2.248 sec.
@I [HLS-100] Command "report -model Square_root -o /root/root_explo/solution1/.autopilot/db/Square_root.sdaccel.xml -verbose -f -sdaccel "
@I [HLS-100] Command 'report' returned 0; elapsed 0.05Total elapsed time: 2.298 sec.
@I [HLS-100] Command "gen_tb_info Square_root -o /root/root_explo/solution1/.autopilot/db/Square_root -p /root/root_explo/solution1/.autopilot/db "
@I [HLS-100] Command 'gen_tb_info' returned 0; elapsed 0Total elapsed time: 2.298 sec.
@I [HLS-100] Command "report -model Square_root -o /root/root_explo/solution1/syn/report/Square_root_csynth.rpt -f "
@I [HLS-100] Command 'report' returned 0; elapsed 0.02Total elapsed time: 2.317 sec.
@I [HLS-100] Command "report -model Square_root -o /root/root_explo/solution1/syn/report/Square_root_csynth.xml -f -x "
@I [HLS-100] Command 'report' returned 0; elapsed 0.02Total elapsed time: 2.334 sec.
@I [HLS-100] Command "report -model Square_root -o /root/root_explo/solution1/.autopilot/db/Square_root.verbose.rpt -verbose -f "
@I [HLS-100] Command 'report' returned 0; elapsed 0.09Total elapsed time: 2.428 sec.
@I [HLS-100] Command "db_write -model Square_root -o /root/root_explo/solution1/.autopilot/db/Square_root.adb -f "
@I [HLS-100] Command 'db_write' returned 0; elapsed 0.05Total elapsed time: 2.464 sec.
@I [HLS-100] Command "sc_get_clocks Square_root "
@I [HLS-100] Command 'sc_get_clocks' returned 0; elapsed 0Total elapsed time: 2.497 sec.
@I [HLS-100] Command "sc_get_portdomain Square_root "
@I [HLS-100] Command 'sc_get_portdomain' returned 0; elapsed 0Total elapsed time: 2.498 sec.
@I [HLS-0] Model list for RTL component generation: Square_root_dup Square_root
@I [HLS-0] Handling components in module [Square_root_dup] ... 
@I [HLS-100] Command "source /root/root_explo/solution1/.autopilot/db/Square_root_dup.compgen.tcl "
@I [HLS-0] Found component Square_root_srem_51ns_5ns_5_55_seq.
@I [HLS-0] Append model Square_root_srem_51ns_5ns_5_55_seq
@I [HLS-0] Found component Square_root_mul_54ns_51s_105_5.
@I [HLS-0] Append model Square_root_mul_54ns_51s_105_5
@I [HLS-0] Found component Square_root_mac_muladd_5s_5s_15s_32_1.
@I [HLS-0] Append model Square_root_mac_muladd_5s_5s_15s_32_1
@I [HLS-0] Found component Square_root_dup_arr.
@I [HLS-0] Append model Square_root_dup_arr
@I [HLS-100] Command 'ap_source' returned 0; elapsed 0Total elapsed time: 2.499 sec.
@I [HLS-0] Handling components in module [Square_root] ... 
@I [HLS-100] Command "source /root/root_explo/solution1/.autopilot/db/Square_root.compgen.tcl "
@I [HLS-0] Found component Square_root_fdiv_32ns_32ns_32_10.
@I [HLS-0] Append model Square_root_fdiv_32ns_32ns_32_10
@I [HLS-0] Found component Square_root_sitofp_32ns_32_4.
@I [HLS-0] Append model Square_root_sitofp_32ns_32_4
@I [HLS-0] Found component Square_root_mul_32s_34ns_65_3.
@I [HLS-0] Append model Square_root_mul_32s_34ns_65_3
@I [HLS-0] Found component Square_root_srem_32ns_5ns_6_36_seq.
@I [HLS-0] Append model Square_root_srem_32ns_5ns_6_36_seq
@I [HLS-0] Found component Square_root_mul_34ns_32s_65_3.
@I [HLS-0] Append model Square_root_mul_34ns_32s_65_3
@I [HLS-0] Found component Square_root_sdiv_17s_6ns_17_21_seq.
@I [HLS-0] Append model Square_root_sdiv_17s_6ns_17_21_seq
@I [HLS-0] Found component Square_root_udiv_32ns_5ns_32_36_seq.
@I [HLS-0] Append model Square_root_udiv_32ns_5ns_32_36_seq
@I [HLS-0] Found component Square_root_mac_mulsub_4ns_4ns_12ns_12_1.
@I [HLS-0] Append model Square_root_mac_mulsub_4ns_4ns_12ns_12_1
@I [HLS-0] Found component Square_root_remy.
@I [HLS-0] Append model Square_root_remy
@I [HLS-0] Found component Square_root_h.
@I [HLS-0] Append model Square_root_h
@I [HLS-100] Command 'ap_source' returned 0; elapsed 0Total elapsed time: 2.499 sec.
@I [HLS-0] Append model Square_root_dup
@I [HLS-0] Append model Square_root
@I [HLS-0] Generating RTL model list ...
@I [HLS-0] All models in this session: Square_root_srem_51ns_5ns_5_55_seq Square_root_mul_54ns_51s_105_5 Square_root_mac_muladd_5s_5s_15s_32_1 Square_root_dup_arr Square_root_fdiv_32ns_32ns_32_10 Square_root_sitofp_32ns_32_4 Square_root_mul_32s_34ns_65_3 Square_root_srem_32ns_5ns_6_36_seq Square_root_mul_34ns_32s_65_3 Square_root_sdiv_17s_6ns_17_21_seq Square_root_udiv_32ns_5ns_32_36_seq Square_root_mac_mulsub_4ns_4ns_12ns_12_1 Square_root_remy Square_root_h Square_root_dup Square_root
@I [HLS-0] To file: write model Square_root_srem_51ns_5ns_5_55_seq
@I [HLS-0] To file: write model Square_root_mul_54ns_51s_105_5
@I [HLS-0] To file: write model Square_root_mac_muladd_5s_5s_15s_32_1
@I [HLS-0] To file: write model Square_root_dup_arr
@I [HLS-0] To file: write model Square_root_fdiv_32ns_32ns_32_10
@I [HLS-0] To file: write model Square_root_sitofp_32ns_32_4
@I [HLS-0] To file: write model Square_root_mul_32s_34ns_65_3
@I [HLS-0] To file: write model Square_root_srem_32ns_5ns_6_36_seq
@I [HLS-0] To file: write model Square_root_mul_34ns_32s_65_3
@I [HLS-0] To file: write model Square_root_sdiv_17s_6ns_17_21_seq
@I [HLS-0] To file: write model Square_root_udiv_32ns_5ns_32_36_seq
@I [HLS-0] To file: write model Square_root_mac_mulsub_4ns_4ns_12ns_12_1
@I [HLS-0] To file: write model Square_root_remy
@I [HLS-0] To file: write model Square_root_h
@I [HLS-0] To file: write model Square_root_dup
@I [HLS-0] To file: write model Square_root
@I [HLS-0] Finished generating RTL model list.


@I [HLS-0] RTL Generation done.
@I [HLS-0] CAS Generation done.
@I [HLS-0] CBC Generation done.
@I [HLS-100] Command "export_ssdm /root/root_explo/solution1/.autopilot/db/a.export.ll "
@I [HLS-100] Command 'export_ssdm' returned 0; elapsed 0Total elapsed time: 2.500 sec.
@I [HLS-100] Command "source /root/root_explo/solution1/.autopilot/db/global.setting.tcl "
@I [HLS-100] Command 'ap_source' returned 0; elapsed 0Total elapsed time: 2.502 sec.
@I [HLS-100] Command "source /home/vivado/Vivado_HLS/2016.2/common/technology/generic/autopilot/common.gen "
@I [HLS-100] Command "source /home/vivado/Vivado_HLS/2016.2/common/technology/generic/autopilot/APCoreGen.gen "
@I [HLS-100] Command 'ap_source' returned 0; elapsed 0Total elapsed time: 2.503 sec.
@I [HLS-100] Command 'ap_source' returned 0; elapsed 0Total elapsed time: 2.503 sec.
@I [HLS-100] Command "source /home/vivado/Vivado_HLS/2016.2/common/technology/generic/autopilot/op.gen "
@I [HLS-100] Command 'ap_source' returned 0; elapsed 0Total elapsed time: 2.503 sec.
@I [HLS-100] Command "source /home/vivado/Vivado_HLS/2016.2/common/technology/generic/autopilot/op_simcore.gen "
@I [HLS-100] Command 'ap_source' returned 0; elapsed 0Total elapsed time: 2.504 sec.
@I [HLS-100] Command "source /home/vivado/Vivado_HLS/2016.2/common/technology/generic/autopilot/interface.gen "
@I [HLS-100] Command 'ap_source' returned 0; elapsed 0Total elapsed time: 2.504 sec.
@I [HLS-100] Command "source /root/root_explo/solution1/.autopilot/db/global.setting.tcl "
@I [HLS-100] Command 'ap_source' returned 0; elapsed 0Total elapsed time: 2.504 sec.
@I [HLS-100] Command "source /home/vivado/Vivado_HLS/2016.2/common/technology/xilinx/artix7/artix7.gen "
@I [HLS-100] Command "source /home/vivado/Vivado_HLS/2016.2/common/technology/xilinx/common/virtex.gen "
@I [HLS-100] Command "source /home/vivado/Vivado_HLS/2016.2/common/technology/xilinx/common/xilinx.gen "
@I [HLS-100] Command "source /home/vivado/Vivado_HLS/2016.2/common/technology/xilinx/interface/plb46.gen "
@I [HLS-100] Command 'ap_source' returned 0; elapsed 0Total elapsed time: 2.505 sec.
@I [HLS-100] Command "source /home/vivado/Vivado_HLS/2016.2/common/technology/xilinx/interface/fsl.gen "
@I [HLS-100] Command 'ap_source' returned 0; elapsed 0.01Total elapsed time: 2.506 sec.
@I [HLS-100] Command "source /home/vivado/Vivado_HLS/2016.2/common/technology/xilinx/interface/axi4.gen "
@I [HLS-100] Command 'ap_source' returned 0; elapsed 0Total elapsed time: 2.507 sec.
@I [HLS-100] Command "source /home/vivado/Vivado_HLS/2016.2/common/technology/xilinx/interface/nativeAXI4.gen "
@I [HLS-100] Command "source /home/vivado/Vivado_HLS/2016.2/common/technology/xilinx/interface/saxilite.gen "
@I [HLS-100] Command 'ap_source' returned 0; elapsed 0Total elapsed time: 2.509 sec.
@I [HLS-100] Command "source /home/vivado/Vivado_HLS/2016.2/common/technology/xilinx/interface/maxi.gen "
@I [HLS-100] Command 'ap_source' returned 0; elapsed 0Total elapsed time: 2.513 sec.
@I [HLS-100] Command 'ap_source' returned 0; elapsed 0Total elapsed time: 2.513 sec.
@I [HLS-100] Command "source /home/vivado/Vivado_HLS/2016.2/common/technology/xilinx/scripts/xilinxcoregen.gen "
@I [HLS-100] Command 'ap_source' returned 0; elapsed 0.01Total elapsed time: 2.519 sec.
@I [HLS-100] Command "source /home/vivado/Vivado_HLS/2016.2/common/technology/xilinx/interface/XilEDKCoreGen.gen "
@I [HLS-100] Command 'ap_source' returned 0; elapsed 0Total elapsed time: 2.523 sec.
@I [HLS-100] Command "source /home/vivado/Vivado_HLS/2016.2/common/technology/xilinx/ip/xfft.gen "
@I [HLS-100] Command 'ap_source' returned 0; elapsed 0.06Total elapsed time: 2.579 sec.
@I [HLS-100] Command "source /home/vivado/Vivado_HLS/2016.2/common/technology/xilinx/ip/xfir.gen "
@I [HLS-100] Command 'ap_source' returned 0; elapsed 0Total elapsed time: 2.580 sec.
@I [HLS-100] Command "source /home/vivado/Vivado_HLS/2016.2/common/technology/xilinx/ip/dds_compiler.gen "
@I [HLS-100] Command 'ap_source' returned 0; elapsed 0Total elapsed time: 2.582 sec.
@I [HLS-100] Command "source /home/vivado/Vivado_HLS/2016.2/common/technology/xilinx/ip/util.gen "
@I [HLS-100] Command 'ap_source' returned 0; elapsed 0Total elapsed time: 2.582 sec.
@I [HLS-100] Command 'ap_source' returned 0; elapsed 0.08Total elapsed time: 2.582 sec.
@I [HLS-100] Command "source /home/vivado/Vivado_HLS/2016.2/common/technology/xilinx/common/dsp48.gen "
@I [HLS-100] Command 'ap_source' returned 0; elapsed 0Total elapsed time: 2.583 sec.
@I [HLS-100] Command 'ap_source' returned 0; elapsed 0.08Total elapsed time: 2.584 sec.
@I [HLS-100] Command 'ap_source' returned 0; elapsed 0.08Total elapsed time: 2.584 sec.
@I [HLS-100] Command "source /home/vivado/Vivado_HLS/2016.2/common/technology/xilinx/artix7/artix7_fpv6.gen "
@I [HLS-100] Command "source /home/vivado/Vivado_HLS/2016.2/common/technology/xilinx/common/xilinx_fpv6.gen "
@I [HLS-100] Command 'ap_source' returned 0; elapsed 0Total elapsed time: 2.585 sec.
@I [HLS-100] Command 'ap_source' returned 0; elapsed 0Total elapsed time: 2.585 sec.
@I [HLS-100] Command "source /root/root_explo/solution1/.autopilot/db/global.setting.tcl "
@I [HLS-100] Command 'ap_source' returned 0; elapsed 0Total elapsed time: 2.585 sec.
@I [HLS-100] Command "source /root/root_explo/solution1/.autopilot/db/global.setting.tcl "
@I [HLS-100] Command 'ap_source' returned 0; elapsed 0Total elapsed time: 2.585 sec.
@I [HLS-100] Command "source /root/root_explo/solution1/.autopilot/db/global.setting.tcl "
@I [HLS-100] Command 'ap_source' returned 0; elapsed 0Total elapsed time: 2.586 sec.
@I [HLS-100] Command "source /root/root_explo/solution1/.autopilot/db/global.setting.tcl "
@I [HLS-100] Command 'ap_source' returned 0; elapsed 0Total elapsed time: 2.586 sec.
@I [HLS-100] Command "source /root/root_explo/solution1/.autopilot/db/Square_root_dup.compgen.tcl "
@I [RTMG-282] Generating pipelined core: 'Square_root_srem_51ns_5ns_5_55_seq_div'
@I [RTMG-282] Generating pipelined core: 'Square_root_mul_54ns_51s_105_5_Mul5S_0'
@I [RTMG-278] Implementing memory 'Square_root_dup_arr_ram' using distributed RAMs.
@I [HLS-100] Command 'ap_source' returned 0; elapsed 0.03Total elapsed time: 2.616 sec.
@I [HLS-100] Command "source /root/root_explo/solution1/.autopilot/db/Square_root.compgen.tcl "
@I [RTMG-282] Generating pipelined core: 'Square_root_mul_32s_34ns_65_3_Mul3S_0'
@I [RTMG-282] Generating pipelined core: 'Square_root_srem_32ns_5ns_6_36_seq_div'
@I [RTMG-282] Generating pipelined core: 'Square_root_mul_34ns_32s_65_3_Mul3S_1'
@I [RTMG-282] Generating pipelined core: 'Square_root_sdiv_17s_6ns_17_21_seq_div'
@I [RTMG-282] Generating pipelined core: 'Square_root_udiv_32ns_5ns_32_36_seq_div'
@I [RTMG-278] Implementing memory 'Square_root_remy_ram' using distributed RAMs.
@I [RTMG-278] Implementing memory 'Square_root_h_ram' using block RAMs.
@I [HLS-100] Command 'ap_source' returned 0; elapsed 0.06Total elapsed time: 2.681 sec.
@I [HLS-10] Finished generating all RTL models.
@0 [HLS-0] Finished generating all RTL models.
@I [SYSC-301] Generating SystemC RTL for Square_root.
@I [VHDL-304] Generating VHDL RTL for Square_root.
@I [VLOG-307] Generating Verilog RTL for Square_root.
@I [HLS-100] Command 'autosyn' returned 0; elapsed 1.07Total elapsed time: 2.692 sec.
@I [HLS-100] Command 'csynth_design' returned 0; elapsed 1.57Total elapsed time: 2.692 sec.
@I [HLS-100] Command 'ap_source' returned 0; elapsed 1.7Total elapsed time: 2.692 sec.
@I [HLS-100] Command "cleanup_all "
@I [HLS-100] Command 'cleanup_all' returned 0; elapsed 0Total elapsed time: 2.698 sec.
